[ 2018-11-27T21:51:52+08:00 ] 127.0.0.1 /secondhand/
INFO: [ app_init ] --START--
INFO: Run Behavior\BuildLiteBehavior [ RunTime:0.000178s ]
INFO: [ app_init ] --END-- [ RunTime:0.029773s ]
INFO: [ app_begin ] --START--
INFO: Run Behavior\ReadHtmlCacheBehavior [ RunTime:0.012797s ]
INFO: [ app_begin ] --END-- [ RunTime:0.013936s ]
INFO: [ view_parse ] --START--
INFO: [ template_filter ] --START--
INFO: Run Behavior\ContentReplaceBehavior [ RunTime:0.042635s ]
INFO: [ template_filter ] --END-- [ RunTime:0.045017s ]
INFO: Run Behavior\ParseTemplateBehavior [ RunTime:0.174225s ]
INFO: [ view_parse ] --END-- [ RunTime:0.175743s ]
INFO: [ view_filter ] --START--
INFO: Run Behavior\WriteHtmlCacheBehavior [ RunTime:0.033600s ]
INFO: [ view_filter ] --END-- [ RunTime:0.034895s ]
INFO: [ app_end ] --START--
INFO: Run Behavior\ShowPageTraceBehavior [ RunTime:0.018141s ]
INFO: [ app_end ] --END-- [ RunTime:0.019489s ]

[ 2018-11-27T21:51:54+08:00 ] 127.0.0.1 /secondhand/Home/Login/captcha.html?0.951551699133971
INFO: [ app_init ] --START--
INFO: Run Behavior\BuildLiteBehavior [ RunTime:0.000300s ]
INFO: [ app_init ] --END-- [ RunTime:0.005437s ]
INFO: [ app_begin ] --START--
INFO: Run Behavior\ReadHtmlCacheBehavior [ RunTime:0.001198s ]
INFO: [ app_begin ] --END-- [ RunTime:0.002311s ]
INFO: [ app_end ] --START--
INFO: Run Behavior\ShowPageTraceBehavior [ RunTime:0.002819s ]
INFO: [ app_end ] --END-- [ RunTime:0.005045s ]

