[ 2018-11-21T19:11:31+08:00 ] 127.0.0.1 /SecondHand/Uploads/face/120181025100817_418.jpg
INFO: [ app_init ] --START--
INFO: Run Behavior\BuildLiteBehavior [ RunTime:0.000030s ]
INFO: [ app_init ] --END-- [ RunTime:0.001011s ]
ERR: 无法加载模块:Uploads

[ 2018-11-21T19:11:32+08:00 ] 127.0.0.1 /SecondHand/Uploads/face/120181106113211_213.jpg
INFO: [ app_init ] --START--
INFO: Run Behavior\BuildLiteBehavior [ RunTime:0.000043s ]
INFO: [ app_init ] --END-- [ RunTime:0.002693s ]
ERR: 无法加载模块:Uploads

[ 2018-11-21T19:11:32+08:00 ] 127.0.0.1 /SecondHand/Uploads/face/120181106113144_752.jpg
INFO: [ app_init ] --START--
INFO: Run Behavior\BuildLiteBehavior [ RunTime:0.000037s ]
INFO: [ app_init ] --END-- [ RunTime:0.001733s ]
ERR: 无法加载模块:Uploads

[ 2018-11-21T19:11:32+08:00 ] 127.0.0.1 /SecondHand/Uploads/face/120181110234242_241.jpg
INFO: [ app_init ] --START--
INFO: Run Behavior\BuildLiteBehavior [ RunTime:0.000075s ]
INFO: [ app_init ] --END-- [ RunTime:0.001462s ]
ERR: 无法加载模块:Uploads

[ 2018-11-21T19:11:32+08:00 ] 127.0.0.1 /SecondHand/Uploads/face/120181106113106_359.jpg
INFO: [ app_init ] --START--
INFO: Run Behavior\BuildLiteBehavior [ RunTime:0.000046s ]
INFO: [ app_init ] --END-- [ RunTime:0.001255s ]
ERR: 无法加载模块:Uploads

[ 2018-11-21T19:11:32+08:00 ] 127.0.0.1 /SecondHand/Uploads/face/120181106113032_206.jpg
INFO: [ app_init ] --START--
INFO: Run Behavior\BuildLiteBehavior [ RunTime:0.000036s ]
INFO: [ app_init ] --END-- [ RunTime:0.001155s ]
ERR: 无法加载模块:Uploads

[ 2018-11-21T19:12:13+08:00 ] 127.0.0.1 /SecondHand/Uploads/face/120181110234242_241.jpg
INFO: [ app_init ] --START--
INFO: Run Behavior\BuildLiteBehavior [ RunTime:0.000093s ]
INFO: [ app_init ] --END-- [ RunTime:0.001695s ]
ERR: 无法加载模块:Uploads

[ 2018-11-21T19:12:29+08:00 ] 127.0.0.1 /SecondHand/Uploads/face/120181025100817_418.jpg
INFO: [ app_init ] --START--
INFO: Run Behavior\BuildLiteBehavior [ RunTime:0.000105s ]
INFO: [ app_init ] --END-- [ RunTime:0.001289s ]
ERR: 无法加载模块:Uploads

[ 2018-11-21T19:12:29+08:00 ] 127.0.0.1 /SecondHand/Uploads/face/120181110234242_241.jpg
INFO: [ app_init ] --START--
INFO: Run Behavior\BuildLiteBehavior [ RunTime:0.000038s ]
INFO: [ app_init ] --END-- [ RunTime:0.001168s ]
ERR: 无法加载模块:Uploads

[ 2018-11-21T19:12:29+08:00 ] 127.0.0.1 /SecondHand/Uploads/face/120181106113106_359.jpg
INFO: [ app_init ] --START--
INFO: Run Behavior\BuildLiteBehavior [ RunTime:0.000142s ]
INFO: [ app_init ] --END-- [ RunTime:0.001303s ]
ERR: 无法加载模块:Uploads

[ 2018-11-21T19:12:29+08:00 ] 127.0.0.1 /SecondHand/Uploads/face/120181106113211_213.jpg
INFO: [ app_init ] --START--
INFO: Run Behavior\BuildLiteBehavior [ RunTime:0.000049s ]
INFO: [ app_init ] --END-- [ RunTime:0.001340s ]
ERR: 无法加载模块:Uploads

[ 2018-11-21T19:12:30+08:00 ] 127.0.0.1 /SecondHand/Uploads/face/120181106113032_206.jpg
INFO: [ app_init ] --START--
INFO: Run Behavior\BuildLiteBehavior [ RunTime:0.000041s ]
INFO: [ app_init ] --END-- [ RunTime:0.001117s ]
ERR: 无法加载模块:Uploads

[ 2018-11-21T19:12:30+08:00 ] 127.0.0.1 /SecondHand/Uploads/face/120181106113144_752.jpg
INFO: [ app_init ] --START--
INFO: Run Behavior\BuildLiteBehavior [ RunTime:0.000048s ]
INFO: [ app_init ] --END-- [ RunTime:0.001937s ]
ERR: 无法加载模块:Uploads

[ 2018-11-21T19:14:42+08:00 ] 127.0.0.1 /SecondHand/Uploads/face/120181110234242_241.jpg
INFO: [ app_init ] --START--
INFO: Run Behavior\BuildLiteBehavior [ RunTime:0.000067s ]
INFO: [ app_init ] --END-- [ RunTime:0.001362s ]
ERR: 无法加载模块:Uploads

[ 2018-11-21T19:14:44+08:00 ] 127.0.0.1 /SecondHand/Uploads/img/120181110234242_241.jpg
INFO: [ app_init ] --START--
INFO: Run Behavior\BuildLiteBehavior [ RunTime:0.000040s ]
INFO: [ app_init ] --END-- [ RunTime:0.001186s ]
ERR: 无法加载模块:Uploads

[ 2018-11-21T19:14:48+08:00 ] 127.0.0.1 /SecondHand/Uploads/img/120181025091526_764.jpg
INFO: [ app_init ] --START--
INFO: Run Behavior\BuildLiteBehavior [ RunTime:0.000110s ]
INFO: [ app_init ] --END-- [ RunTime:0.001493s ]
ERR: 无法加载模块:Uploads

[ 2018-11-21T19:14:48+08:00 ] 127.0.0.1 /SecondHand/Uploads/img/120181025113211_747.jpg
INFO: [ app_init ] --START--
INFO: Run Behavior\BuildLiteBehavior [ RunTime:0.000042s ]
INFO: [ app_init ] --END-- [ RunTime:0.001355s ]
ERR: 无法加载模块:Uploads

[ 2018-11-21T19:14:48+08:00 ] 127.0.0.1 /SecondHand/Uploads/img/120181110234242_241.jpg
INFO: [ app_init ] --START--
INFO: Run Behavior\BuildLiteBehavior [ RunTime:0.000061s ]
INFO: [ app_init ] --END-- [ RunTime:0.001520s ]
ERR: 无法加载模块:Uploads

[ 2018-11-21T19:16:54+08:00 ] 127.0.0.1 /secondhand/Public/admin/js/jquery.form.min.js.map
INFO: [ app_init ] --START--
INFO: Run Behavior\BuildLiteBehavior [ RunTime:0.000039s ]
INFO: [ app_init ] --END-- [ RunTime:0.001208s ]
ERR: 无法加载模块:Public

[ 2018-11-21T19:43:40+08:00 ] 127.0.0.1 /SecondHand/Uploads/face/120181110234242_241.jpg
INFO: [ app_init ] --START--
INFO: Run Behavior\BuildLiteBehavior [ RunTime:0.000038s ]
INFO: [ app_init ] --END-- [ RunTime:0.001292s ]
ERR: 无法加载模块:Uploads

[ 2018-11-21T19:43:41+08:00 ] 127.0.0.1 /SecondHand/Uploads/face/120181025100817_418.jpg
INFO: [ app_init ] --START--
INFO: Run Behavior\BuildLiteBehavior [ RunTime:0.000040s ]
INFO: [ app_init ] --END-- [ RunTime:0.001105s ]
ERR: 无法加载模块:Uploads

[ 2018-11-21T19:43:41+08:00 ] 127.0.0.1 /SecondHand/Uploads/face/120181106113106_359.jpg
INFO: [ app_init ] --START--
INFO: Run Behavior\BuildLiteBehavior [ RunTime:0.000075s ]
INFO: [ app_init ] --END-- [ RunTime:0.001448s ]
ERR: 无法加载模块:Uploads

[ 2018-11-21T19:43:41+08:00 ] 127.0.0.1 /SecondHand/Uploads/face/120181106113032_206.jpg
INFO: [ app_init ] --START--
INFO: Run Behavior\BuildLiteBehavior [ RunTime:0.000042s ]
INFO: [ app_init ] --END-- [ RunTime:0.001290s ]
ERR: 无法加载模块:Uploads

[ 2018-11-21T19:43:41+08:00 ] 127.0.0.1 /SecondHand/Uploads/face/120181106113211_213.jpg
INFO: [ app_init ] --START--
INFO: Run Behavior\BuildLiteBehavior [ RunTime:0.000068s ]
INFO: [ app_init ] --END-- [ RunTime:0.001393s ]
ERR: 无法加载模块:Uploads

[ 2018-11-21T19:43:41+08:00 ] 127.0.0.1 /SecondHand/Uploads/face/120181106113144_752.jpg
INFO: [ app_init ] --START--
INFO: Run Behavior\BuildLiteBehavior [ RunTime:0.000045s ]
INFO: [ app_init ] --END-- [ RunTime:0.001879s ]
ERR: 无法加载模块:Uploads

[ 2018-11-21T19:43:41+08:00 ] 127.0.0.1 /SecondHand/Uploads/face/120181110234242_241.jpg
INFO: [ app_init ] --START--
INFO: Run Behavior\BuildLiteBehavior [ RunTime:0.000087s ]
INFO: [ app_init ] --END-- [ RunTime:0.002398s ]
ERR: 无法加载模块:Uploads

