[ 2018-11-11T01:03:25+08:00 ] ::1 /xm/Public/ModalBoxes/css/images/bg.gif
INFO: [ app_init ] --START--
INFO: Run Behavior\BuildLiteBehavior [ RunTime:0.000021s ]
INFO: [ app_init ] --END-- [ RunTime:0.000588s ]
ERR: 无法加载模块:Public

[ 2018-11-11T01:06:11+08:00 ] ::1 /xm/Public/ModalBoxes/css/images/bg.gif
INFO: [ app_init ] --START--
INFO: Run Behavior\BuildLiteBehavior [ RunTime:0.000022s ]
INFO: [ app_init ] --END-- [ RunTime:0.000647s ]
ERR: 无法加载模块:Public

[ 2018-11-11T08:17:50+08:00 ] ::1 /xm/Public/ModalBoxes/css/images/bg.gif
INFO: [ app_init ] --START--
INFO: Run Behavior\BuildLiteBehavior [ RunTime:0.000035s ]
INFO: [ app_init ] --END-- [ RunTime:0.000916s ]
ERR: 无法加载模块:Public

[ 2018-11-11T08:19:29+08:00 ] ::1 /SecondHand/Public/ModalBoxes/css/images/bg.gif
INFO: [ app_init ] --START--
INFO: Run Behavior\BuildLiteBehavior [ RunTime:0.000021s ]
INFO: [ app_init ] --END-- [ RunTime:0.000654s ]
ERR: 无法加载模块:Public

[ 2018-11-11T08:19:37+08:00 ] ::1 /SecondHand/uploads/947df27b-de75-2879-8c32-fa13f08e/5be139d3872b9.jpg
INFO: [ app_init ] --START--
INFO: Run Behavior\BuildLiteBehavior [ RunTime:0.000020s ]
INFO: [ app_init ] --END-- [ RunTime:0.000470s ]
ERR: 无法加载模块:Uploads

[ 2018-11-11T08:20:40+08:00 ] ::1 /SecondHand/Public/ModalBoxes/css/images/bg.gif
INFO: [ app_init ] --START--
INFO: Run Behavior\BuildLiteBehavior [ RunTime:0.000022s ]
INFO: [ app_init ] --END-- [ RunTime:0.000620s ]
ERR: 无法加载模块:Public

[ 2018-11-11T08:21:16+08:00 ] ::1 /SecondHand/Public/ModalBoxes/css/images/bg.gif
INFO: [ app_init ] --START--
INFO: Run Behavior\BuildLiteBehavior [ RunTime:0.000026s ]
INFO: [ app_init ] --END-- [ RunTime:0.000764s ]
ERR: 无法加载模块:Public

[ 2018-11-11T08:26:12+08:00 ] ::1 /SecondHand/Public/ModalBoxes/css/images/bg.gif
INFO: [ app_init ] --START--
INFO: Run Behavior\BuildLiteBehavior [ RunTime:0.000022s ]
INFO: [ app_init ] --END-- [ RunTime:0.000671s ]
ERR: 无法加载模块:Public

[ 2018-11-11T10:28:18+08:00 ] 127.0.0.1 /SecondHand/Public/ModalBoxes/css/images/bg.gif
INFO: [ app_init ] --START--
INFO: Run Behavior\BuildLiteBehavior [ RunTime:0.000024s ]
INFO: [ app_init ] --END-- [ RunTime:0.000694s ]
ERR: 无法加载模块:Public

[ 2018-11-11T13:47:22+08:00 ] ::1 /SecondHand/Public/ModalBoxes/css/images/bg.gif
INFO: [ app_init ] --START--
INFO: Run Behavior\BuildLiteBehavior [ RunTime:0.000064s ]
INFO: [ app_init ] --END-- [ RunTime:0.002593s ]
ERR: 无法加载模块:Public

[ 2018-11-11T14:41:22+08:00 ] 127.0.0.1 /SecondHand/Uploads/face/120181110234242_241.jpg
INFO: [ app_init ] --START--
INFO: Run Behavior\BuildLiteBehavior [ RunTime:0.000072s ]
INFO: [ app_init ] --END-- [ RunTime:0.001241s ]
ERR: 无法加载模块:Uploads

[ 2018-11-11T14:41:22+08:00 ] 127.0.0.1 /SecondHand/Uploads/face/120181106113211_213.jpg
INFO: [ app_init ] --START--
INFO: Run Behavior\BuildLiteBehavior [ RunTime:0.000088s ]
INFO: [ app_init ] --END-- [ RunTime:0.001520s ]
ERR: 无法加载模块:Uploads

[ 2018-11-11T14:41:22+08:00 ] 127.0.0.1 /SecondHand/Uploads/face/120181106113032_206.jpg
INFO: [ app_init ] --START--
INFO: Run Behavior\BuildLiteBehavior [ RunTime:0.000049s ]
INFO: [ app_init ] --END-- [ RunTime:0.001366s ]
ERR: 无法加载模块:Uploads

[ 2018-11-11T14:41:22+08:00 ] 127.0.0.1 /SecondHand/Uploads/face/120181106113106_359.jpg
INFO: [ app_init ] --START--
INFO: Run Behavior\BuildLiteBehavior [ RunTime:0.000413s ]
INFO: [ app_init ] --END-- [ RunTime:0.001940s ]
ERR: 无法加载模块:Uploads

[ 2018-11-11T14:41:22+08:00 ] 127.0.0.1 /SecondHand/Uploads/face/120181106113144_752.jpg
INFO: [ app_init ] --START--
INFO: Run Behavior\BuildLiteBehavior [ RunTime:0.000054s ]
INFO: [ app_init ] --END-- [ RunTime:0.001691s ]
ERR: 无法加载模块:Uploads

[ 2018-11-11T14:41:25+08:00 ] 127.0.0.1 /SecondHand/Uploads/face/120181110234242_241.jpg
INFO: [ app_init ] --START--
INFO: Run Behavior\BuildLiteBehavior [ RunTime:0.000039s ]
INFO: [ app_init ] --END-- [ RunTime:0.001001s ]
ERR: 无法加载模块:Uploads

[ 2018-11-11T14:41:25+08:00 ] 127.0.0.1 /SecondHand/Uploads/face/120181106113106_359.jpg
INFO: [ app_init ] --START--
INFO: Run Behavior\BuildLiteBehavior [ RunTime:0.000034s ]
INFO: [ app_init ] --END-- [ RunTime:0.001042s ]
ERR: 无法加载模块:Uploads

[ 2018-11-11T14:41:25+08:00 ] 127.0.0.1 /SecondHand/Uploads/face/120181106113211_213.jpg
INFO: [ app_init ] --START--
INFO: Run Behavior\BuildLiteBehavior [ RunTime:0.000044s ]
INFO: [ app_init ] --END-- [ RunTime:0.001317s ]
ERR: 无法加载模块:Uploads

[ 2018-11-11T14:41:25+08:00 ] 127.0.0.1 /SecondHand/Uploads/face/120181106113032_206.jpg
INFO: [ app_init ] --START--
INFO: Run Behavior\BuildLiteBehavior [ RunTime:0.000039s ]
INFO: [ app_init ] --END-- [ RunTime:0.001446s ]
ERR: 无法加载模块:Uploads

[ 2018-11-11T14:41:25+08:00 ] 127.0.0.1 /SecondHand/Uploads/face/120181106113144_752.jpg
INFO: [ app_init ] --START--
INFO: Run Behavior\BuildLiteBehavior [ RunTime:0.000027s ]
INFO: [ app_init ] --END-- [ RunTime:0.001044s ]
ERR: 无法加载模块:Uploads

[ 2018-11-11T14:41:32+08:00 ] 127.0.0.1 /SecondHand/Uploads/face/120181110234242_241.jpg
INFO: [ app_init ] --START--
INFO: Run Behavior\BuildLiteBehavior [ RunTime:0.000045s ]
INFO: [ app_init ] --END-- [ RunTime:0.001219s ]
ERR: 无法加载模块:Uploads

[ 2018-11-11T14:41:35+08:00 ] 127.0.0.1 /SecondHand/Uploads/face/120181106113106_359.jpg
INFO: [ app_init ] --START--
INFO: Run Behavior\BuildLiteBehavior [ RunTime:0.000049s ]
INFO: [ app_init ] --END-- [ RunTime:0.000960s ]
ERR: 无法加载模块:Uploads

[ 2018-11-11T14:41:35+08:00 ] 127.0.0.1 /SecondHand/Uploads/face/120181106113144_752.jpg
INFO: [ app_init ] --START--
INFO: Run Behavior\BuildLiteBehavior [ RunTime:0.000036s ]
INFO: [ app_init ] --END-- [ RunTime:0.000938s ]
ERR: 无法加载模块:Uploads

[ 2018-11-11T14:41:35+08:00 ] 127.0.0.1 /SecondHand/Uploads/face/120181110234242_241.jpg
INFO: [ app_init ] --START--
INFO: Run Behavior\BuildLiteBehavior [ RunTime:0.000035s ]
INFO: [ app_init ] --END-- [ RunTime:0.001154s ]
ERR: 无法加载模块:Uploads

[ 2018-11-11T14:41:35+08:00 ] 127.0.0.1 /SecondHand/Uploads/face/120181106113032_206.jpg
INFO: [ app_init ] --START--
INFO: Run Behavior\BuildLiteBehavior [ RunTime:0.000038s ]
INFO: [ app_init ] --END-- [ RunTime:0.005504s ]
ERR: 无法加载模块:Uploads

[ 2018-11-11T14:41:35+08:00 ] 127.0.0.1 /SecondHand/Uploads/face/120181106113211_213.jpg
INFO: [ app_init ] --START--
INFO: Run Behavior\BuildLiteBehavior [ RunTime:0.000049s ]
INFO: [ app_init ] --END-- [ RunTime:0.001214s ]
ERR: 无法加载模块:Uploads

[ 2018-11-11T14:41:37+08:00 ] 127.0.0.1 /SecondHand/Uploads/img/120181110234242_241.jpg
INFO: [ app_init ] --START--
INFO: Run Behavior\BuildLiteBehavior [ RunTime:0.000021s ]
INFO: [ app_init ] --END-- [ RunTime:0.000666s ]
ERR: 无法加载模块:Uploads

[ 2018-11-11T14:41:41+08:00 ] 127.0.0.1 /SecondHand/Uploads/img/120181110234242_241.jpg
INFO: [ app_init ] --START--
INFO: Run Behavior\BuildLiteBehavior [ RunTime:0.000023s ]
INFO: [ app_init ] --END-- [ RunTime:0.000724s ]
ERR: 无法加载模块:Uploads

[ 2018-11-11T14:41:56+08:00 ] 127.0.0.1 /SecondHand/Uploads/face/120181106113211_213.jpg
INFO: [ app_init ] --START--
INFO: Run Behavior\BuildLiteBehavior [ RunTime:0.000035s ]
INFO: [ app_init ] --END-- [ RunTime:0.000983s ]
ERR: 无法加载模块:Uploads

[ 2018-11-11T14:41:56+08:00 ] 127.0.0.1 /SecondHand/Uploads/face/120181106113106_359.jpg
INFO: [ app_init ] --START--
INFO: Run Behavior\BuildLiteBehavior [ RunTime:0.000065s ]
INFO: [ app_init ] --END-- [ RunTime:0.001148s ]
ERR: 无法加载模块:Uploads

[ 2018-11-11T14:41:56+08:00 ] 127.0.0.1 /SecondHand/Uploads/face/120181106113032_206.jpg
INFO: [ app_init ] --START--
INFO: Run Behavior\BuildLiteBehavior [ RunTime:0.000063s ]
INFO: [ app_init ] --END-- [ RunTime:0.001108s ]
ERR: 无法加载模块:Uploads

[ 2018-11-11T14:41:56+08:00 ] 127.0.0.1 /SecondHand/Uploads/face/120181106113144_752.jpg
INFO: [ app_init ] --START--
INFO: Run Behavior\BuildLiteBehavior [ RunTime:0.000042s ]
INFO: [ app_init ] --END-- [ RunTime:0.002477s ]
ERR: 无法加载模块:Uploads

[ 2018-11-11T14:41:56+08:00 ] 127.0.0.1 /SecondHand/Uploads/face/120181110234242_241.jpg
INFO: [ app_init ] --START--
INFO: Run Behavior\BuildLiteBehavior [ RunTime:0.000049s ]
INFO: [ app_init ] --END-- [ RunTime:0.001448s ]
ERR: 无法加载模块:Uploads

[ 2018-11-11T14:41:58+08:00 ] 127.0.0.1 /SecondHand/Uploads/face/120181110234242_241.jpg
INFO: [ app_init ] --START--
INFO: Run Behavior\BuildLiteBehavior [ RunTime:0.000028s ]
INFO: [ app_init ] --END-- [ RunTime:0.000860s ]
ERR: 无法加载模块:Uploads

[ 2018-11-11T14:41:59+08:00 ] 127.0.0.1 /SecondHand/Uploads/img/120181110234242_241.jpg
INFO: [ app_init ] --START--
INFO: Run Behavior\BuildLiteBehavior [ RunTime:0.000070s ]
INFO: [ app_init ] --END-- [ RunTime:0.001207s ]
ERR: 无法加载模块:Uploads

[ 2018-11-11T14:42:54+08:00 ] 127.0.0.1 /SecondHand/Uploads/face/120181110234242_241.jpg
INFO: [ app_init ] --START--
INFO: Run Behavior\BuildLiteBehavior [ RunTime:0.000061s ]
INFO: [ app_init ] --END-- [ RunTime:0.001290s ]
ERR: 无法加载模块:Uploads

[ 2018-11-11T14:42:54+08:00 ] 127.0.0.1 /SecondHand/Uploads/face/120181106113144_752.jpg
INFO: [ app_init ] --START--
INFO: Run Behavior\BuildLiteBehavior [ RunTime:0.000037s ]
INFO: [ app_init ] --END-- [ RunTime:0.001127s ]
ERR: 无法加载模块:Uploads

[ 2018-11-11T14:42:54+08:00 ] 127.0.0.1 /SecondHand/Uploads/face/120181106113106_359.jpg
INFO: [ app_init ] --START--
INFO: Run Behavior\BuildLiteBehavior [ RunTime:0.000165s ]
INFO: [ app_init ] --END-- [ RunTime:0.002965s ]
ERR: 无法加载模块:Uploads

[ 2018-11-11T14:42:54+08:00 ] 127.0.0.1 /SecondHand/Uploads/face/120181106113211_213.jpg
INFO: [ app_init ] --START--
INFO: Run Behavior\BuildLiteBehavior [ RunTime:0.000038s ]
INFO: [ app_init ] --END-- [ RunTime:0.002007s ]
ERR: 无法加载模块:Uploads

[ 2018-11-11T14:42:54+08:00 ] 127.0.0.1 /SecondHand/Uploads/face/120181106113032_206.jpg
INFO: [ app_init ] --START--
INFO: Run Behavior\BuildLiteBehavior [ RunTime:0.000024s ]
INFO: [ app_init ] --END-- [ RunTime:0.000855s ]
ERR: 无法加载模块:Uploads

[ 2018-11-11T14:43:02+08:00 ] 127.0.0.1 /SecondHand/Uploads/face/120181110234242_241.jpg
INFO: [ app_init ] --START--
INFO: Run Behavior\BuildLiteBehavior [ RunTime:0.000046s ]
INFO: [ app_init ] --END-- [ RunTime:0.001280s ]
ERR: 无法加载模块:Uploads

[ 2018-11-11T14:43:04+08:00 ] 127.0.0.1 /SecondHand/Uploads/img/120181110234242_241.jpg
INFO: [ app_init ] --START--
INFO: Run Behavior\BuildLiteBehavior [ RunTime:0.000031s ]
INFO: [ app_init ] --END-- [ RunTime:0.000831s ]
ERR: 无法加载模块:Uploads

[ 2018-11-11T14:43:14+08:00 ] 127.0.0.1 /SecondHand/Uploads/img/120181110234242_241.jpg
INFO: [ app_init ] --START--
INFO: Run Behavior\BuildLiteBehavior [ RunTime:0.000022s ]
INFO: [ app_init ] --END-- [ RunTime:0.000742s ]
ERR: 无法加载模块:Uploads

[ 2018-11-11T14:45:19+08:00 ] 127.0.0.1 /SecondHand/Uploads/img/120181110234242_241.jpg
INFO: [ app_init ] --START--
INFO: Run Behavior\BuildLiteBehavior [ RunTime:0.000025s ]
INFO: [ app_init ] --END-- [ RunTime:0.000736s ]
ERR: 无法加载模块:Uploads

[ 2018-11-11T14:45:22+08:00 ] 127.0.0.1 /SecondHand/Uploads/img/120181110234242_241.jpg
INFO: [ app_init ] --START--
INFO: Run Behavior\BuildLiteBehavior [ RunTime:0.000053s ]
INFO: [ app_init ] --END-- [ RunTime:0.003078s ]
ERR: 无法加载模块:Uploads

[ 2018-11-11T14:45:43+08:00 ] 127.0.0.1 /SecondHand/Uploads/img/120181110234242_241.jpg
INFO: [ app_init ] --START--
INFO: Run Behavior\BuildLiteBehavior [ RunTime:0.000021s ]
INFO: [ app_init ] --END-- [ RunTime:0.000665s ]
ERR: 无法加载模块:Uploads

[ 2018-11-11T14:45:52+08:00 ] 127.0.0.1 /SecondHand/Uploads/face/120181106113211_213.jpg
INFO: [ app_init ] --START--
INFO: Run Behavior\BuildLiteBehavior [ RunTime:0.000036s ]
INFO: [ app_init ] --END-- [ RunTime:0.001945s ]
ERR: 无法加载模块:Uploads

[ 2018-11-11T14:45:52+08:00 ] 127.0.0.1 /SecondHand/Uploads/face/120181110234242_241.jpg
INFO: [ app_init ] --START--
INFO: Run Behavior\BuildLiteBehavior [ RunTime:0.000031s ]
INFO: [ app_init ] --END-- [ RunTime:0.001280s ]
ERR: 无法加载模块:Uploads

[ 2018-11-11T14:45:52+08:00 ] 127.0.0.1 /SecondHand/Uploads/face/120181106113144_752.jpg
INFO: [ app_init ] --START--
INFO: Run Behavior\BuildLiteBehavior [ RunTime:0.000082s ]
INFO: [ app_init ] --END-- [ RunTime:0.001206s ]
ERR: 无法加载模块:Uploads

[ 2018-11-11T14:45:52+08:00 ] 127.0.0.1 /SecondHand/Uploads/face/120181106113032_206.jpg
INFO: [ app_init ] --START--
INFO: Run Behavior\BuildLiteBehavior [ RunTime:0.000035s ]
INFO: [ app_init ] --END-- [ RunTime:0.001449s ]
ERR: 无法加载模块:Uploads

[ 2018-11-11T14:45:52+08:00 ] 127.0.0.1 /SecondHand/Uploads/face/120181106113106_359.jpg
INFO: [ app_init ] --START--
INFO: Run Behavior\BuildLiteBehavior [ RunTime:0.000086s ]
INFO: [ app_init ] --END-- [ RunTime:0.001560s ]
ERR: 无法加载模块:Uploads

[ 2018-11-11T14:46:43+08:00 ] 127.0.0.1 /SecondHand/Uploads/face/120181106113211_213.jpg
INFO: [ app_init ] --START--
INFO: Run Behavior\BuildLiteBehavior [ RunTime:0.000033s ]
INFO: [ app_init ] --END-- [ RunTime:0.000917s ]
ERR: 无法加载模块:Uploads

[ 2018-11-11T14:46:43+08:00 ] 127.0.0.1 /SecondHand/Uploads/face/120181110234242_241.jpg
INFO: [ app_init ] --START--
INFO: Run Behavior\BuildLiteBehavior [ RunTime:0.000037s ]
INFO: [ app_init ] --END-- [ RunTime:0.001218s ]
ERR: 无法加载模块:Uploads

[ 2018-11-11T14:46:43+08:00 ] 127.0.0.1 /SecondHand/Uploads/face/120181106113106_359.jpg
INFO: [ app_init ] --START--
INFO: Run Behavior\BuildLiteBehavior [ RunTime:0.000082s ]
INFO: [ app_init ] --END-- [ RunTime:0.001333s ]
ERR: 无法加载模块:Uploads

[ 2018-11-11T14:46:43+08:00 ] 127.0.0.1 /SecondHand/Uploads/face/120181106113032_206.jpg
INFO: [ app_init ] --START--
INFO: Run Behavior\BuildLiteBehavior [ RunTime:0.000037s ]
INFO: [ app_init ] --END-- [ RunTime:0.002099s ]
ERR: 无法加载模块:Uploads

[ 2018-11-11T14:46:43+08:00 ] 127.0.0.1 /SecondHand/Uploads/face/120181106113144_752.jpg
INFO: [ app_init ] --START--
INFO: Run Behavior\BuildLiteBehavior [ RunTime:0.000082s ]
INFO: [ app_init ] --END-- [ RunTime:0.001705s ]
ERR: 无法加载模块:Uploads

[ 2018-11-11T14:46:46+08:00 ] 127.0.0.1 /SecondHand/Uploads/img/120181110234242_241.jpg
INFO: [ app_init ] --START--
INFO: Run Behavior\BuildLiteBehavior [ RunTime:0.000091s ]
INFO: [ app_init ] --END-- [ RunTime:0.001544s ]
ERR: 无法加载模块:Uploads

[ 2018-11-11T14:46:50+08:00 ] 127.0.0.1 /SecondHand/Uploads/img/120181110234242_241.jpg
INFO: [ app_init ] --START--
INFO: Run Behavior\BuildLiteBehavior [ RunTime:0.000041s ]
INFO: [ app_init ] --END-- [ RunTime:0.001047s ]
ERR: 无法加载模块:Uploads

[ 2018-11-11T14:47:12+08:00 ] 127.0.0.1 /SecondHand/Uploads/img/120181110234242_241.jpg
INFO: [ app_init ] --START--
INFO: Run Behavior\BuildLiteBehavior [ RunTime:0.000022s ]
INFO: [ app_init ] --END-- [ RunTime:0.000689s ]
ERR: 无法加载模块:Uploads

[ 2018-11-11T14:47:14+08:00 ] 127.0.0.1 /SecondHand/Uploads/face/120181106113211_213.jpg
INFO: [ app_init ] --START--
INFO: Run Behavior\BuildLiteBehavior [ RunTime:0.000083s ]
INFO: [ app_init ] --END-- [ RunTime:0.001515s ]
ERR: 无法加载模块:Uploads

[ 2018-11-11T14:47:14+08:00 ] 127.0.0.1 /SecondHand/Uploads/face/120181110234242_241.jpg
INFO: [ app_init ] --START--
INFO: Run Behavior\BuildLiteBehavior [ RunTime:0.000033s ]
INFO: [ app_init ] --END-- [ RunTime:0.000985s ]
ERR: 无法加载模块:Uploads

[ 2018-11-11T14:47:14+08:00 ] 127.0.0.1 /SecondHand/Uploads/face/120181106113106_359.jpg
INFO: [ app_init ] --START--
INFO: Run Behavior\BuildLiteBehavior [ RunTime:0.000055s ]
INFO: [ app_init ] --END-- [ RunTime:0.001186s ]
ERR: 无法加载模块:Uploads

[ 2018-11-11T14:47:14+08:00 ] 127.0.0.1 /SecondHand/Uploads/face/120181106113032_206.jpg
INFO: [ app_init ] --START--
INFO: Run Behavior\BuildLiteBehavior [ RunTime:0.000059s ]
INFO: [ app_init ] --END-- [ RunTime:0.002251s ]
ERR: 无法加载模块:Uploads

[ 2018-11-11T14:47:14+08:00 ] 127.0.0.1 /SecondHand/Uploads/face/120181106113144_752.jpg
INFO: [ app_init ] --START--
INFO: Run Behavior\BuildLiteBehavior [ RunTime:0.000078s ]
INFO: [ app_init ] --END-- [ RunTime:0.002695s ]
ERR: 无法加载模块:Uploads

[ 2018-11-11T14:47:36+08:00 ] 127.0.0.1 /SecondHand/Uploads/face/120181106113211_213.jpg
INFO: [ app_init ] --START--
INFO: Run Behavior\BuildLiteBehavior [ RunTime:0.000066s ]
INFO: [ app_init ] --END-- [ RunTime:0.001128s ]
ERR: 无法加载模块:Uploads

[ 2018-11-11T14:47:36+08:00 ] 127.0.0.1 /SecondHand/Uploads/face/120181106113144_752.jpg
INFO: [ app_init ] --START--
INFO: Run Behavior\BuildLiteBehavior [ RunTime:0.000032s ]
INFO: [ app_init ] --END-- [ RunTime:0.001018s ]
ERR: 无法加载模块:Uploads

[ 2018-11-11T14:47:36+08:00 ] 127.0.0.1 /SecondHand/Uploads/face/120181110234242_241.jpg
INFO: [ app_init ] --START--
INFO: Run Behavior\BuildLiteBehavior [ RunTime:0.000045s ]
INFO: [ app_init ] --END-- [ RunTime:0.001083s ]
ERR: 无法加载模块:Uploads

[ 2018-11-11T14:47:36+08:00 ] 127.0.0.1 /SecondHand/Uploads/face/120181106113106_359.jpg
INFO: [ app_init ] --START--
INFO: Run Behavior\BuildLiteBehavior [ RunTime:0.000039s ]
INFO: [ app_init ] --END-- [ RunTime:0.001238s ]
ERR: 无法加载模块:Uploads

[ 2018-11-11T14:47:36+08:00 ] 127.0.0.1 /SecondHand/Uploads/face/120181106113032_206.jpg
INFO: [ app_init ] --START--
INFO: Run Behavior\BuildLiteBehavior [ RunTime:0.000058s ]
INFO: [ app_init ] --END-- [ RunTime:0.003046s ]
ERR: 无法加载模块:Uploads

[ 2018-11-11T14:47:37+08:00 ] 127.0.0.1 /SecondHand/Uploads/img/120181110234242_241.jpg
INFO: [ app_init ] --START--
INFO: Run Behavior\BuildLiteBehavior [ RunTime:0.000043s ]
INFO: [ app_init ] --END-- [ RunTime:0.001098s ]
ERR: 无法加载模块:Uploads

[ 2018-11-11T14:47:40+08:00 ] 127.0.0.1 /SecondHand/Uploads/img/120181110234242_241.jpg
INFO: [ app_init ] --START--
INFO: Run Behavior\BuildLiteBehavior [ RunTime:0.000050s ]
INFO: [ app_init ] --END-- [ RunTime:0.001112s ]
ERR: 无法加载模块:Uploads

[ 2018-11-11T14:48:39+08:00 ] 127.0.0.1 /SecondHand/Uploads/img/120181025091526_764.jpg
INFO: [ app_init ] --START--
INFO: Run Behavior\BuildLiteBehavior [ RunTime:0.000024s ]
INFO: [ app_init ] --END-- [ RunTime:0.000663s ]
ERR: 无法加载模块:Uploads

[ 2018-11-11T14:48:39+08:00 ] 127.0.0.1 /SecondHand/Uploads/img/120181110234242_241.jpg
INFO: [ app_init ] --START--
INFO: Run Behavior\BuildLiteBehavior [ RunTime:0.000042s ]
INFO: [ app_init ] --END-- [ RunTime:0.001289s ]
ERR: 无法加载模块:Uploads

[ 2018-11-11T14:49:04+08:00 ] 127.0.0.1 /SecondHand/Uploads/face/120181025100817_418.jpg
INFO: [ app_init ] --START--
INFO: Run Behavior\BuildLiteBehavior [ RunTime:0.000703s ]
INFO: [ app_init ] --END-- [ RunTime:0.001842s ]
ERR: 无法加载模块:Uploads

[ 2018-11-11T14:49:04+08:00 ] 127.0.0.1 /SecondHand/Uploads/face/120181110234242_241.jpg
INFO: [ app_init ] --START--
INFO: Run Behavior\BuildLiteBehavior [ RunTime:0.000043s ]
INFO: [ app_init ] --END-- [ RunTime:0.001132s ]
ERR: 无法加载模块:Uploads

[ 2018-11-11T14:49:04+08:00 ] 127.0.0.1 /SecondHand/Uploads/face/120181106113211_213.jpg
INFO: [ app_init ] --START--
INFO: Run Behavior\BuildLiteBehavior [ RunTime:0.000162s ]
INFO: [ app_init ] --END-- [ RunTime:0.003632s ]
ERR: 无法加载模块:Uploads

[ 2018-11-11T14:49:04+08:00 ] 127.0.0.1 /SecondHand/Uploads/face/120181106113144_752.jpg
INFO: [ app_init ] --START--
INFO: Run Behavior\BuildLiteBehavior [ RunTime:0.000050s ]
INFO: [ app_init ] --END-- [ RunTime:0.001106s ]
ERR: 无法加载模块:Uploads

[ 2018-11-11T14:49:04+08:00 ] 127.0.0.1 /SecondHand/Uploads/face/120181106113106_359.jpg
INFO: [ app_init ] --START--
INFO: Run Behavior\BuildLiteBehavior [ RunTime:0.000077s ]
INFO: [ app_init ] --END-- [ RunTime:0.001319s ]
ERR: 无法加载模块:Uploads

[ 2018-11-11T14:49:04+08:00 ] 127.0.0.1 /SecondHand/Uploads/face/120181106113032_206.jpg
INFO: [ app_init ] --START--
INFO: Run Behavior\BuildLiteBehavior [ RunTime:0.000053s ]
INFO: [ app_init ] --END-- [ RunTime:0.001293s ]
ERR: 无法加载模块:Uploads

[ 2018-11-11T14:49:22+08:00 ] 127.0.0.1 /SecondHand/Uploads/face/120181110234242_241.jpg
INFO: [ app_init ] --START--
INFO: Run Behavior\BuildLiteBehavior [ RunTime:0.000066s ]
INFO: [ app_init ] --END-- [ RunTime:0.002493s ]
ERR: 无法加载模块:Uploads

[ 2018-11-11T14:49:25+08:00 ] 127.0.0.1 /SecondHand/Uploads/img/120181025091526_764.jpg
INFO: [ app_init ] --START--
INFO: Run Behavior\BuildLiteBehavior [ RunTime:0.000037s ]
INFO: [ app_init ] --END-- [ RunTime:0.000935s ]
ERR: 无法加载模块:Uploads

[ 2018-11-11T14:49:25+08:00 ] 127.0.0.1 /SecondHand/Uploads/img/120181025113211_747.jpg
INFO: [ app_init ] --START--
INFO: Run Behavior\BuildLiteBehavior [ RunTime:0.000080s ]
INFO: [ app_init ] --END-- [ RunTime:0.001486s ]
ERR: 无法加载模块:Uploads

[ 2018-11-11T14:49:25+08:00 ] 127.0.0.1 /SecondHand/Uploads/img/120181110234242_241.jpg
INFO: [ app_init ] --START--
INFO: Run Behavior\BuildLiteBehavior [ RunTime:0.000042s ]
INFO: [ app_init ] --END-- [ RunTime:0.001108s ]
ERR: 无法加载模块:Uploads

[ 2018-11-11T14:49:31+08:00 ] 127.0.0.1 /SecondHand/Uploads/img/120181025091526_764.jpg
INFO: [ app_init ] --START--
INFO: Run Behavior\BuildLiteBehavior [ RunTime:0.000054s ]
INFO: [ app_init ] --END-- [ RunTime:0.002096s ]
ERR: 无法加载模块:Uploads

[ 2018-11-11T14:49:31+08:00 ] 127.0.0.1 /SecondHand/Uploads/img/120181110234242_241.jpg
INFO: [ app_init ] --START--
INFO: Run Behavior\BuildLiteBehavior [ RunTime:0.000045s ]
INFO: [ app_init ] --END-- [ RunTime:0.001148s ]
ERR: 无法加载模块:Uploads

[ 2018-11-11T14:49:39+08:00 ] 127.0.0.1 /SecondHand/Uploads/img/120181025091526_764.jpg
INFO: [ app_init ] --START--
INFO: Run Behavior\BuildLiteBehavior [ RunTime:0.000065s ]
INFO: [ app_init ] --END-- [ RunTime:0.001192s ]
ERR: 无法加载模块:Uploads

[ 2018-11-11T14:49:39+08:00 ] 127.0.0.1 /SecondHand/Uploads/img/120181110234242_241.jpg
INFO: [ app_init ] --START--
INFO: Run Behavior\BuildLiteBehavior [ RunTime:0.000044s ]
INFO: [ app_init ] --END-- [ RunTime:0.001101s ]
ERR: 无法加载模块:Uploads

[ 2018-11-11T14:58:29+08:00 ] 127.0.0.1 /SecondHand/Uploads/face/120181025100817_418.jpg
INFO: [ app_init ] --START--
INFO: Run Behavior\BuildLiteBehavior [ RunTime:0.000088s ]
INFO: [ app_init ] --END-- [ RunTime:0.001139s ]
ERR: 无法加载模块:Uploads

[ 2018-11-11T14:58:29+08:00 ] 127.0.0.1 /SecondHand/Uploads/face/120181110234242_241.jpg
INFO: [ app_init ] --START--
INFO: Run Behavior\BuildLiteBehavior [ RunTime:0.000039s ]
INFO: [ app_init ] --END-- [ RunTime:0.001914s ]
ERR: 无法加载模块:Uploads

[ 2018-11-11T14:58:29+08:00 ] 127.0.0.1 /SecondHand/Uploads/face/120181106113144_752.jpg
INFO: [ app_init ] --START--
INFO: Run Behavior\BuildLiteBehavior [ RunTime:0.000049s ]
INFO: [ app_init ] --END-- [ RunTime:0.017534s ]
ERR: 无法加载模块:Uploads

[ 2018-11-11T14:58:29+08:00 ] 127.0.0.1 /SecondHand/Uploads/face/120181106113106_359.jpg
INFO: [ app_init ] --START--
INFO: Run Behavior\BuildLiteBehavior [ RunTime:0.000041s ]
INFO: [ app_init ] --END-- [ RunTime:0.003809s ]
ERR: 无法加载模块:Uploads

[ 2018-11-11T14:58:29+08:00 ] 127.0.0.1 /SecondHand/Uploads/face/120181106113032_206.jpg
INFO: [ app_init ] --START--
INFO: Run Behavior\BuildLiteBehavior [ RunTime:0.000048s ]
INFO: [ app_init ] --END-- [ RunTime:0.001575s ]
ERR: 无法加载模块:Uploads

[ 2018-11-11T14:58:29+08:00 ] 127.0.0.1 /SecondHand/Uploads/face/120181106113211_213.jpg
INFO: [ app_init ] --START--
INFO: Run Behavior\BuildLiteBehavior [ RunTime:0.000044s ]
INFO: [ app_init ] --END-- [ RunTime:0.016488s ]
ERR: 无法加载模块:Uploads

[ 2018-11-11T14:58:31+08:00 ] 127.0.0.1 /SecondHand/Uploads/face/120181110234242_241.jpg
INFO: [ app_init ] --START--
INFO: Run Behavior\BuildLiteBehavior [ RunTime:0.000062s ]
INFO: [ app_init ] --END-- [ RunTime:0.001474s ]
ERR: 无法加载模块:Uploads

[ 2018-11-11T14:58:34+08:00 ] 127.0.0.1 /SecondHand/Uploads/img/120181025091526_764.jpg
INFO: [ app_init ] --START--
INFO: Run Behavior\BuildLiteBehavior [ RunTime:0.000051s ]
INFO: [ app_init ] --END-- [ RunTime:0.001201s ]
ERR: 无法加载模块:Uploads

[ 2018-11-11T14:58:34+08:00 ] 127.0.0.1 /SecondHand/Uploads/img/120181025113211_747.jpg
INFO: [ app_init ] --START--
INFO: Run Behavior\BuildLiteBehavior [ RunTime:0.000079s ]
INFO: [ app_init ] --END-- [ RunTime:0.001332s ]
ERR: 无法加载模块:Uploads

[ 2018-11-11T14:58:35+08:00 ] 127.0.0.1 /SecondHand/Uploads/img/120181110234242_241.jpg
INFO: [ app_init ] --START--
INFO: Run Behavior\BuildLiteBehavior [ RunTime:0.000185s ]
INFO: [ app_init ] --END-- [ RunTime:0.002153s ]
ERR: 无法加载模块:Uploads

[ 2018-11-11T14:58:37+08:00 ] 127.0.0.1 /SecondHand/Uploads/img/120181025091526_764.jpg
INFO: [ app_init ] --START--
INFO: Run Behavior\BuildLiteBehavior [ RunTime:0.000081s ]
INFO: [ app_init ] --END-- [ RunTime:0.001281s ]
ERR: 无法加载模块:Uploads

[ 2018-11-11T14:58:37+08:00 ] 127.0.0.1 /SecondHand/Uploads/img/120181110234242_241.jpg
INFO: [ app_init ] --START--
INFO: Run Behavior\BuildLiteBehavior [ RunTime:0.000041s ]
INFO: [ app_init ] --END-- [ RunTime:0.001202s ]
ERR: 无法加载模块:Uploads

[ 2018-11-11T15:01:38+08:00 ] 127.0.0.1 /SecondHand/Uploads/img/120181110234242_241.jpg
INFO: [ app_init ] --START--
INFO: Run Behavior\BuildLiteBehavior [ RunTime:0.000022s ]
INFO: [ app_init ] --END-- [ RunTime:0.000731s ]
ERR: 无法加载模块:Uploads

[ 2018-11-11T15:01:40+08:00 ] 127.0.0.1 /SecondHand/Uploads/img/120181110234242_241.jpg
INFO: [ app_init ] --START--
INFO: Run Behavior\BuildLiteBehavior [ RunTime:0.000035s ]
INFO: [ app_init ] --END-- [ RunTime:0.001273s ]
ERR: 无法加载模块:Uploads

[ 2018-11-11T15:06:05+08:00 ] 127.0.0.1 /SecondHand/Uploads/face/120181025100817_418.jpg
INFO: [ app_init ] --START--
INFO: Run Behavior\BuildLiteBehavior [ RunTime:0.000091s ]
INFO: [ app_init ] --END-- [ RunTime:0.001120s ]
ERR: 无法加载模块:Uploads

[ 2018-11-11T15:06:05+08:00 ] 127.0.0.1 /SecondHand/Uploads/face/120181110234242_241.jpg
INFO: [ app_init ] --START--
INFO: Run Behavior\BuildLiteBehavior [ RunTime:0.000083s ]
INFO: [ app_init ] --END-- [ RunTime:0.001201s ]
ERR: 无法加载模块:Uploads

[ 2018-11-11T15:06:05+08:00 ] 127.0.0.1 /SecondHand/Uploads/face/120181106113144_752.jpg
INFO: [ app_init ] --START--
INFO: Run Behavior\BuildLiteBehavior [ RunTime:0.000077s ]
INFO: [ app_init ] --END-- [ RunTime:0.001379s ]
ERR: 无法加载模块:Uploads

[ 2018-11-11T15:06:05+08:00 ] 127.0.0.1 /SecondHand/Uploads/face/120181106113032_206.jpg
INFO: [ app_init ] --START--
INFO: Run Behavior\BuildLiteBehavior [ RunTime:0.000040s ]
INFO: [ app_init ] --END-- [ RunTime:0.001372s ]
ERR: 无法加载模块:Uploads

[ 2018-11-11T15:06:05+08:00 ] 127.0.0.1 /SecondHand/Uploads/face/120181106113106_359.jpg
INFO: [ app_init ] --START--
INFO: Run Behavior\BuildLiteBehavior [ RunTime:0.000046s ]
INFO: [ app_init ] --END-- [ RunTime:0.010171s ]
ERR: 无法加载模块:Uploads

[ 2018-11-11T15:06:05+08:00 ] 127.0.0.1 /SecondHand/Uploads/face/120181106113211_213.jpg
INFO: [ app_init ] --START--
INFO: Run Behavior\BuildLiteBehavior [ RunTime:0.000043s ]
INFO: [ app_init ] --END-- [ RunTime:0.001501s ]
ERR: 无法加载模块:Uploads

[ 2018-11-11T15:06:06+08:00 ] 127.0.0.1 /SecondHand/Uploads/face/120181106113106_359.jpg
INFO: [ app_init ] --START--
INFO: Run Behavior\BuildLiteBehavior [ RunTime:0.000069s ]
INFO: [ app_init ] --END-- [ RunTime:0.001122s ]
ERR: 无法加载模块:Uploads

[ 2018-11-11T15:06:06+08:00 ] 127.0.0.1 /SecondHand/Uploads/face/120181025100817_418.jpg
INFO: [ app_init ] --START--
INFO: Run Behavior\BuildLiteBehavior [ RunTime:0.000104s ]
INFO: [ app_init ] --END-- [ RunTime:0.008551s ]
ERR: 无法加载模块:Uploads

[ 2018-11-11T15:06:06+08:00 ] 127.0.0.1 /SecondHand/Uploads/face/120181106113144_752.jpg
INFO: [ app_init ] --START--
INFO: Run Behavior\BuildLiteBehavior [ RunTime:0.000077s ]
INFO: [ app_init ] --END-- [ RunTime:0.001805s ]
ERR: 无法加载模块:Uploads

[ 2018-11-11T15:06:06+08:00 ] 127.0.0.1 /SecondHand/Uploads/face/120181106113032_206.jpg
INFO: [ app_init ] --START--
INFO: Run Behavior\BuildLiteBehavior [ RunTime:0.000075s ]
INFO: [ app_init ] --END-- [ RunTime:0.006321s ]
ERR: 无法加载模块:Uploads

[ 2018-11-11T15:06:07+08:00 ] 127.0.0.1 /SecondHand/Uploads/img/120181025091526_764.jpg
INFO: [ app_init ] --START--
INFO: Run Behavior\BuildLiteBehavior [ RunTime:0.000071s ]
INFO: [ app_init ] --END-- [ RunTime:0.002310s ]
ERR: 无法加载模块:Uploads

[ 2018-11-11T15:06:07+08:00 ] 127.0.0.1 /SecondHand/Uploads/img/120181025113211_747.jpg
INFO: [ app_init ] --START--
INFO: Run Behavior\BuildLiteBehavior [ RunTime:0.000035s ]
INFO: [ app_init ] --END-- [ RunTime:0.000971s ]
ERR: 无法加载模块:Uploads

[ 2018-11-11T15:06:07+08:00 ] 127.0.0.1 /SecondHand/Uploads/img/120181110234242_241.jpg
INFO: [ app_init ] --START--
INFO: Run Behavior\BuildLiteBehavior [ RunTime:0.000037s ]
INFO: [ app_init ] --END-- [ RunTime:0.000897s ]
ERR: 无法加载模块:Uploads

[ 2018-11-11T15:06:20+08:00 ] 127.0.0.1 /SecondHand/Uploads/face/120181025100817_418.jpg
INFO: [ app_init ] --START--
INFO: Run Behavior\BuildLiteBehavior [ RunTime:0.000045s ]
INFO: [ app_init ] --END-- [ RunTime:0.001084s ]
ERR: 无法加载模块:Uploads

[ 2018-11-11T15:06:20+08:00 ] 127.0.0.1 /SecondHand/Uploads/face/120181110234242_241.jpg
INFO: [ app_init ] --START--
INFO: Run Behavior\BuildLiteBehavior [ RunTime:0.000074s ]
INFO: [ app_init ] --END-- [ RunTime:0.001249s ]
ERR: 无法加载模块:Uploads

[ 2018-11-11T15:06:20+08:00 ] 127.0.0.1 /SecondHand/Uploads/face/120181106113211_213.jpg
INFO: [ app_init ] --START--
INFO: Run Behavior\BuildLiteBehavior [ RunTime:0.000034s ]
INFO: [ app_init ] --END-- [ RunTime:0.000986s ]
ERR: 无法加载模块:Uploads

[ 2018-11-11T15:06:20+08:00 ] 127.0.0.1 /SecondHand/Uploads/face/120181106113106_359.jpg
INFO: [ app_init ] --START--
INFO: Run Behavior\BuildLiteBehavior [ RunTime:0.000224s ]
INFO: [ app_init ] --END-- [ RunTime:0.001374s ]
ERR: 无法加载模块:Uploads

[ 2018-11-11T15:06:20+08:00 ] 127.0.0.1 /SecondHand/Uploads/face/120181106113032_206.jpg
INFO: [ app_init ] --START--
INFO: Run Behavior\BuildLiteBehavior [ RunTime:0.000050s ]
INFO: [ app_init ] --END-- [ RunTime:0.001097s ]
ERR: 无法加载模块:Uploads

[ 2018-11-11T15:06:20+08:00 ] 127.0.0.1 /SecondHand/Uploads/face/120181106113144_752.jpg
INFO: [ app_init ] --START--
INFO: Run Behavior\BuildLiteBehavior [ RunTime:0.000093s ]
INFO: [ app_init ] --END-- [ RunTime:0.008644s ]
ERR: 无法加载模块:Uploads

[ 2018-11-11T15:28:41+08:00 ] 127.0.0.1 /SecondHand/Uploads/img/120181025091526_764.jpg
INFO: [ app_init ] --START--
INFO: Run Behavior\BuildLiteBehavior [ RunTime:0.000039s ]
INFO: [ app_init ] --END-- [ RunTime:0.000765s ]
ERR: 无法加载模块:Uploads

[ 2018-11-11T15:28:41+08:00 ] 127.0.0.1 /SecondHand/Uploads/img/120181025113211_747.jpg
INFO: [ app_init ] --START--
INFO: Run Behavior\BuildLiteBehavior [ RunTime:0.000036s ]
INFO: [ app_init ] --END-- [ RunTime:0.001023s ]
ERR: 无法加载模块:Uploads

[ 2018-11-11T15:28:41+08:00 ] 127.0.0.1 /SecondHand/Uploads/img/120181110234242_241.jpg
INFO: [ app_init ] --START--
INFO: Run Behavior\BuildLiteBehavior [ RunTime:0.000029s ]
INFO: [ app_init ] --END-- [ RunTime:0.000939s ]
ERR: 无法加载模块:Uploads

[ 2018-11-11T15:28:44+08:00 ] 127.0.0.1 /SecondHand/Uploads/face/120181106113211_213.jpg
INFO: [ app_init ] --START--
INFO: Run Behavior\BuildLiteBehavior [ RunTime:0.000084s ]
INFO: [ app_init ] --END-- [ RunTime:0.001664s ]
ERR: 无法加载模块:Uploads

[ 2018-11-11T15:28:44+08:00 ] 127.0.0.1 /SecondHand/Uploads/face/120181025100817_418.jpg
INFO: [ app_init ] --START--
INFO: Run Behavior\BuildLiteBehavior [ RunTime:0.000088s ]
INFO: [ app_init ] --END-- [ RunTime:0.001737s ]
ERR: 无法加载模块:Uploads

[ 2018-11-11T15:28:44+08:00 ] 127.0.0.1 /SecondHand/Uploads/face/120181110234242_241.jpg
INFO: [ app_init ] --START--
INFO: Run Behavior\BuildLiteBehavior [ RunTime:0.000091s ]
INFO: [ app_init ] --END-- [ RunTime:0.001332s ]
ERR: 无法加载模块:Uploads

[ 2018-11-11T15:28:44+08:00 ] 127.0.0.1 /SecondHand/Uploads/face/120181106113144_752.jpg
INFO: [ app_init ] --START--
INFO: Run Behavior\BuildLiteBehavior [ RunTime:0.000051s ]
INFO: [ app_init ] --END-- [ RunTime:0.001749s ]
ERR: 无法加载模块:Uploads

[ 2018-11-11T15:28:44+08:00 ] 127.0.0.1 /SecondHand/Uploads/face/120181106113032_206.jpg
INFO: [ app_init ] --START--
INFO: Run Behavior\BuildLiteBehavior [ RunTime:0.000057s ]
INFO: [ app_init ] --END-- [ RunTime:0.001176s ]
ERR: 无法加载模块:Uploads

[ 2018-11-11T15:28:44+08:00 ] 127.0.0.1 /SecondHand/Uploads/face/120181106113106_359.jpg
INFO: [ app_init ] --START--
INFO: Run Behavior\BuildLiteBehavior [ RunTime:0.000045s ]
INFO: [ app_init ] --END-- [ RunTime:0.001459s ]
ERR: 无法加载模块:Uploads

[ 2018-11-11T15:28:47+08:00 ] 127.0.0.1 /SecondHand/Uploads/img/120181025091526_764.jpg
INFO: [ app_init ] --START--
INFO: Run Behavior\BuildLiteBehavior [ RunTime:0.000038s ]
INFO: [ app_init ] --END-- [ RunTime:0.001203s ]
ERR: 无法加载模块:Uploads

[ 2018-11-11T15:28:47+08:00 ] 127.0.0.1 /SecondHand/Uploads/img/120181025113211_747.jpg
INFO: [ app_init ] --START--
INFO: Run Behavior\BuildLiteBehavior [ RunTime:0.000036s ]
INFO: [ app_init ] --END-- [ RunTime:0.001164s ]
ERR: 无法加载模块:Uploads

[ 2018-11-11T15:28:47+08:00 ] 127.0.0.1 /SecondHand/Uploads/img/120181110234242_241.jpg
INFO: [ app_init ] --START--
INFO: Run Behavior\BuildLiteBehavior [ RunTime:0.000058s ]
INFO: [ app_init ] --END-- [ RunTime:0.001259s ]
ERR: 无法加载模块:Uploads

[ 2018-11-11T15:28:49+08:00 ] 127.0.0.1 /SecondHand/Uploads/img/120181025091526_764.jpg
INFO: [ app_init ] --START--
INFO: Run Behavior\BuildLiteBehavior [ RunTime:0.000045s ]
INFO: [ app_init ] --END-- [ RunTime:0.001163s ]
ERR: 无法加载模块:Uploads

[ 2018-11-11T15:28:49+08:00 ] 127.0.0.1 /SecondHand/Uploads/img/120181110234242_241.jpg
INFO: [ app_init ] --START--
INFO: Run Behavior\BuildLiteBehavior [ RunTime:0.000041s ]
INFO: [ app_init ] --END-- [ RunTime:0.001055s ]
ERR: 无法加载模块:Uploads

[ 2018-11-11T15:36:01+08:00 ] 127.0.0.1 /SecondHand/Uploads/img/120181025091526_764.jpg
INFO: [ app_init ] --START--
INFO: Run Behavior\BuildLiteBehavior [ RunTime:0.000038s ]
INFO: [ app_init ] --END-- [ RunTime:0.001017s ]
ERR: 无法加载模块:Uploads

[ 2018-11-11T15:36:01+08:00 ] 127.0.0.1 /SecondHand/Uploads/img/120181025113211_747.jpg
INFO: [ app_init ] --START--
INFO: Run Behavior\BuildLiteBehavior [ RunTime:0.000071s ]
INFO: [ app_init ] --END-- [ RunTime:0.001258s ]
ERR: 无法加载模块:Uploads

[ 2018-11-11T15:36:01+08:00 ] 127.0.0.1 /SecondHand/Uploads/img/120181110234242_241.jpg
INFO: [ app_init ] --START--
INFO: Run Behavior\BuildLiteBehavior [ RunTime:0.000042s ]
INFO: [ app_init ] --END-- [ RunTime:0.001296s ]
ERR: 无法加载模块:Uploads

[ 2018-11-11T15:36:04+08:00 ] 127.0.0.1 /SecondHand/Uploads/img/120181025091526_764.jpg
INFO: [ app_init ] --START--
INFO: Run Behavior\BuildLiteBehavior [ RunTime:0.000041s ]
INFO: [ app_init ] --END-- [ RunTime:0.001059s ]
ERR: 无法加载模块:Uploads

[ 2018-11-11T15:36:04+08:00 ] 127.0.0.1 /SecondHand/Uploads/img/120181110234242_241.jpg
INFO: [ app_init ] --START--
INFO: Run Behavior\BuildLiteBehavior [ RunTime:0.000058s ]
INFO: [ app_init ] --END-- [ RunTime:0.001251s ]
ERR: 无法加载模块:Uploads

[ 2018-11-11T15:36:09+08:00 ] 127.0.0.1 /SecondHand/Uploads/img/120181025091526_764.jpg
INFO: [ app_init ] --START--
INFO: Run Behavior\BuildLiteBehavior [ RunTime:0.000093s ]
INFO: [ app_init ] --END-- [ RunTime:0.001880s ]
ERR: 无法加载模块:Uploads

[ 2018-11-11T15:36:09+08:00 ] 127.0.0.1 /SecondHand/Uploads/img/120181110234242_241.jpg
INFO: [ app_init ] --START--
INFO: Run Behavior\BuildLiteBehavior [ RunTime:0.000044s ]
INFO: [ app_init ] --END-- [ RunTime:0.001143s ]
ERR: 无法加载模块:Uploads

[ 2018-11-11T15:38:43+08:00 ] 127.0.0.1 /SecondHand/Uploads/img/120181025091526_764.jpg
INFO: [ app_init ] --START--
INFO: Run Behavior\BuildLiteBehavior [ RunTime:0.000038s ]
INFO: [ app_init ] --END-- [ RunTime:0.001068s ]
ERR: 无法加载模块:Uploads

[ 2018-11-11T15:38:43+08:00 ] 127.0.0.1 /SecondHand/Uploads/img/120181110234242_241.jpg
INFO: [ app_init ] --START--
INFO: Run Behavior\BuildLiteBehavior [ RunTime:0.000045s ]
INFO: [ app_init ] --END-- [ RunTime:0.018080s ]
ERR: 无法加载模块:Uploads

[ 2018-11-11T15:41:09+08:00 ] 127.0.0.1 /SecondHand/Uploads/face/120181025100817_418.jpg
INFO: [ app_init ] --START--
INFO: Run Behavior\BuildLiteBehavior [ RunTime:0.000069s ]
INFO: [ app_init ] --END-- [ RunTime:0.001026s ]
ERR: 无法加载模块:Uploads

[ 2018-11-11T15:41:09+08:00 ] 127.0.0.1 /SecondHand/Uploads/face/120181106113211_213.jpg
INFO: [ app_init ] --START--
INFO: Run Behavior\BuildLiteBehavior [ RunTime:0.000095s ]
INFO: [ app_init ] --END-- [ RunTime:0.001407s ]
ERR: 无法加载模块:Uploads

[ 2018-11-11T15:41:09+08:00 ] 127.0.0.1 /SecondHand/Uploads/face/120181110234242_241.jpg
INFO: [ app_init ] --START--
INFO: Run Behavior\BuildLiteBehavior [ RunTime:0.000041s ]
INFO: [ app_init ] --END-- [ RunTime:0.001630s ]
ERR: 无法加载模块:Uploads

[ 2018-11-11T15:41:09+08:00 ] 127.0.0.1 /SecondHand/Uploads/face/120181106113144_752.jpg
INFO: [ app_init ] --START--
INFO: Run Behavior\BuildLiteBehavior [ RunTime:0.000094s ]
INFO: [ app_init ] --END-- [ RunTime:0.001419s ]
ERR: 无法加载模块:Uploads

[ 2018-11-11T15:41:09+08:00 ] 127.0.0.1 /SecondHand/Uploads/face/120181106113032_206.jpg
INFO: [ app_init ] --START--
INFO: Run Behavior\BuildLiteBehavior [ RunTime:0.000070s ]
INFO: [ app_init ] --END-- [ RunTime:0.001307s ]
ERR: 无法加载模块:Uploads

[ 2018-11-11T15:41:09+08:00 ] 127.0.0.1 /SecondHand/Uploads/face/120181106113106_359.jpg
INFO: [ app_init ] --START--
INFO: Run Behavior\BuildLiteBehavior [ RunTime:0.000047s ]
INFO: [ app_init ] --END-- [ RunTime:0.001744s ]
ERR: 无法加载模块:Uploads

[ 2018-11-11T15:42:30+08:00 ] 127.0.0.1 /SecondHand/Uploads/img/120181025113211_747.jpg
INFO: [ app_init ] --START--
INFO: Run Behavior\BuildLiteBehavior [ RunTime:0.000037s ]
INFO: [ app_init ] --END-- [ RunTime:0.001083s ]
ERR: 无法加载模块:Uploads

[ 2018-11-11T15:42:30+08:00 ] 127.0.0.1 /SecondHand/Uploads/img/120181025091526_764.jpg
INFO: [ app_init ] --START--
INFO: Run Behavior\BuildLiteBehavior [ RunTime:0.000150s ]
INFO: [ app_init ] --END-- [ RunTime:0.003152s ]
ERR: 无法加载模块:Uploads

[ 2018-11-11T15:42:30+08:00 ] 127.0.0.1 /SecondHand/Uploads/img/120181110234242_241.jpg
INFO: [ app_init ] --START--
INFO: Run Behavior\BuildLiteBehavior [ RunTime:0.000059s ]
INFO: [ app_init ] --END-- [ RunTime:0.001310s ]
ERR: 无法加载模块:Uploads

[ 2018-11-11T15:42:32+08:00 ] 127.0.0.1 /secondhand/Public/ModalBoxes/css/images/bg.gif
INFO: [ app_init ] --START--
INFO: Run Behavior\BuildLiteBehavior [ RunTime:0.000094s ]
INFO: [ app_init ] --END-- [ RunTime:0.001582s ]
ERR: 无法加载模块:Public

