[ 2018-10-16T08:52:19+08:00 ] 127.0.0.1 /secondhand/Public/admin/js/jquery.form.min.js.map
INFO: [ app_init ] --START--
INFO: Run Behavior\BuildLiteBehavior [ RunTime:0.000037s ]
INFO: [ app_init ] --END-- [ RunTime:0.000777s ]
ERR: æ— æ³•åŠ è½½æ¨¡å—:Public

[ 2018-10-16T08:52:58+08:00 ] 127.0.0.1 /secondhand/Public/admin/js/jquery.form.min.js.map
INFO: [ app_init ] --START--
INFO: Run Behavior\BuildLiteBehavior [ RunTime:0.000039s ]
INFO: [ app_init ] --END-- [ RunTime:0.000793s ]
ERR: æ— æ³•åŠ è½½æ¨¡å—:Public

[ 2018-10-16T08:54:05+08:00 ] 127.0.0.1 /secondhand/Public/admin/js/jquery.form.min.js.map
INFO: [ app_init ] --START--
INFO: Run Behavior\BuildLiteBehavior [ RunTime:0.000041s ]
INFO: [ app_init ] --END-- [ RunTime:0.000856s ]
ERR: æ— æ³•åŠ è½½æ¨¡å—:Public

[ 2018-10-16T08:55:02+08:00 ] 127.0.0.1 /secondhand/Public/admin/js/jquery.form.min.js.map
INFO: [ app_init ] --START--
INFO: Run Behavior\BuildLiteBehavior [ RunTime:0.000075s ]
INFO: [ app_init ] --END-- [ RunTime:0.001134s ]
ERR: æ— æ³•åŠ è½½æ¨¡å—:Public

[ 2018-10-16T08:55:43+08:00 ] 127.0.0.1 /secondhand/Public/admin/js/jquery.form.min.js.map
INFO: [ app_init ] --START--
INFO: Run Behavior\BuildLiteBehavior [ RunTime:0.000035s ]
INFO: [ app_init ] --END-- [ RunTime:0.000756s ]
ERR: æ— æ³•åŠ è½½æ¨¡å—:Public

[ 2018-10-16T09:00:41+08:00 ] 127.0.0.1 /secondhand/Public/admin/js/jquery.form.min.js.map
INFO: [ app_init ] --START--
INFO: Run Behavior\BuildLiteBehavior [ RunTime:0.000042s ]
INFO: [ app_init ] --END-- [ RunTime:0.000916s ]
ERR: æ— æ³•åŠ è½½æ¨¡å—:Public

[ 2018-10-16T09:02:01+08:00 ] 127.0.0.1 /secondhand/Public/admin/js/jquery.form.min.js.map
INFO: [ app_init ] --START--
INFO: Run Behavior\BuildLiteBehavior [ RunTime:0.000046s ]
INFO: [ app_init ] --END-- [ RunTime:0.000805s ]
ERR: æ— æ³•åŠ è½½æ¨¡å—:Public

[ 2018-10-16T09:02:46+08:00 ] 127.0.0.1 /secondhand/Public/admin/js/jquery.form.min.js.map
INFO: [ app_init ] --START--
INFO: Run Behavior\BuildLiteBehavior [ RunTime:0.000045s ]
INFO: [ app_init ] --END-- [ RunTime:0.000854s ]
ERR: æ— æ³•åŠ è½½æ¨¡å—:Public

[ 2018-10-16T09:03:37+08:00 ] 127.0.0.1 /secondhand/Public/admin/js/jquery.form.min.js.map
INFO: [ app_init ] --START--
INFO: Run Behavior\BuildLiteBehavior [ RunTime:0.000038s ]
INFO: [ app_init ] --END-- [ RunTime:0.000772s ]
ERR: æ— æ³•åŠ è½½æ¨¡å—:Public

[ 2018-10-16T09:04:13+08:00 ] 127.0.0.1 /secondhand/Public/admin/js/jquery.form.min.js.map
INFO: [ app_init ] --START--
INFO: Run Behavior\BuildLiteBehavior [ RunTime:0.000037s ]
INFO: [ app_init ] --END-- [ RunTime:0.000881s ]
ERR: æ— æ³•åŠ è½½æ¨¡å—:Public

[ 2018-10-16T09:06:57+08:00 ] 127.0.0.1 /secondhand/Public/admin/js/jquery.form.min.js.map
INFO: [ app_init ] --START--
INFO: Run Behavior\BuildLiteBehavior [ RunTime:0.000057s ]
INFO: [ app_init ] --END-- [ RunTime:0.001423s ]
ERR: æ— æ³•åŠ è½½æ¨¡å—:Public

[ 2018-10-16T09:07:44+08:00 ] 127.0.0.1 /secondhand/Public/admin/js/jquery.form.min.js.map
INFO: [ app_init ] --START--
INFO: Run Behavior\BuildLiteBehavior [ RunTime:0.000038s ]
INFO: [ app_init ] --END-- [ RunTime:0.000842s ]
ERR: æ— æ³•åŠ è½½æ¨¡å—:Public

[ 2018-10-16T09:08:43+08:00 ] 127.0.0.1 /secondhand/Public/admin/js/jquery.form.min.js.map
INFO: [ app_init ] --START--
INFO: Run Behavior\BuildLiteBehavior [ RunTime:0.000038s ]
INFO: [ app_init ] --END-- [ RunTime:0.000817s ]
ERR: æ— æ³•åŠ è½½æ¨¡å—:Public

[ 2018-10-16T09:22:36+08:00 ] 127.0.0.1 /secondhand/Public/admin/js/jquery.form.min.js.map
INFO: [ app_init ] --START--
INFO: Run Behavior\BuildLiteBehavior [ RunTime:0.000093s ]
INFO: [ app_init ] --END-- [ RunTime:0.001206s ]
ERR: æ— æ³•åŠ è½½æ¨¡å—:Public

[ 2018-10-16T09:36:06+08:00 ] 127.0.0.1 /secondhand/Public/admin/js/jquery.form.min.js.map
INFO: [ app_init ] --START--
INFO: Run Behavior\BuildLiteBehavior [ RunTime:0.000039s ]
INFO: [ app_init ] --END-- [ RunTime:0.001154s ]
ERR: æ— æ³•åŠ è½½æ¨¡å—:Public

[ 2018-10-16T09:36:49+08:00 ] 127.0.0.1 /secondhand/Public/admin/js/jquery.form.min.js.map
INFO: [ app_init ] --START--
INFO: Run Behavior\BuildLiteBehavior [ RunTime:0.000053s ]
INFO: [ app_init ] --END-- [ RunTime:0.001623s ]
ERR: æ— æ³•åŠ è½½æ¨¡å—:Public

[ 2018-10-16T09:37:41+08:00 ] 127.0.0.1 /secondhand/Public/admin/js/jquery.form.min.js.map
INFO: [ app_init ] --START--
INFO: Run Behavior\BuildLiteBehavior [ RunTime:0.000078s ]
INFO: [ app_init ] --END-- [ RunTime:0.000954s ]
ERR: æ— æ³•åŠ è½½æ¨¡å—:Public

[ 2018-10-16T09:43:23+08:00 ] 127.0.0.1 /secondhand/Public/admin/js/jquery.form.min.js.map
INFO: [ app_init ] --START--
INFO: Run Behavior\BuildLiteBehavior [ RunTime:0.000079s ]
INFO: [ app_init ] --END-- [ RunTime:0.001898s ]
ERR: æ— æ³•åŠ è½½æ¨¡å—:Public

[ 2018-10-16T09:44:00+08:00 ] 127.0.0.1 /secondhand/Public/admin/js/jquery.form.min.js.map
INFO: [ app_init ] --START--
INFO: Run Behavior\BuildLiteBehavior [ RunTime:0.000034s ]
INFO: [ app_init ] --END-- [ RunTime:0.000710s ]
ERR: æ— æ³•åŠ è½½æ¨¡å—:Public

[ 2018-10-16T09:44:52+08:00 ] 127.0.0.1 /secondhand/Public/admin/js/jquery.form.min.js.map
INFO: [ app_init ] --START--
INFO: Run Behavior\BuildLiteBehavior [ RunTime:0.000043s ]
INFO: [ app_init ] --END-- [ RunTime:0.000906s ]
ERR: æ— æ³•åŠ è½½æ¨¡å—:Public

[ 2018-10-16T10:07:19+08:00 ] 127.0.0.1 /secondhand/Public/Index/webUploader/webuploader.css
INFO: [ app_init ] --START--
INFO: Run Behavior\BuildLiteBehavior [ RunTime:0.000085s ]
INFO: [ app_init ] --END-- [ RunTime:0.001012s ]
ERR: æ— æ³•åŠ è½½æ¨¡å—:Public

[ 2018-10-16T10:07:19+08:00 ] 127.0.0.1 /secondhand/Public/Index/images/noface.gif
INFO: [ app_init ] --START--
INFO: Run Behavior\BuildLiteBehavior [ RunTime:0.000105s ]
INFO: [ app_init ] --END-- [ RunTime:0.001303s ]
ERR: æ— æ³•åŠ è½½æ¨¡å—:Public

[ 2018-10-16T10:07:19+08:00 ] 127.0.0.1 /secondhand/Public/Index/webUploader/webuploader.js
INFO: [ app_init ] --START--
INFO: Run Behavior\BuildLiteBehavior [ RunTime:0.000037s ]
INFO: [ app_init ] --END-- [ RunTime:0.000948s ]
ERR: æ— æ³•åŠ è½½æ¨¡å—:Public

[ 2018-10-16T10:17:57+08:00 ] 127.0.0.1 /secondhand/Public/Index/webUploader/webuploader.js?_=1539656277379
INFO: [ app_init ] --START--
INFO: Run Behavior\BuildLiteBehavior [ RunTime:0.000041s ]
INFO: [ app_init ] --END-- [ RunTime:0.000777s ]
ERR: æ— æ³•åŠ è½½æ¨¡å—:Public

[ 2018-10-16T10:17:57+08:00 ] 127.0.0.1 /secondhand/Public/Index/webUploader/webuploader.css
INFO: [ app_init ] --START--
INFO: Run Behavior\BuildLiteBehavior [ RunTime:0.000072s ]
INFO: [ app_init ] --END-- [ RunTime:0.000849s ]
ERR: æ— æ³•åŠ è½½æ¨¡å—:Public

[ 2018-10-16T10:18:00+08:00 ] 127.0.0.1 /secondhand/Public/Index/images/noface.gif
INFO: [ app_init ] --START--
INFO: Run Behavior\BuildLiteBehavior [ RunTime:0.000025s ]
INFO: [ app_init ] --END-- [ RunTime:0.000557s ]
ERR: æ— æ³•åŠ è½½æ¨¡å—:Public

[ 2018-10-16T10:22:51+08:00 ] 127.0.0.1 /secondhand/Public/Index/webUploader/webuploader.css
INFO: [ app_init ] --START--
INFO: Run Behavior\BuildLiteBehavior [ RunTime:0.000029s ]
INFO: [ app_init ] --END-- [ RunTime:0.000681s ]
ERR: æ— æ³•åŠ è½½æ¨¡å—:Public

[ 2018-10-16T10:22:51+08:00 ] 127.0.0.1 /secondhand/Public/Index/webUploader/webuploader.js?_=1539656571278
INFO: [ app_init ] --START--
INFO: Run Behavior\BuildLiteBehavior [ RunTime:0.000022s ]
INFO: [ app_init ] --END-- [ RunTime:0.000635s ]
ERR: æ— æ³•åŠ è½½æ¨¡å—:Public

[ 2018-10-16T10:22:53+08:00 ] 127.0.0.1 /secondhand/Public/Index/images/noface.gif
INFO: [ app_init ] --START--
INFO: Run Behavior\BuildLiteBehavior [ RunTime:0.000042s ]
INFO: [ app_init ] --END-- [ RunTime:0.000763s ]
ERR: æ— æ³•åŠ è½½æ¨¡å—:Public

[ 2018-10-16T10:23:41+08:00 ] 127.0.0.1 /secondhand/Public/Index/webUploader/webuploader.js?_=1539656621895
INFO: [ app_init ] --START--
INFO: Run Behavior\BuildLiteBehavior [ RunTime:0.000036s ]
INFO: [ app_init ] --END-- [ RunTime:0.000740s ]
ERR: æ— æ³•åŠ è½½æ¨¡å—:Public

[ 2018-10-16T10:23:41+08:00 ] 127.0.0.1 /secondhand/Public/Index/webUploader/webuploader.css
INFO: [ app_init ] --START--
INFO: Run Behavior\BuildLiteBehavior [ RunTime:0.000038s ]
INFO: [ app_init ] --END-- [ RunTime:0.000822s ]
ERR: æ— æ³•åŠ è½½æ¨¡å—:Public

[ 2018-10-16T10:23:44+08:00 ] 127.0.0.1 /secondhand/Public/Index/images/noface.gif
INFO: [ app_init ] --START--
INFO: Run Behavior\BuildLiteBehavior [ RunTime:0.000049s ]
INFO: [ app_init ] --END-- [ RunTime:0.000947s ]
ERR: æ— æ³•åŠ è½½æ¨¡å—:Public

[ 2018-10-16T10:25:10+08:00 ] 127.0.0.1 /secondhand/Public/Index/webUploader/webuploader.css
INFO: [ app_init ] --START--
INFO: Run Behavior\BuildLiteBehavior [ RunTime:0.000042s ]
INFO: [ app_init ] --END-- [ RunTime:0.000680s ]
ERR: æ— æ³•åŠ è½½æ¨¡å—:Public

[ 2018-10-16T10:25:10+08:00 ] 127.0.0.1 /secondhand/Public/Index/webUploader/webuploader.js?_=1539656710027
INFO: [ app_init ] --START--
INFO: Run Behavior\BuildLiteBehavior [ RunTime:0.000095s ]
INFO: [ app_init ] --END-- [ RunTime:0.001203s ]
ERR: æ— æ³•åŠ è½½æ¨¡å—:Public

[ 2018-10-16T10:25:10+08:00 ] 127.0.0.1 /secondhand/Public/Index/images/noface.gif
INFO: [ app_init ] --START--
INFO: Run Behavior\BuildLiteBehavior [ RunTime:0.000021s ]
INFO: [ app_init ] --END-- [ RunTime:0.000515s ]
ERR: æ— æ³•åŠ è½½æ¨¡å—:Public

[ 2018-10-16T10:25:57+08:00 ] 127.0.0.1 /secondhand/Public/Index/webUploader/webuploader.css
INFO: [ app_init ] --START--
INFO: Run Behavior\BuildLiteBehavior [ RunTime:0.000022s ]
INFO: [ app_init ] --END-- [ RunTime:0.000470s ]
ERR: æ— æ³•åŠ è½½æ¨¡å—:Public

[ 2018-10-16T10:25:57+08:00 ] 127.0.0.1 /secondhand/Public/Index/webUploader/webuploader.js?_=1539656757339
INFO: [ app_init ] --START--
INFO: Run Behavior\BuildLiteBehavior [ RunTime:0.000054s ]
INFO: [ app_init ] --END-- [ RunTime:0.000815s ]
ERR: æ— æ³•åŠ è½½æ¨¡å—:Public

[ 2018-10-16T10:25:57+08:00 ] 127.0.0.1 /secondhand/Public/Index/images/noface.gif
INFO: [ app_init ] --START--
INFO: Run Behavior\BuildLiteBehavior [ RunTime:0.000047s ]
INFO: [ app_init ] --END-- [ RunTime:0.000687s ]
ERR: æ— æ³•åŠ è½½æ¨¡å—:Public

[ 2018-10-16T10:26:13+08:00 ] 127.0.0.1 /secondhand/Public/Index/webUploader/webuploader.css
INFO: [ app_init ] --START--
INFO: Run Behavior\BuildLiteBehavior [ RunTime:0.000079s ]
INFO: [ app_init ] --END-- [ RunTime:0.001046s ]
ERR: æ— æ³•åŠ è½½æ¨¡å—:Public

[ 2018-10-16T10:26:13+08:00 ] 127.0.0.1 /secondhand/Public/Index/webUploader/webuploader.js?_=1539656773951
INFO: [ app_init ] --START--
INFO: Run Behavior\BuildLiteBehavior [ RunTime:0.000018s ]
INFO: [ app_init ] --END-- [ RunTime:0.000408s ]
ERR: æ— æ³•åŠ è½½æ¨¡å—:Public

[ 2018-10-16T10:26:14+08:00 ] 127.0.0.1 /secondhand/Public/Index/images/noface.gif
INFO: [ app_init ] --START--
INFO: Run Behavior\BuildLiteBehavior [ RunTime:0.000020s ]
INFO: [ app_init ] --END-- [ RunTime:0.000490s ]
ERR: æ— æ³•åŠ è½½æ¨¡å—:Public

[ 2018-10-16T10:26:56+08:00 ] 127.0.0.1 /secondhand/Public/Index/webUploader/webuploader.css
INFO: [ app_init ] --START--
INFO: Run Behavior\BuildLiteBehavior [ RunTime:0.000030s ]
INFO: [ app_init ] --END-- [ RunTime:0.000787s ]
ERR: æ— æ³•åŠ è½½æ¨¡å—:Public

[ 2018-10-16T10:26:56+08:00 ] 127.0.0.1 /secondhand/Public/Index/webUploader/webuploader.js?_=1539656816473
INFO: [ app_init ] --START--
INFO: Run Behavior\BuildLiteBehavior [ RunTime:0.000032s ]
INFO: [ app_init ] --END-- [ RunTime:0.000625s ]
ERR: æ— æ³•åŠ è½½æ¨¡å—:Public

[ 2018-10-16T10:26:56+08:00 ] 127.0.0.1 /secondhand/Public/Index/images/noface.gif
INFO: [ app_init ] --START--
INFO: Run Behavior\BuildLiteBehavior [ RunTime:0.000032s ]
INFO: [ app_init ] --END-- [ RunTime:0.000549s ]
ERR: æ— æ³•åŠ è½½æ¨¡å—:Public

[ 2018-10-16T10:27:28+08:00 ] 127.0.0.1 /secondhand/Public/Index/webUploader/webuploader.css
INFO: [ app_init ] --START--
INFO: Run Behavior\BuildLiteBehavior [ RunTime:0.000022s ]
INFO: [ app_init ] --END-- [ RunTime:0.000591s ]
ERR: æ— æ³•åŠ è½½æ¨¡å—:Public

[ 2018-10-16T10:27:28+08:00 ] 127.0.0.1 /secondhand/Public/Index/webUploader/webuploader.js?_=1539656848180
INFO: [ app_init ] --START--
INFO: Run Behavior\BuildLiteBehavior [ RunTime:0.000088s ]
INFO: [ app_init ] --END-- [ RunTime:0.000991s ]
ERR: æ— æ³•åŠ è½½æ¨¡å—:Public

[ 2018-10-16T10:27:28+08:00 ] 127.0.0.1 /secondhand/Public/Index/images/noface.gif
INFO: [ app_init ] --START--
INFO: Run Behavior\BuildLiteBehavior [ RunTime:0.000047s ]
INFO: [ app_init ] --END-- [ RunTime:0.001071s ]
ERR: æ— æ³•åŠ è½½æ¨¡å—:Public

[ 2018-10-16T10:28:08+08:00 ] 127.0.0.1 /secondhand/Public/Index/webUploader/webuploader.css
INFO: [ app_init ] --START--
INFO: Run Behavior\BuildLiteBehavior [ RunTime:0.000033s ]
INFO: [ app_init ] --END-- [ RunTime:0.000769s ]
ERR: æ— æ³•åŠ è½½æ¨¡å—:Public

[ 2018-10-16T10:28:08+08:00 ] 127.0.0.1 /secondhand/Public/Index/webUploader/webuploader.js?_=1539656888726
INFO: [ app_init ] --START--
INFO: Run Behavior\BuildLiteBehavior [ RunTime:0.000072s ]
INFO: [ app_init ] --END-- [ RunTime:0.000903s ]
ERR: æ— æ³•åŠ è½½æ¨¡å—:Public

[ 2018-10-16T10:28:09+08:00 ] 127.0.0.1 /secondhand/Public/Index/images/noface.gif
INFO: [ app_init ] --START--
INFO: Run Behavior\BuildLiteBehavior [ RunTime:0.000042s ]
INFO: [ app_init ] --END-- [ RunTime:0.000826s ]
ERR: æ— æ³•åŠ è½½æ¨¡å—:Public

[ 2018-10-16T10:28:53+08:00 ] 127.0.0.1 /secondhand/Public/Index/webUploader/webuploader.css
INFO: [ app_init ] --START--
INFO: Run Behavior\BuildLiteBehavior [ RunTime:0.000025s ]
INFO: [ app_init ] --END-- [ RunTime:0.000567s ]
ERR: æ— æ³•åŠ è½½æ¨¡å—:Public

[ 2018-10-16T10:28:53+08:00 ] 127.0.0.1 /secondhand/Public/Index/webUploader/webuploader.js?_=1539656933812
INFO: [ app_init ] --START--
INFO: Run Behavior\BuildLiteBehavior [ RunTime:0.000052s ]
INFO: [ app_init ] --END-- [ RunTime:0.001706s ]
ERR: æ— æ³•åŠ è½½æ¨¡å—:Public

[ 2018-10-16T10:28:54+08:00 ] 127.0.0.1 /secondhand/Public/Index/images/noface.gif
INFO: [ app_init ] --START--
INFO: Run Behavior\BuildLiteBehavior [ RunTime:0.000020s ]
INFO: [ app_init ] --END-- [ RunTime:0.000466s ]
ERR: æ— æ³•åŠ è½½æ¨¡å—:Public

[ 2018-10-16T10:29:33+08:00 ] 127.0.0.1 /secondhand/Public/Index/webUploader/webuploader.js?_=1539656973939
INFO: [ app_init ] --START--
INFO: Run Behavior\BuildLiteBehavior [ RunTime:0.000040s ]
INFO: [ app_init ] --END-- [ RunTime:0.000813s ]
ERR: æ— æ³•åŠ è½½æ¨¡å—:Public

[ 2018-10-16T10:29:33+08:00 ] 127.0.0.1 /secondhand/Public/Index/webUploader/webuploader.css
INFO: [ app_init ] --START--
INFO: Run Behavior\BuildLiteBehavior [ RunTime:0.000085s ]
INFO: [ app_init ] --END-- [ RunTime:0.000731s ]
ERR: æ— æ³•åŠ è½½æ¨¡å—:Public

[ 2018-10-16T10:29:34+08:00 ] 127.0.0.1 /secondhand/Public/Index/images/noface.gif
INFO: [ app_init ] --START--
INFO: Run Behavior\BuildLiteBehavior [ RunTime:0.000047s ]
INFO: [ app_init ] --END-- [ RunTime:0.000869s ]
ERR: æ— æ³•åŠ è½½æ¨¡å—:Public

[ 2018-10-16T10:29:56+08:00 ] 127.0.0.1 /secondhand/Public/Index/webUploader/webuploader.css
INFO: [ app_init ] --START--
INFO: Run Behavior\BuildLiteBehavior [ RunTime:0.000020s ]
INFO: [ app_init ] --END-- [ RunTime:0.000451s ]
ERR: æ— æ³•åŠ è½½æ¨¡å—:Public

[ 2018-10-16T10:29:56+08:00 ] 127.0.0.1 /secondhand/Public/Index/webUploader/webuploader.js?_=1539656996286
INFO: [ app_init ] --START--
INFO: Run Behavior\BuildLiteBehavior [ RunTime:0.000051s ]
INFO: [ app_init ] --END-- [ RunTime:0.000825s ]
ERR: æ— æ³•åŠ è½½æ¨¡å—:Public

[ 2018-10-16T10:29:56+08:00 ] 127.0.0.1 /secondhand/Public/Index/images/noface.gif
INFO: [ app_init ] --START--
INFO: Run Behavior\BuildLiteBehavior [ RunTime:0.000035s ]
INFO: [ app_init ] --END-- [ RunTime:0.000714s ]
ERR: æ— æ³•åŠ è½½æ¨¡å—:Public

[ 2018-10-16T10:30:06+08:00 ] 127.0.0.1 /secondhand/Public/Index/webUploader/webuploader.css
INFO: [ app_init ] --START--
INFO: Run Behavior\BuildLiteBehavior [ RunTime:0.000059s ]
INFO: [ app_init ] --END-- [ RunTime:0.000804s ]
ERR: æ— æ³•åŠ è½½æ¨¡å—:Public

[ 2018-10-16T10:30:06+08:00 ] 127.0.0.1 /secondhand/Public/Index/webUploader/webuploader.js?_=1539657006488
INFO: [ app_init ] --START--
INFO: Run Behavior\BuildLiteBehavior [ RunTime:0.000065s ]
INFO: [ app_init ] --END-- [ RunTime:0.000747s ]
ERR: æ— æ³•åŠ è½½æ¨¡å—:Public

[ 2018-10-16T10:30:06+08:00 ] 127.0.0.1 /secondhand/Public/Index/images/noface.gif
INFO: [ app_init ] --START--
INFO: Run Behavior\BuildLiteBehavior [ RunTime:0.000052s ]
INFO: [ app_init ] --END-- [ RunTime:0.002574s ]
ERR: æ— æ³•åŠ è½½æ¨¡å—:Public

[ 2018-10-16T10:30:31+08:00 ] 127.0.0.1 /secondhand/Public/Index/webUploader/webuploader.css
INFO: [ app_init ] --START--
INFO: Run Behavior\BuildLiteBehavior [ RunTime:0.000021s ]
INFO: [ app_init ] --END-- [ RunTime:0.000485s ]
ERR: æ— æ³•åŠ è½½æ¨¡å—:Public

[ 2018-10-16T10:30:31+08:00 ] 127.0.0.1 /secondhand/Public/Index/webUploader/webuploader.js?_=1539657031168
INFO: [ app_init ] --START--
INFO: Run Behavior\BuildLiteBehavior [ RunTime:0.000056s ]
INFO: [ app_init ] --END-- [ RunTime:0.001134s ]
ERR: æ— æ³•åŠ è½½æ¨¡å—:Public

[ 2018-10-16T10:30:31+08:00 ] 127.0.0.1 /secondhand/Public/Index/images/noface.gif
INFO: [ app_init ] --START--
INFO: Run Behavior\BuildLiteBehavior [ RunTime:0.000041s ]
INFO: [ app_init ] --END-- [ RunTime:0.000714s ]
ERR: æ— æ³•åŠ è½½æ¨¡å—:Public

[ 2018-10-16T10:30:53+08:00 ] 127.0.0.1 /secondhand/Public/Index/webUploader/webuploader.css
INFO: [ app_init ] --START--
INFO: Run Behavior\BuildLiteBehavior [ RunTime:0.000022s ]
INFO: [ app_init ] --END-- [ RunTime:0.000470s ]
ERR: æ— æ³•åŠ è½½æ¨¡å—:Public

[ 2018-10-16T10:30:53+08:00 ] 127.0.0.1 /secondhand/Public/Index/webUploader/webuploader.js?_=1539657053656
INFO: [ app_init ] --START--
INFO: Run Behavior\BuildLiteBehavior [ RunTime:0.000022s ]
INFO: [ app_init ] --END-- [ RunTime:0.000524s ]
ERR: æ— æ³•åŠ è½½æ¨¡å—:Public

[ 2018-10-16T10:30:53+08:00 ] 127.0.0.1 /secondhand/Public/Index/images/noface.gif
INFO: [ app_init ] --START--
INFO: Run Behavior\BuildLiteBehavior [ RunTime:0.000048s ]
INFO: [ app_init ] --END-- [ RunTime:0.000900s ]
ERR: æ— æ³•åŠ è½½æ¨¡å—:Public

[ 2018-10-16T10:32:05+08:00 ] 127.0.0.1 /secondhand/Public/Index/webUploader/webuploader.css
INFO: [ app_init ] --START--
INFO: Run Behavior\BuildLiteBehavior [ RunTime:0.000021s ]
INFO: [ app_init ] --END-- [ RunTime:0.000451s ]
ERR: æ— æ³•åŠ è½½æ¨¡å—:Public

[ 2018-10-16T10:32:05+08:00 ] 127.0.0.1 /secondhand/Public/Index/webUploader/webuploader.js?_=1539657124993
INFO: [ app_init ] --START--
INFO: Run Behavior\BuildLiteBehavior [ RunTime:0.000024s ]
INFO: [ app_init ] --END-- [ RunTime:0.000699s ]
ERR: æ— æ³•åŠ è½½æ¨¡å—:Public

[ 2018-10-16T10:32:05+08:00 ] 127.0.0.1 /secondhand/Public/Index/images/noface.gif
INFO: [ app_init ] --START--
INFO: Run Behavior\BuildLiteBehavior [ RunTime:0.000040s ]
INFO: [ app_init ] --END-- [ RunTime:0.000716s ]
ERR: æ— æ³•åŠ è½½æ¨¡å—:Public

[ 2018-10-16T10:32:23+08:00 ] 127.0.0.1 /secondhand/Public/Index/webUploader/webuploader.css
INFO: [ app_init ] --START--
INFO: Run Behavior\BuildLiteBehavior [ RunTime:0.000050s ]
INFO: [ app_init ] --END-- [ RunTime:0.000657s ]
ERR: æ— æ³•åŠ è½½æ¨¡å—:Public

[ 2018-10-16T10:32:23+08:00 ] 127.0.0.1 /secondhand/Public/Index/webUploader/webuploader.js?_=1539657143521
INFO: [ app_init ] --START--
INFO: Run Behavior\BuildLiteBehavior [ RunTime:0.000030s ]
INFO: [ app_init ] --END-- [ RunTime:0.000663s ]
ERR: æ— æ³•åŠ è½½æ¨¡å—:Public

[ 2018-10-16T10:32:23+08:00 ] 127.0.0.1 /secondhand/Public/Index/images/noface.gif
INFO: [ app_init ] --START--
INFO: Run Behavior\BuildLiteBehavior [ RunTime:0.000045s ]
INFO: [ app_init ] --END-- [ RunTime:0.000906s ]
ERR: æ— æ³•åŠ è½½æ¨¡å—:Public

[ 2018-10-16T10:33:04+08:00 ] 127.0.0.1 /secondhand/Public/Index/webUploader/webuploader.css
INFO: [ app_init ] --START--
INFO: Run Behavior\BuildLiteBehavior [ RunTime:0.000055s ]
INFO: [ app_init ] --END-- [ RunTime:0.000806s ]
ERR: æ— æ³•åŠ è½½æ¨¡å—:Public

[ 2018-10-16T10:33:04+08:00 ] 127.0.0.1 /secondhand/Public/Index/webUploader/webuploader.js?_=1539657184803
INFO: [ app_init ] --START--
INFO: Run Behavior\BuildLiteBehavior [ RunTime:0.000035s ]
INFO: [ app_init ] --END-- [ RunTime:0.000689s ]
ERR: æ— æ³•åŠ è½½æ¨¡å—:Public

[ 2018-10-16T10:33:05+08:00 ] 127.0.0.1 /secondhand/Public/Index/images/noface.gif
INFO: [ app_init ] --START--
INFO: Run Behavior\BuildLiteBehavior [ RunTime:0.000034s ]
INFO: [ app_init ] --END-- [ RunTime:0.000681s ]
ERR: æ— æ³•åŠ è½½æ¨¡å—:Public

[ 2018-10-16T10:41:06+08:00 ] 127.0.0.1 /secondhand/Public/Q-image/wii.png
INFO: [ app_init ] --START--
INFO: Run Behavior\BuildLiteBehavior [ RunTime:0.000031s ]
INFO: [ app_init ] --END-- [ RunTime:0.000714s ]
ERR: æ— æ³•åŠ è½½æ¨¡å—:Public

[ 2018-10-16T10:41:06+08:00 ] 127.0.0.1 /secondhand/Public/Q-image/psp.png
INFO: [ app_init ] --START--
INFO: Run Behavior\BuildLiteBehavior [ RunTime:0.000045s ]
INFO: [ app_init ] --END-- [ RunTime:0.002241s ]
ERR: æ— æ³•åŠ è½½æ¨¡å—:Public

[ 2018-10-16T10:41:06+08:00 ] 127.0.0.1 /secondhand/Public/Q-image/ps3.png
INFO: [ app_init ] --START--
INFO: Run Behavior\BuildLiteBehavior [ RunTime:0.000066s ]
INFO: [ app_init ] --END-- [ RunTime:0.000847s ]
ERR: æ— æ³•åŠ è½½æ¨¡å—:Public

[ 2018-10-16T10:41:06+08:00 ] 127.0.0.1 /secondhand/Public/Q-image/xbox.png
INFO: [ app_init ] --START--
INFO: Run Behavior\BuildLiteBehavior [ RunTime:0.000025s ]
INFO: [ app_init ] --END-- [ RunTime:0.000532s ]
ERR: æ— æ³•åŠ è½½æ¨¡å—:Public

[ 2018-10-16T10:41:06+08:00 ] 127.0.0.1 /secondhand/Public/Q-image/xiangji.png
INFO: [ app_init ] --START--
INFO: Run Behavior\BuildLiteBehavior [ RunTime:0.000037s ]
INFO: [ app_init ] --END-- [ RunTime:0.000737s ]
ERR: æ— æ³•åŠ è½½æ¨¡å—:Public

[ 2018-10-16T10:41:06+08:00 ] 127.0.0.1 /secondhand/Public/Q-image/jingtou.png
INFO: [ app_init ] --START--
INFO: Run Behavior\BuildLiteBehavior [ RunTime:0.000051s ]
INFO: [ app_init ] --END-- [ RunTime:0.000968s ]
ERR: æ— æ³•åŠ è½½æ¨¡å—:Public

[ 2018-10-16T10:41:06+08:00 ] 127.0.0.1 /secondhand/Public/Q-image/yx.png
INFO: [ app_init ] --START--
INFO: Run Behavior\BuildLiteBehavior [ RunTime:0.000034s ]
INFO: [ app_init ] --END-- [ RunTime:0.000852s ]
ERR: æ— æ³•åŠ è½½æ¨¡å—:Public

[ 2018-10-16T10:41:06+08:00 ] 127.0.0.1 /secondhand/Public/Q-image/shexiangji.png
INFO: [ app_init ] --START--
INFO: Run Behavior\BuildLiteBehavior [ RunTime:0.000078s ]
INFO: [ app_init ] --END-- [ RunTime:0.001076s ]
ERR: æ— æ³•åŠ è½½æ¨¡å—:Public

[ 2018-10-16T10:41:06+08:00 ] 127.0.0.1 /secondhand/Public/Q-image/bijiben.png
INFO: [ app_init ] --START--
INFO: Run Behavior\BuildLiteBehavior [ RunTime:0.000034s ]
INFO: [ app_init ] --END-- [ RunTime:0.000778s ]
ERR: æ— æ³•åŠ è½½æ¨¡å—:Public

[ 2018-10-16T10:41:06+08:00 ] 127.0.0.1 /secondhand/Public/Q-image/pingbandiannao.png
INFO: [ app_init ] --START--
INFO: Run Behavior\BuildLiteBehavior [ RunTime:0.000034s ]
INFO: [ app_init ] --END-- [ RunTime:0.000798s ]
ERR: æ— æ³•åŠ è½½æ¨¡å—:Public

[ 2018-10-16T10:41:06+08:00 ] 127.0.0.1 /secondhand/Public/Q-image/shubiao.png
INFO: [ app_init ] --START--
INFO: Run Behavior\BuildLiteBehavior [ RunTime:0.000033s ]
INFO: [ app_init ] --END-- [ RunTime:0.000711s ]
ERR: æ— æ³•åŠ è½½æ¨¡å—:Public

[ 2018-10-16T10:41:06+08:00 ] 127.0.0.1 /secondhand/Public/Q-image/xianshiqi.png
INFO: [ app_init ] --START--
INFO: Run Behavior\BuildLiteBehavior [ RunTime:0.000094s ]
INFO: [ app_init ] --END-- [ RunTime:0.001225s ]
ERR: æ— æ³•åŠ è½½æ¨¡å—:Public

[ 2018-10-16T10:41:06+08:00 ] 127.0.0.1 /secondhand/Public/Q-image/upan.png
INFO: [ app_init ] --START--
INFO: Run Behavior\BuildLiteBehavior [ RunTime:0.000037s ]
INFO: [ app_init ] --END-- [ RunTime:0.000763s ]
ERR: æ— æ³•åŠ è½½æ¨¡å—:Public

[ 2018-10-16T10:41:06+08:00 ] 127.0.0.1 /secondhand/Public/Q-image/shancunka.png
INFO: [ app_init ] --START--
INFO: Run Behavior\BuildLiteBehavior [ RunTime:0.000072s ]
INFO: [ app_init ] --END-- [ RunTime:0.000667s ]
ERR: æ— æ³•åŠ è½½æ¨¡å—:Public

[ 2018-10-16T10:41:06+08:00 ] 127.0.0.1 /secondhand/Public/Q-image/taishiji.png
INFO: [ app_init ] --START--
INFO: Run Behavior\BuildLiteBehavior [ RunTime:0.000036s ]
INFO: [ app_init ] --END-- [ RunTime:0.000691s ]
ERR: æ— æ³•åŠ è½½æ¨¡å—:Public

[ 2018-10-16T10:41:06+08:00 ] 127.0.0.1 /secondhand/Public/Q-image/yidongyingpan.png
INFO: [ app_init ] --START--
INFO: Run Behavior\BuildLiteBehavior [ RunTime:0.000071s ]
INFO: [ app_init ] --END-- [ RunTime:0.000853s ]
ERR: æ— æ³•åŠ è½½æ¨¡å—:Public

[ 2018-10-16T10:41:06+08:00 ] 127.0.0.1 /secondhand/Public/Q-image/jianpan.png
INFO: [ app_init ] --START--
INFO: Run Behavior\BuildLiteBehavior [ RunTime:0.000035s ]
INFO: [ app_init ] --END-- [ RunTime:0.000810s ]
ERR: æ— æ³•åŠ è½½æ¨¡å—:Public

[ 2018-10-16T10:41:06+08:00 ] 127.0.0.1 /secondhand/Public/Q-image/pingguo.png
INFO: [ app_init ] --START--
INFO: Run Behavior\BuildLiteBehavior [ RunTime:0.000036s ]
INFO: [ app_init ] --END-- [ RunTime:0.000691s ]
ERR: æ— æ³•åŠ è½½æ¨¡å—:Public

[ 2018-10-16T10:41:06+08:00 ] 127.0.0.1 /secondhand/Public/Q-image/huawei.png
INFO: [ app_init ] --START--
INFO: Run Behavior\BuildLiteBehavior [ RunTime:0.000036s ]
INFO: [ app_init ] --END-- [ RunTime:0.000845s ]
ERR: æ— æ³•åŠ è½½æ¨¡å—:Public

[ 2018-10-16T10:41:06+08:00 ] 127.0.0.1 /secondhand/Public/Q-image/sanxing.png
INFO: [ app_init ] --START--
INFO: Run Behavior\BuildLiteBehavior [ RunTime:0.000063s ]
INFO: [ app_init ] --END-- [ RunTime:0.000932s ]
ERR: æ— æ³•åŠ è½½æ¨¡å—:Public

[ 2018-10-16T10:41:06+08:00 ] 127.0.0.1 /secondhand/Public/Q-image/xiaomi.png
INFO: [ app_init ] --START--
INFO: Run Behavior\BuildLiteBehavior [ RunTime:0.000023s ]
INFO: [ app_init ] --END-- [ RunTime:0.000479s ]
ERR: æ— æ³•åŠ è½½æ¨¡å—:Public

[ 2018-10-16T10:41:07+08:00 ] 127.0.0.1 /secondhand/Public/Q-image/oppo.png
INFO: [ app_init ] --START--
INFO: Run Behavior\BuildLiteBehavior [ RunTime:0.000036s ]
INFO: [ app_init ] --END-- [ RunTime:0.000733s ]
ERR: æ— æ³•åŠ è½½æ¨¡å—:Public

[ 2018-10-16T10:41:07+08:00 ] 127.0.0.1 /secondhand/Public/Q-image/htc.png
INFO: [ app_init ] --START--
INFO: Run Behavior\BuildLiteBehavior [ RunTime:0.000050s ]
INFO: [ app_init ] --END-- [ RunTime:0.000838s ]
ERR: æ— æ³•åŠ è½½æ¨¡å—:Public

[ 2018-10-16T10:41:07+08:00 ] 127.0.0.1 /secondhand/Public/Q-image/yijia.png
INFO: [ app_init ] --START--
INFO: Run Behavior\BuildLiteBehavior [ RunTime:0.000089s ]
INFO: [ app_init ] --END-- [ RunTime:0.000789s ]
ERR: æ— æ³•åŠ è½½æ¨¡å—:Public

[ 2018-10-16T10:41:07+08:00 ] 127.0.0.1 /secondhand/Public/Q-image/nubiya.png
INFO: [ app_init ] --START--
INFO: Run Behavior\BuildLiteBehavior [ RunTime:0.000033s ]
INFO: [ app_init ] --END-- [ RunTime:0.000796s ]
ERR: æ— æ³•åŠ è½½æ¨¡å—:Public

[ 2018-10-16T10:41:07+08:00 ] 127.0.0.1 /secondhand/Public/Q-image/nvshitxu.png
INFO: [ app_init ] --START--
INFO: Run Behavior\BuildLiteBehavior [ RunTime:0.000067s ]
INFO: [ app_init ] --END-- [ RunTime:0.000951s ]
ERR: æ— æ³•åŠ è½½æ¨¡å—:Public

[ 2018-10-16T10:41:07+08:00 ] 127.0.0.1 /secondhand/Public/Q-image/nvshiweiyi.png
INFO: [ app_init ] --START--
INFO: Run Behavior\BuildLiteBehavior [ RunTime:0.000060s ]
INFO: [ app_init ] --END-- [ RunTime:0.000859s ]
ERR: æ— æ³•åŠ è½½æ¨¡å—:Public

[ 2018-10-16T10:41:07+08:00 ] 127.0.0.1 /secondhand/Public/Q-image/vivo.png
INFO: [ app_init ] --START--
INFO: Run Behavior\BuildLiteBehavior [ RunTime:0.000094s ]
INFO: [ app_init ] --END-- [ RunTime:0.000929s ]
ERR: æ— æ³•åŠ è½½æ¨¡å—:Public

[ 2018-10-16T10:41:07+08:00 ] 127.0.0.1 /secondhand/Public/Q-image/nvxie.png
INFO: [ app_init ] --START--
INFO: Run Behavior\BuildLiteBehavior [ RunTime:0.000067s ]
INFO: [ app_init ] --END-- [ RunTime:0.000748s ]
ERR: æ— æ³•åŠ è½½æ¨¡å—:Public

c

[ 2018-10-16T10:41:07+08:00 ] 127.0.0.1 /secondhand/Public/Q-image/lianyiqun.png
INFO: [ app_init ] --START--
INFO: Run Behavior\BuildLiteBehavior [ RunTime:0.000034s ]
INFO: [ app_init ] --END-- [ RunTime:0.001020s ]
ERR: æ— æ³•åŠ è½½æ¨¡å—:Public



[ 2018-10-16T10:41:07+08:00 ] 127.0.0.1 /secondhand/Public/Q-image/nanshifengyi.png
INFO: [ app_init ] --START--
INFO: Run Behavior\BuildLiteBehavior [ RunTime:0.000034s ]
INFO: [ app_init ] --END-- [ RunTime:0.001491s ]
ERR: æ— æ³•åŠ è½½æ¨¡å—:Public

[ 2018-10-16T10:41:07+08:00 ] 127.0.0.1 /secondhand/Public/Q-image/nanshichenshan.png
INFO: [ app_init ] --START--
INFO: Run Behavior\BuildLiteBehavior [ RunTime:0.000039s ]
INFO: [ app_init ] --END-- [ RunTime:0.000709s ]
ERR: æ— æ³•åŠ è½½æ¨¡å—:Public

[ 2018-10-16T10:41:07+08:00 ] 127.0.0.1 /secondhand/Public/Q-image/nanxie.png
INFO: [ app_init ] --START--
INFO: Run Behavior\BuildLiteBehavior [ RunTime:0.000075s ]
INFO: [ app_init ] --END-- [ RunTime:0.000866s ]
ERR: æ— æ³•åŠ è½½æ¨¡å—:Public

[ 2018-10-16T10:41:07+08:00 ] 127.0.0.1 /secondhand/Public/Q-image/maozi.png
INFO: [ app_init ] --START--
INFO: Run Behavior\BuildLiteBehavior [ RunTime:0.000032s ]
INFO: [ app_init ] --END-- [ RunTime:0.000718s ]
ERR: æ— æ³•åŠ è½½æ¨¡å—:Public

[ 2018-10-16T10:41:07+08:00 ] 127.0.0.1 /secondhand/Public/Q-image/nanshiweiyi.png
INFO: [ app_init ] --START--
INFO: Run Behavior\BuildLiteBehavior [ RunTime:0.000036s ]
INFO: [ app_init ] --END-- [ RunTime:0.000636s ]
ERR: æ— æ³•åŠ è½½æ¨¡å—:Public

[ 2018-10-16T10:41:07+08:00 ] 127.0.0.1 /secondhand/Public/Q-image/pidai.png
INFO: [ app_init ] --START--
INFO: Run Behavior\BuildLiteBehavior [ RunTime:0.000032s ]
INFO: [ app_init ] --END-- [ RunTime:0.000618s ]
ERR: æ— æ³•åŠ è½½æ¨¡å—:Public

[ 2018-10-16T10:41:07+08:00 ] 127.0.0.1 /secondhand/Public/Q-image/sijin.png
INFO: [ app_init ] --START--
INFO: Run Behavior\BuildLiteBehavior [ RunTime:0.000033s ]
INFO: [ app_init ] --END-- [ RunTime:0.000656s ]
ERR: æ— æ³•åŠ è½½æ¨¡å—:Public

[ 2018-10-16T10:41:07+08:00 ] 127.0.0.1 /secondhand/Public/Q-image/weijin.png
INFO: [ app_init ] --START--
INFO: Run Behavior\BuildLiteBehavior [ RunTime:0.000030s ]
INFO: [ app_init ] --END-- [ RunTime:0.000735s ]
ERR: æ— æ³•åŠ è½½æ¨¡å—:Public

[ 2018-10-16T10:41:07+08:00 ] 127.0.0.1 /secondhand/Public/Q-image/shoutao.png
INFO: [ app_init ] --START--
INFO: Run Behavior\BuildLiteBehavior [ RunTime:0.000033s ]
INFO: [ app_init ] --END-- [ RunTime:0.000720s ]
ERR: æ— æ³•åŠ è½½æ¨¡å—:Public

[ 2018-10-16T10:41:07+08:00 ] 127.0.0.1 /secondhand/Public/Q-image/erzhui.png
INFO: [ app_init ] --START--
INFO: Run Behavior\BuildLiteBehavior [ RunTime:0.000031s ]
INFO: [ app_init ] --END-- [ RunTime:0.000600s ]
ERR: æ— æ³•åŠ è½½æ¨¡å—:Public

[ 2018-10-16T10:41:07+08:00 ] 127.0.0.1 /secondhand/Public/Q-image/shoubiao.png
INFO: [ app_init ] --START--
INFO: Run Behavior\BuildLiteBehavior [ RunTime:0.000068s ]
INFO: [ app_init ] --END-- [ RunTime:0.018459s ]
ERR: æ— æ³•åŠ è½½æ¨¡å—:Public

[ 2018-10-16T10:41:07+08:00 ] 127.0.0.1 /secondhand/Public/Q-image/nanshitxu.png
INFO: [ app_init ] --START--
INFO: Run Behavior\BuildLiteBehavior [ RunTime:0.000035s ]
INFO: [ app_init ] --END-- [ RunTime:0.000826s ]
ERR: æ— æ³•åŠ è½½æ¨¡å—:Public

[ 2018-10-16T10:41:07+08:00 ] 127.0.0.1 /secondhand/Public/Q-image/xianglian.png
INFO: [ app_init ] --START--
INFO: Run Behavior\BuildLiteBehavior [ RunTime:0.000090s ]
INFO: [ app_init ] --END-- [ RunTime:0.001166s ]
ERR: æ— æ³•åŠ è½½æ¨¡å—:Public

[ 2018-10-16T10:41:07+08:00 ] 127.0.0.1 /secondhand/Public/Q-image/jiezhi.png
INFO: [ app_init ] --START--
INFO: Run Behavior\BuildLiteBehavior [ RunTime:0.000045s ]
INFO: [ app_init ] --END-- [ RunTime:0.001019s ]
ERR: æ— æ³•åŠ è½½æ¨¡å—:Public

[ 2018-10-16T10:41:07+08:00 ] 127.0.0.1 /secondhand/Public/Q-image/yusan.png
INFO: [ app_init ] --START--
INFO: Run Behavior\BuildLiteBehavior [ RunTime:0.000069s ]
INFO: [ app_init ] --END-- [ RunTime:0.001371s ]
ERR: æ— æ³•åŠ è½½æ¨¡å—:Public

[ 2018-10-16T10:41:07+08:00 ] 127.0.0.1 /secondhand/Public/Q-image/xiyiye.png
INFO: [ app_init ] --START--
INFO: Run Behavior\BuildLiteBehavior [ RunTime:0.000031s ]
INFO: [ app_init ] --END-- [ RunTime:0.000616s ]
ERR: æ— æ³•åŠ è½½æ¨¡å—:Public

[ 2018-10-16T10:41:07+08:00 ] 127.0.0.1 /secondhand/Public/Q-image/lajitong.png
INFO: [ app_init ] --START--
INFO: Run Behavior\BuildLiteBehavior [ RunTime:0.000079s ]
INFO: [ app_init ] --END-- [ RunTime:0.001214s ]
ERR: æ— æ³•åŠ è½½æ¨¡å—:Public

[ 2018-10-16T10:41:07+08:00 ] 127.0.0.1 /secondhand/Public/Q-image/yuyi.png
INFO: [ app_init ] --START--
INFO: Run Behavior\BuildLiteBehavior [ RunTime:0.000034s ]
INFO: [ app_init ] --END-- [ RunTime:0.000666s ]
ERR: æ— æ³•åŠ è½½æ¨¡å—:Public

[ 2018-10-16T10:41:07+08:00 ] 127.0.0.1 /secondhand/Public/Q-image/maojin.png
INFO: [ app_init ] --START--
INFO: Run Behavior\BuildLiteBehavior [ RunTime:0.000065s ]
INFO: [ app_init ] --END-- [ RunTime:0.043846s ]
ERR: æ— æ³•åŠ è½½æ¨¡å—:Public

[ 2018-10-16T10:41:07+08:00 ] 127.0.0.1 /secondhand/Public/Q-image/huazhuangpin.png
INFO: [ app_init ] --START--
INFO: Run Behavior\BuildLiteBehavior [ RunTime:0.000062s ]
INFO: [ app_init ] --END-- [ RunTime:0.000767s ]
ERR: æ— æ³•åŠ è½½æ¨¡å—:Public

[ 2018-10-16T10:41:07+08:00 ] 127.0.0.1 /secondhand/Public/Q-image/nanbao.png
INFO: [ app_init ] --START--
INFO: Run Behavior\BuildLiteBehavior [ RunTime:0.000050s ]
INFO: [ app_init ] --END-- [ RunTime:0.001232s ]
ERR: æ— æ³•åŠ è½½æ¨¡å—:Public

[ 2018-10-16T10:41:07+08:00 ] 127.0.0.1 /secondhand/Public/Q-image/nvbao.png
INFO: [ app_init ] --START--
INFO: Run Behavior\BuildLiteBehavior [ RunTime:0.000049s ]
INFO: [ app_init ] --END-- [ RunTime:0.001660s ]
ERR: æ— æ³•åŠ è½½æ¨¡å—:Public

[ 2018-10-16T10:41:07+08:00 ] 127.0.0.1 /secondhand/Public/Q-image/xiyifen.png
INFO: [ app_init ] --START--
INFO: Run Behavior\BuildLiteBehavior [ RunTime:0.000037s ]
INFO: [ app_init ] --END-- [ RunTime:0.000955s ]
ERR: æ— æ³•åŠ è½½æ¨¡å—:Public

[ 2018-10-16T10:41:07+08:00 ] 127.0.0.1 /secondhand/Public/Q-image/lvxingxiang.png
INFO: [ app_init ] --START--
INFO: Run Behavior\BuildLiteBehavior [ RunTime:0.000042s ]
INFO: [ app_init ] --END-- [ RunTime:0.000780s ]
ERR: æ— æ³•åŠ è½½æ¨¡å—:Public

[ 2018-10-16T10:41:07+08:00 ] 127.0.0.1 /secondhand/Public/Q-image/shuji.png
INFO: [ app_init ] --START--
INFO: Run Behavior\BuildLiteBehavior [ RunTime:0.000044s ]
INFO: [ app_init ] --END-- [ RunTime:0.000793s ]
ERR: æ— æ³•åŠ è½½æ¨¡å—:Public

[ 2018-10-16T10:41:40+08:00 ] 127.0.0.1 /secondhand/Public/Index/webUploader/webuploader.css
INFO: [ app_init ] --START--
INFO: Run Behavior\BuildLiteBehavior [ RunTime:0.000024s ]
INFO: [ app_init ] --END-- [ RunTime:0.000500s ]
ERR: æ— æ³•åŠ è½½æ¨¡å—:Public

[ 2018-10-16T10:41:40+08:00 ] 127.0.0.1 /secondhand/Public/Index/webUploader/webuploader.js?_=1539657700346
INFO: [ app_init ] --START--
INFO: Run Behavior\BuildLiteBehavior [ RunTime:0.000046s ]
INFO: [ app_init ] --END-- [ RunTime:0.000847s ]
ERR: æ— æ³•åŠ è½½æ¨¡å—:Public

[ 2018-10-16T10:41:40+08:00 ] 127.0.0.1 /secondhand/Public/Index/images/noface.gif
INFO: [ app_init ] --START--
INFO: Run Behavior\BuildLiteBehavior [ RunTime:0.000036s ]
INFO: [ app_init ] --END-- [ RunTime:0.000751s ]
ERR: æ— æ³•åŠ è½½æ¨¡å—:Public

[ 2018-10-16T10:47:58+08:00 ] 127.0.0.1 /secondhand/Public/Index/webUploader/webuploader.css
INFO: [ app_init ] --START--
INFO: Run Behavior\BuildLiteBehavior [ RunTime:0.000021s ]
INFO: [ app_init ] --END-- [ RunTime:0.000443s ]
ERR: æ— æ³•åŠ è½½æ¨¡å—:Public

[ 2018-10-16T10:47:58+08:00 ] 127.0.0.1 /secondhand/Public/Index/webUploader/webuploader.js?_=1539658078053
INFO: [ app_init ] --START--
INFO: Run Behavior\BuildLiteBehavior [ RunTime:0.000021s ]
INFO: [ app_init ] --END-- [ RunTime:0.000457s ]
ERR: æ— æ³•åŠ è½½æ¨¡å—:Public

[ 2018-10-16T10:47:58+08:00 ] 127.0.0.1 /secondhand/Public/Index/images/noface.gif
INFO: [ app_init ] --START--
INFO: Run Behavior\BuildLiteBehavior [ RunTime:0.000057s ]
INFO: [ app_init ] --END-- [ RunTime:0.000881s ]
ERR: æ— æ³•åŠ è½½æ¨¡å—:Public

[ 2018-10-16T10:49:33+08:00 ] 127.0.0.1 /secondhand/Public/Index/webUploader/webuploader.css
INFO: [ app_init ] --START--
INFO: Run Behavior\BuildLiteBehavior [ RunTime:0.000022s ]
INFO: [ app_init ] --END-- [ RunTime:0.000460s ]
ERR: æ— æ³•åŠ è½½æ¨¡å—:Public

[ 2018-10-16T10:49:33+08:00 ] 127.0.0.1 /secondhand/Public/Index/webUploader/webuploader.js?_=1539658173933
INFO: [ app_init ] --START--
INFO: Run Behavior\BuildLiteBehavior [ RunTime:0.000021s ]
INFO: [ app_init ] --END-- [ RunTime:0.000462s ]
ERR: æ— æ³•åŠ è½½æ¨¡å—:Public

[ 2018-10-16T10:49:34+08:00 ] 127.0.0.1 /secondhand/Public/Index/images/noface.gif
INFO: [ app_init ] --START--
INFO: Run Behavior\BuildLiteBehavior [ RunTime:0.000041s ]
INFO: [ app_init ] --END-- [ RunTime:0.000886s ]
ERR: æ— æ³•åŠ è½½æ¨¡å—:Public

[ 2018-10-16T10:50:21+08:00 ] 127.0.0.1 /secondhand/Public/Index/webUploader/webuploader.css
INFO: [ app_init ] --START--
INFO: Run Behavior\BuildLiteBehavior [ RunTime:0.000022s ]
INFO: [ app_init ] --END-- [ RunTime:0.000478s ]
ERR: æ— æ³•åŠ è½½æ¨¡å—:Public

[ 2018-10-16T10:50:21+08:00 ] 127.0.0.1 /secondhand/Public/Index/webUploader/webuploader.js?_=1539658221411
INFO: [ app_init ] --START--
INFO: Run Behavior\BuildLiteBehavior [ RunTime:0.000052s ]
INFO: [ app_init ] --END-- [ RunTime:0.001070s ]
ERR: æ— æ³•åŠ è½½æ¨¡å—:Public

[ 2018-10-16T10:50:21+08:00 ] 127.0.0.1 /secondhand/Public/Index/images/noface.gif
INFO: [ app_init ] --START--
INFO: Run Behavior\BuildLiteBehavior [ RunTime:0.000019s ]
INFO: [ app_init ] --END-- [ RunTime:0.000407s ]
ERR: æ— æ³•åŠ è½½æ¨¡å—:Public

[ 2018-10-16T10:58:58+08:00 ] 127.0.0.1 /secondhand/Public/Index/webUploader/webuploader.css
INFO: [ app_init ] --START--
INFO: Run Behavior\BuildLiteBehavior [ RunTime:0.000033s ]
INFO: [ app_init ] --END-- [ RunTime:0.000644s ]
ERR: æ— æ³•åŠ è½½æ¨¡å—:Public

[ 2018-10-16T10:58:58+08:00 ] 127.0.0.1 /secondhand/Public/Index/webUploader/webuploader.js?_=1539658738407
INFO: [ app_init ] --START--
INFO: Run Behavior\BuildLiteBehavior [ RunTime:0.000060s ]
INFO: [ app_init ] --END-- [ RunTime:0.000941s ]
ERR: æ— æ³•åŠ è½½æ¨¡å—:Public

[ 2018-10-16T10:58:58+08:00 ] 127.0.0.1 /secondhand/Public/Index/images/noface.gif
INFO: [ app_init ] --START--
INFO: Run Behavior\BuildLiteBehavior [ RunTime:0.000025s ]
INFO: [ app_init ] --END-- [ RunTime:0.000508s ]
ERR: æ— æ³•åŠ è½½æ¨¡å—:Public

[ 2018-10-16T11:06:50+08:00 ] 127.0.0.1 /secondhand/Public/Index/webUploader/webuploader.css
INFO: [ app_init ] --START--
INFO: Run Behavior\BuildLiteBehavior [ RunTime:0.000033s ]
INFO: [ app_init ] --END-- [ RunTime:0.000471s ]
ERR: æ— æ³•åŠ è½½æ¨¡å—:Public

[ 2018-10-16T11:06:51+08:00 ] 127.0.0.1 /secondhand/Public/Index/webUploader/webuploader.js?_=1539659210903
INFO: [ app_init ] --START--
INFO: Run Behavior\BuildLiteBehavior [ RunTime:0.000024s ]
INFO: [ app_init ] --END-- [ RunTime:0.000558s ]
ERR: æ— æ³•åŠ è½½æ¨¡å—:Public

[ 2018-10-16T11:06:51+08:00 ] 127.0.0.1 /secondhand/Public/Index/images/noface.gif
INFO: [ app_init ] --START--
INFO: Run Behavior\BuildLiteBehavior [ RunTime:0.000036s ]
INFO: [ app_init ] --END-- [ RunTime:0.000852s ]
ERR: æ— æ³•åŠ è½½æ¨¡å—:Public

[ 2018-10-16T11:16:40+08:00 ] 127.0.0.1 /secondhand/Public/Index/webUploader/webuploader.js?_=1539659800532
INFO: [ app_init ] --START--
INFO: Run Behavior\BuildLiteBehavior [ RunTime:0.000023s ]
INFO: [ app_init ] --END-- [ RunTime:0.000495s ]
ERR: æ— æ³•åŠ è½½æ¨¡å—:Public

[ 2018-10-16T11:16:40+08:00 ] 127.0.0.1 /secondhand/Public/Index/webUploader/webuploader.css
INFO: [ app_init ] --START--
INFO: Run Behavior\BuildLiteBehavior [ RunTime:0.000055s ]
INFO: [ app_init ] --END-- [ RunTime:0.000792s ]
ERR: æ— æ³•åŠ è½½æ¨¡å—:Public

[ 2018-10-16T11:16:40+08:00 ] 127.0.0.1 /secondhand/Public/Index/images/noface.gif
INFO: [ app_init ] --START--
INFO: Run Behavior\BuildLiteBehavior [ RunTime:0.000024s ]
INFO: [ app_init ] --END-- [ RunTime:0.000510s ]
ERR: æ— æ³•åŠ è½½æ¨¡å—:Public

[ 2018-10-16T11:18:10+08:00 ] 127.0.0.1 /secondhand/Public/Index/webUploader/webuploader.css
INFO: [ app_init ] --START--
INFO: Run Behavior\BuildLiteBehavior [ RunTime:0.000038s ]
INFO: [ app_init ] --END-- [ RunTime:0.000723s ]
ERR: æ— æ³•åŠ è½½æ¨¡å—:Public

[ 2018-10-16T11:18:10+08:00 ] 127.0.0.1 /secondhand/Public/Index/webUploader/webuploader.js?_=1539659890675
INFO: [ app_init ] --START--
INFO: Run Behavior\BuildLiteBehavior [ RunTime:0.000036s ]
INFO: [ app_init ] --END-- [ RunTime:0.000781s ]
ERR: æ— æ³•åŠ è½½æ¨¡å—:Public

[ 2018-10-16T11:18:11+08:00 ] 127.0.0.1 /secondhand/Public/Index/images/noface.gif
INFO: [ app_init ] --START--
INFO: Run Behavior\BuildLiteBehavior [ RunTime:0.000037s ]
INFO: [ app_init ] --END-- [ RunTime:0.000902s ]
ERR: æ— æ³•åŠ è½½æ¨¡å—:Public

[ 2018-10-16T11:18:28+08:00 ] 127.0.0.1 /secondhand/Public/Index/webUploader/webuploader.js?_=1539659908924
INFO: [ app_init ] --START--
INFO: Run Behavior\BuildLiteBehavior [ RunTime:0.000026s ]
INFO: [ app_init ] --END-- [ RunTime:0.000923s ]
ERR: æ— æ³•åŠ è½½æ¨¡å—:Public

[ 2018-10-16T11:18:28+08:00 ] 127.0.0.1 /secondhand/Public/Index/webUploader/webuploader.css
INFO: [ app_init ] --START--
INFO: Run Behavior\BuildLiteBehavior [ RunTime:0.000074s ]
INFO: [ app_init ] --END-- [ RunTime:0.001056s ]
ERR: æ— æ³•åŠ è½½æ¨¡å—:Public

[ 2018-10-16T11:18:29+08:00 ] 127.0.0.1 /secondhand/Public/Index/images/noface.gif
INFO: [ app_init ] --START--
INFO: Run Behavior\BuildLiteBehavior [ RunTime:0.000038s ]
INFO: [ app_init ] --END-- [ RunTime:0.000678s ]
ERR: æ— æ³•åŠ è½½æ¨¡å—:Public

[ 2018-10-16T11:41:54+08:00 ] 127.0.0.1 /secondhand/Public/Index/webUploader/webuploader.css
INFO: [ app_init ] --START--
INFO: Run Behavior\BuildLiteBehavior [ RunTime:0.000033s ]
INFO: [ app_init ] --END-- [ RunTime:0.000629s ]
ERR: æ— æ³•åŠ è½½æ¨¡å—:Public

¡å—:Public

[ 2018-10-16T11:41:54+08:00 ] 127.0.0.1 /secondhand/Public/Index/images/noface.gif
INFO: [ app_init ] --START--
INFO: Run Behavior\BuildLiteBehavior [ RunTime:0.000046s ]
INFO: [ app_init ] --END-- [ RunTime:0.001751s ]
ERR: æ— æ³•åŠ è½½æ¨¡å—:Public

[ 2018-10-16T11:42:30+08:00 ] 127.0.0.1 /secondhand/Public/Index/webUploader/webuploader.css
INFO: [ app_init ] --START--
INFO: Run Behavior\BuildLiteBehavior [ RunTime:0.000037s ]
INFO: [ app_init ] --END-- [ RunTime:0.000774s ]
ERR: æ— æ³•åŠ è½½æ¨¡å—:Public

[ 2018-10-16T11:42:30+08:00 ] 127.0.0.1 /secondhand/Public/Index/webUploader/webuploader.js?_=1539661350222
INFO: [ app_init ] --START--
INFO: Run Behavior\BuildLiteBehavior [ RunTime:0.000036s ]
INFO: [ app_init ] --END-- [ RunTime:0.000747s ]
ERR: æ— æ³•åŠ è½½æ¨¡å—:Public

[ 2018-10-16T11:42:30+08:00 ] 127.0.0.1 /secondhand/Public/Index/images/noface.gif
INFO: [ app_init ] --START--
INFO: Run Behavior\BuildLiteBehavior [ RunTime:0.000037s ]
INFO: [ app_init ] --END-- [ RunTime:0.000888s ]
ERR: æ— æ³•åŠ è½½æ¨¡å—:Public

[ 2018-10-16T11:45:51+08:00 ] 127.0.0.1 /secondhand/Public/Index/webUploader/webuploader.css
INFO: [ app_init ] --START--
INFO: Run Behavior\BuildLiteBehavior [ RunTime:0.000021s ]
INFO: [ app_init ] --END-- [ RunTime:0.000480s ]
ERR: æ— æ³•åŠ è½½æ¨¡å—:Public

[ 2018-10-16T11:45:51+08:00 ] 127.0.0.1 /secondhand/Public/Index/webUploader/webuploader.js?_=1539661551941
INFO: [ app_init ] --START--
INFO: Run Behavior\BuildLiteBehavior [ RunTime:0.000023s ]
INFO: [ app_init ] --END-- [ RunTime:0.000471s ]
ERR: æ— æ³•åŠ è½½æ¨¡å—:Public

[ 2018-10-16T11:47:01+08:00 ] 127.0.0.1 /secondhand/Public/Index/webUploader/webuploader.css
INFO: [ app_init ] --START--
INFO: Run Behavior\BuildLiteBehavior [ RunTime:0.000058s ]
INFO: [ app_init ] --END-- [ RunTime:0.000817s ]
ERR: æ— æ³•åŠ è½½æ¨¡å—:Public

[ 2018-10-16T11:47:01+08:00 ] 127.0.0.1 /secondhand/Public/Index/webUploader/webuploader.js?_=1539661621122
INFO: [ app_init ] --START--
INFO: Run Behavior\BuildLiteBehavior [ RunTime:0.000072s ]
INFO: [ app_init ] --END-- [ RunTime:0.000840s ]
ERR: æ— æ³•åŠ è½½æ¨¡å—:Public

[ 2018-10-16T11:48:07+08:00 ] 127.0.0.1 /secondhand/Public/Index/webUploader/webuploader.css
INFO: [ app_init ] --START--
INFO: Run Behavior\BuildLiteBehavior [ RunTime:0.000035s ]
INFO: [ app_init ] --END-- [ RunTime:0.000749s ]
ERR: æ— æ³•åŠ è½½æ¨¡å—:Public

[ 2018-10-16T11:48:07+08:00 ] 127.0.0.1 /secondhand/Public/Index/webUploader/webuploader.js?_=1539661687299
INFO: [ app_init ] --START--
INFO: Run Behavior\BuildLiteBehavior [ RunTime:0.000067s ]
INFO: [ app_init ] --END-- [ RunTime:0.000809s ]
ERR: æ— æ³•åŠ è½½æ¨¡å—:Public

[ 2018-10-16T11:49:01+08:00 ] 127.0.0.1 /secondhand/Public/Index/webUploader/webuploader.css
INFO: [ app_init ] --START--
INFO: Run Behavior\BuildLiteBehavior [ RunTime:0.000019s ]
INFO: [ app_init ] --END-- [ RunTime:0.000410s ]
ERR: æ— æ³•åŠ è½½æ¨¡å—:Public

[ 2018-10-16T11:49:01+08:00 ] 127.0.0.1 /secondhand/Public/Index/webUploader/webuploader.js?_=1539661741413
INFO: [ app_init ] --START--
INFO: Run Behavior\BuildLiteBehavior [ RunTime:0.000019s ]
INFO: [ app_init ] --END-- [ RunTime:0.000400s ]
ERR: æ— æ³•åŠ è½½æ¨¡å—:Public

[ 2018-10-16T11:49:23+08:00 ] 127.0.0.1 /secondhand/Public/Index/webUploader/webuploader.css
INFO: [ app_init ] --START--
INFO: Run Behavior\BuildLiteBehavior [ RunTime:0.000038s ]
INFO: [ app_init ] --END-- [ RunTime:0.000767s ]
ERR: æ— æ³•åŠ è½½æ¨¡å—:Public

[ 2018-10-16T11:49:23+08:00 ] 127.0.0.1 /secondhand/Public/Index/webUploader/webuploader.js?_=1539661763861
INFO: [ app_init ] --START--
INFO: Run Behavior\BuildLiteBehavior [ RunTime:0.000029s ]
INFO: [ app_init ] --END-- [ RunTime:0.000487s ]
ERR: æ— æ³•åŠ è½½æ¨¡å—:Public

[ 2018-10-16T11:49:54+08:00 ] 127.0.0.1 /secondhand/Public/Index/webUploader/webuploader.css
INFO: [ app_init ] --START--
INFO: Run Behavior\BuildLiteBehavior [ RunTime:0.000041s ]
INFO: [ app_init ] --END-- [ RunTime:0.000463s ]
ERR: æ— æ³•åŠ è½½æ¨¡å—:Public

[ 2018-10-16T11:49:54+08:00 ] 127.0.0.1 /secondhand/Public/Index/webUploader/webuploader.js?_=1539661794436
INFO: [ app_init ] --START--
INFO: Run Behavior\BuildLiteBehavior [ RunTime:0.000029s ]
INFO: [ app_init ] --END-- [ RunTime:0.000672s ]
ERR: æ— æ³•åŠ è½½æ¨¡å—:Public

[ 2018-10-16T11:50:15+08:00 ] 127.0.0.1 /secondhand/Public/Index/webUploader/webuploader.js?_=1539661815695
INFO: [ app_init ] --START--
INFO: Run Behavior\BuildLiteBehavior [ RunTime:0.000022s ]
INFO: [ app_init ] --END-- [ RunTime:0.000477s ]
ERR: æ— æ³•åŠ è½½æ¨¡å—:Public

[ 2018-10-16T11:50:15+08:00 ] 127.0.0.1 /secondhand/Public/Index/webUploader/webuploader.css
INFO: [ app_init ] --START--
INFO: Run Behavior\BuildLiteBehavior [ RunTime:0.000024s ]
INFO: [ app_init ] --END-- [ RunTime:0.000472s ]
ERR: æ— æ³•åŠ è½½æ¨¡å—:Public

[ 2018-10-16T14:31:46+08:00 ] 127.0.0.1 /secondhand/Public/Index/webUploader/webuploader.css
INFO: [ app_init ] --START--
INFO: Run Behavior\BuildLiteBehavior [ RunTime:0.000079s ]
INFO: [ app_init ] --END-- [ RunTime:0.001011s ]
ERR: æ— æ³•åŠ è½½æ¨¡å—:Public

[ 2018-10-16T14:31:46+08:00 ] 127.0.0.1 /secondhand/Public/Index/webUploader/webuploader.js?_=1539671506922
INFO: [ app_init ] --START--
INFO: Run Behavior\BuildLiteBehavior [ RunTime:0.000019s ]
INFO: [ app_init ] --END-- [ RunTime:0.000398s ]
ERR: æ— æ³•åŠ è½½æ¨¡å—:Public

[ 2018-10-16T14:32:34+08:00 ] 127.0.0.1 /secondhand/Public/Index/webUploader/webuploader.css
INFO: [ app_init ] --START--
INFO: Run Behavior\BuildLiteBehavior [ RunTime:0.000049s ]
INFO: [ app_init ] --END-- [ RunTime:0.000723s ]
ERR: æ— æ³•åŠ è½½æ¨¡å—:Public

[ 2018-10-16T14:32:34+08:00 ] 127.0.0.1 /secondhand/Public/Index/webUploader/webuploader.js?_=1539671554792
INFO: [ app_init ] --START--
INFO: Run Behavior\BuildLiteBehavior [ RunTime:0.000041s ]
INFO: [ app_init ] --END-- [ RunTime:0.000665s ]
ERR: æ— æ³•åŠ è½½æ¨¡å—:Public

[ 2018-10-16T14:33:07+08:00 ] 127.0.0.1 /secondhand/Public/Index/webUploader/webuploader.css
INFO: [ app_init ] --START--
INFO: Run Behavior\BuildLiteBehavior [ RunTime:0.000073s ]
INFO: [ app_init ] --END-- [ RunTime:0.000845s ]
ERR: æ— æ³•åŠ è½½æ¨¡å—:Public

[ 2018-10-16T14:33:07+08:00 ] 127.0.0.1 /secondhand/Public/Index/webUploader/webuploader.js?_=1539671587253
INFO: [ app_init ] --START--
INFO: Run Behavior\BuildLiteBehavior [ RunTime:0.000024s ]
INFO: [ app_init ] --END-- [ RunTime:0.000765s ]
ERR: æ— æ³•åŠ è½½æ¨¡å—:Public

[ 2018-10-16T14:34:43+08:00 ] 127.0.0.1 /secondhand/Public/Index/webUploader/webuploader.css
INFO: [ app_init ] --START--
INFO: Run Behavior\BuildLiteBehavior [ RunTime:0.000022s ]
INFO: [ app_init ] --END-- [ RunTime:0.000527s ]
ERR: æ— æ³•åŠ è½½æ¨¡å—:Public

[ 2018-10-16T14:34:43+08:00 ] 127.0.0.1 /secondhand/Public/Index/webUploader/webuploader.js?_=1539671683073
INFO: [ app_init ] --START--
INFO: Run Behavior\BuildLiteBehavior [ RunTime:0.000023s ]
INFO: [ app_init ] --END-- [ RunTime:0.000480s ]
ERR: æ— æ³•åŠ è½½æ¨¡å—:Public

[ 2018-10-16T14:36:51+08:00 ] 127.0.0.1 /secondhand/Public/Index/webUploader/webuploader.css
INFO: [ app_init ] --START--
INFO: Run Behavior\BuildLiteBehavior [ RunTime:0.000052s ]
INFO: [ app_init ] --END-- [ RunTime:0.000738s ]
ERR: æ— æ³•åŠ è½½æ¨¡å—:Public

[ 2018-10-16T14:36:51+08:00 ] 127.0.0.1 /secondhand/Public/Index/webUploader/webuploader.js?_=1539671811556
INFO: [ app_init ] --START--
INFO: Run Behavior\BuildLiteBehavior [ RunTime:0.000021s ]
INFO: [ app_init ] --END-- [ RunTime:0.000442s ]
ERR: æ— æ³•åŠ è½½æ¨¡å—:Public

[ 2018-10-16T14:37:53+08:00 ] 127.0.0.1 /secondhand/Public/Index/webUploader/webuploader.css
INFO: [ app_init ] --START--
INFO: Run Behavior\BuildLiteBehavior [ RunTime:0.000037s ]
INFO: [ app_init ] --END-- [ RunTime:0.000785s ]
ERR: æ— æ³•åŠ è½½æ¨¡å—:Public

[ 2018-10-16T14:37:53+08:00 ] 127.0.0.1 /secondhand/Public/Index/webUploader/webuploader.js?_=1539671873381
INFO: [ app_init ] --START--
INFO: Run Behavior\BuildLiteBehavior [ RunTime:0.000036s ]
INFO: [ app_init ] --END-- [ RunTime:0.000788s ]
ERR: æ— æ³•åŠ è½½æ¨¡å—:Public

[ 2018-10-16T14:38:42+08:00 ] 127.0.0.1 /secondhand/Public/Index/webUploader/webuploader.css
INFO: [ app_init ] --START--
INFO: Run Behavior\BuildLiteBehavior [ RunTime:0.000020s ]
INFO: [ app_init ] --END-- [ RunTime:0.000555s ]
ERR: æ— æ³•åŠ è½½æ¨¡å—:Public

[ 2018-10-16T14:38:42+08:00 ] 127.0.0.1 /secondhand/Public/Index/webUploader/webuploader.js?_=1539671922549
INFO: [ app_init ] --START--
INFO: Run Behavior\BuildLiteBehavior [ RunTime:0.000022s ]
INFO: [ app_init ] --END-- [ RunTime:0.000455s ]
ERR: æ— æ³•åŠ è½½æ¨¡å—:Public

[ 2018-10-16T14:42:51+08:00 ] 127.0.0.1 /secondhand/Public/Index/webUploader/webuploader.css
INFO: [ app_init ] --START--
INFO: Run Behavior\BuildLiteBehavior [ RunTime:0.000058s ]
INFO: [ app_init ] --END-- [ RunTime:0.000845s ]
ERR: æ— æ³•åŠ è½½æ¨¡å—:Public

[ 2018-10-16T14:42:51+08:00 ] 127.0.0.1 /secondhand/Public/Index/webUploader/webuploader.js?_=1539672171312
INFO: [ app_init ] --START--
INFO: Run Behavior\BuildLiteBehavior [ RunTime:0.000041s ]
INFO: [ app_init ] --END-- [ RunTime:0.000889s ]
ERR: æ— æ³•åŠ è½½æ¨¡å—:Public

[ 2018-10-16T14:46:22+08:00 ] 127.0.0.1 /secondhand/Public/Index/webUploader/webuploader.js?_=1539672382674
INFO: [ app_init ] --START--
INFO: Run Behavior\BuildLiteBehavior [ RunTime:0.000060s ]
INFO: [ app_init ] --END-- [ RunTime:0.001044s ]
ERR: æ— æ³•åŠ è½½æ¨¡å—:Public

[ 2018-10-16T14:46:22+08:00 ] 127.0.0.1 /secondhand/Public/Index/webUploader/webuploader.css
INFO: [ app_init ] --START--
INFO: Run Behavior\BuildLiteBehavior [ RunTime:0.000041s ]
INFO: [ app_init ] --END-- [ RunTime:0.000875s ]
ERR: æ— æ³•åŠ è½½æ¨¡å—:Public

[ 2018-10-16T14:48:31+08:00 ] 127.0.0.1 /secondhand/Public/Index/webUploader/webuploader.css
INFO: [ app_init ] --START--
INFO: Run Behavior\BuildLiteBehavior [ RunTime:0.000021s ]
INFO: [ app_init ] --END-- [ RunTime:0.000456s ]
ERR: æ— æ³•åŠ è½½æ¨¡å—:Public

[ 2018-10-16T14:48:31+08:00 ] 127.0.0.1 /secondhand/Public/Index/webUploader/webuploader.js?_=1539672511137
INFO: [ app_init ] --START--
INFO: Run Behavior\BuildLiteBehavior [ RunTime:0.000024s ]
INFO: [ app_init ] --END-- [ RunTime:0.000464s ]
ERR: æ— æ³•åŠ è½½æ¨¡å—:Public

[ 2018-10-16T14:49:13+08:00 ] 127.0.0.1 /secondhand/Public/Index/webUploader/webuploader.css
INFO: [ app_init ] --START--
INFO: Run Behavior\BuildLiteBehavior [ RunTime:0.000021s ]
INFO: [ app_init ] --END-- [ RunTime:0.000465s ]
ERR: æ— æ³•åŠ è½½æ¨¡å—:Public

[ 2018-10-16T14:49:13+08:00 ] 127.0.0.1 /secondhand/Public/Index/webUploader/webuploader.js?_=1539672553834
INFO: [ app_init ] --START--
INFO: Run Behavior\BuildLiteBehavior [ RunTime:0.000087s ]
INFO: [ app_init ] --END-- [ RunTime:0.002609s ]
ERR: æ— æ³•åŠ è½½æ¨¡å—:Public

[ 2018-10-16T14:51:25+08:00 ] 127.0.0.1 /secondhand/Public/Index/webUploader/webuploader.css
INFO: [ app_init ] --START--
INFO: Run Behavior\BuildLiteBehavior [ RunTime:0.000020s ]
INFO: [ app_init ] --END-- [ RunTime:0.000467s ]
ERR: æ— æ³•åŠ è½½æ¨¡å—:Public

[ 2018-10-16T14:51:25+08:00 ] 127.0.0.1 /secondhand/Public/Index/webUploader/webuploader.js?_=1539672685116
INFO: [ app_init ] --START--
INFO: Run Behavior\BuildLiteBehavior [ RunTime:0.000033s ]
INFO: [ app_init ] --END-- [ RunTime:0.000835s ]
ERR: æ— æ³•åŠ è½½æ¨¡å—:Public

[ 2018-10-16T14:58:44+08:00 ] 127.0.0.1 /secondhand/Public/Index/webUploader/webuploader.css
INFO: [ app_init ] --START--
INFO: Run Behavior\BuildLiteBehavior [ RunTime:0.000073s ]
INFO: [ app_init ] --END-- [ RunTime:0.000776s ]
ERR: æ— æ³•åŠ è½½æ¨¡å—:Public

[ 2018-10-16T14:58:44+08:00 ] 127.0.0.1 /secondhand/Public/Index/webUploader/webuploader.js?_=1539673124884
INFO: [ app_init ] --START--
INFO: Run Behavior\BuildLiteBehavior [ RunTime:0.000030s ]
INFO: [ app_init ] --END-- [ RunTime:0.000752s ]
ERR: æ— æ³•åŠ è½½æ¨¡å—:Public

[ 2018-10-16T14:59:40+08:00 ] 127.0.0.1 /secondhand/Public/Index/webUploader/webuploader.css
INFO: [ app_init ] --START--
INFO: Run Behavior\BuildLiteBehavior [ RunTime:0.000021s ]
INFO: [ app_init ] --END-- [ RunTime:0.000493s ]
ERR: æ— æ³•åŠ è½½æ¨¡å—:Public

[ 2018-10-16T14:59:40+08:00 ] 127.0.0.1 /secondhand/Public/Index/webUploader/webuploader.js?_=1539673180053
INFO: [ app_init ] --START--
INFO: Run Behavior\BuildLiteBehavior [ RunTime:0.000024s ]
INFO: [ app_init ] --END-- [ RunTime:0.000474s ]
ERR: æ— æ³•åŠ è½½æ¨¡å—:Public

[ 2018-10-16T14:59:57+08:00 ] 127.0.0.1 /secondhand/Public/Index/webUploader/webuploader.js?_=1539673197175
INFO: [ app_init ] --START--
INFO: Run Behavior\BuildLiteBehavior [ RunTime:0.000056s ]
INFO: [ app_init ] --END-- [ RunTime:0.000888s ]
ERR: æ— æ³•åŠ è½½æ¨¡å—:Public

[ 2018-10-16T14:59:57+08:00 ] 127.0.0.1 /secondhand/Public/Index/webUploader/webuploader.css
INFO: [ app_init ] --START--
INFO: Run Behavior\BuildLiteBehavior [ RunTime:0.000046s ]
INFO: [ app_init ] --END-- [ RunTime:0.000982s ]
ERR: æ— æ³•åŠ è½½æ¨¡å—:Public

[ 2018-10-16T15:00:54+08:00 ] 127.0.0.1 /secondhand/Public/Index/webUploader/webuploader.css
INFO: [ app_init ] --START--
INFO: Run Behavior\BuildLiteBehavior [ RunTime:0.000021s ]
INFO: [ app_init ] --END-- [ RunTime:0.000457s ]
ERR: æ— æ³•åŠ è½½æ¨¡å—:Public

[ 2018-10-16T15:00:54+08:00 ] 127.0.0.1 /secondhand/Public/Index/webUploader/webuploader.js?_=1539673254218
INFO: [ app_init ] --START--
INFO: Run Behavior\BuildLiteBehavior [ RunTime:0.000022s ]
INFO: [ app_init ] --END-- [ RunTime:0.000458s ]
ERR: æ— æ³•åŠ è½½æ¨¡å—:Public

[ 2018-10-16T15:01:32+08:00 ] 127.0.0.1 /secondhand/Public/Index/webUploader/webuploader.css
INFO: [ app_init ] --START--
INFO: Run Behavior\BuildLiteBehavior [ RunTime:0.000049s ]
INFO: [ app_init ] --END-- [ RunTime:0.000773s ]
ERR: æ— æ³•åŠ è½½æ¨¡å—:Public

[ 2018-10-16T15:01:32+08:00 ] 127.0.0.1 /secondhand/Public/Index/webUploader/webuploader.js?_=1539673292373
INFO: [ app_init ] --START--
INFO: Run Behavior\BuildLiteBehavior [ RunTime:0.000073s ]
INFO: [ app_init ] --END-- [ RunTime:0.001081s ]
ERR: æ— æ³•åŠ è½½æ¨¡å—:Public

[ 2018-10-16T15:02:28+08:00 ] 127.0.0.1 /secondhand/Public/Index/webUploader/webuploader.css
INFO: [ app_init ] --START--
INFO: Run Behavior\BuildLiteBehavior [ RunTime:0.000021s ]
INFO: [ app_init ] --END-- [ RunTime:0.000472s ]
ERR: æ— æ³•åŠ è½½æ¨¡å—:Public

[ 2018-10-16T15:02:28+08:00 ] 127.0.0.1 /secondhand/Public/Index/webUploader/webuploader.js?_=1539673348474
INFO: [ app_init ] --START--
INFO: Run Behavior\BuildLiteBehavior [ RunTime:0.000021s ]
INFO: [ app_init ] --END-- [ RunTime:0.000453s ]
ERR: æ— æ³•åŠ è½½æ¨¡å—:Public

[ 2018-10-16T15:05:41+08:00 ] 127.0.0.1 /secondhand/Public/Index/webUploader/webuploader.css
INFO: [ app_init ] --START--
INFO: Run Behavior\BuildLiteBehavior [ RunTime:0.000064s ]
INFO: [ app_init ] --END-- [ RunTime:0.000656s ]
ERR: æ— æ³•åŠ è½½æ¨¡å—:Public

[ 2018-10-16T15:05:41+08:00 ] 127.0.0.1 /secondhand/Public/Index/webUploader/webuploader.js?_=1539673541021
INFO: [ app_init ] --START--
INFO: Run Behavior\BuildLiteBehavior [ RunTime:0.000058s ]
INFO: [ app_init ] --END-- [ RunTime:0.000903s ]
ERR: æ— æ³•åŠ è½½æ¨¡å—:Public

[ 2018-10-16T15:06:34+08:00 ] 127.0.0.1 /secondhand/Public/Index/webUploader/webuploader.js?_=1539673594072
INFO: [ app_init ] --START--
INFO: Run Behavior\BuildLiteBehavior [ RunTime:0.000022s ]
INFO: [ app_init ] --END-- [ RunTime:0.000497s ]
ERR: æ— æ³•åŠ è½½æ¨¡å—:Public

[ 2018-10-16T15:06:34+08:00 ] 127.0.0.1 /secondhand/Public/Index/webUploader/webuploader.css
INFO: [ app_init ] --START--
INFO: Run Behavior\BuildLiteBehavior [ RunTime:0.000020s ]
INFO: [ app_init ] --END-- [ RunTime:0.000484s ]
ERR: æ— æ³•åŠ è½½æ¨¡å—:Public

[ 2018-10-16T15:06:47+08:00 ] 127.0.0.1 /secondhand/Public/Index/webUploader/webuploader.css
INFO: [ app_init ] --START--
INFO: Run Behavior\BuildLiteBehavior [ RunTime:0.000020s ]
INFO: [ app_init ] --END-- [ RunTime:0.000446s ]
ERR: æ— æ³•åŠ è½½æ¨¡å—:Public

[ 2018-10-16T15:06:47+08:00 ] 127.0.0.1 /secondhand/Public/Index/webUploader/webuploader.js?_=1539673607535
INFO: [ app_init ] --START--
INFO: Run Behavior\BuildLiteBehavior [ RunTime:0.000021s ]
INFO: [ app_init ] --END-- [ RunTime:0.000470s ]
ERR: æ— æ³•åŠ è½½æ¨¡å—:Public

[ 2018-10-16T15:07:04+08:00 ] 127.0.0.1 /secondhand/Public/Index/webUploader/webuploader.js?_=1539673624384
INFO: [ app_init ] --START--
INFO: Run Behavior\BuildLiteBehavior [ RunTime:0.000032s ]
INFO: [ app_init ] --END-- [ RunTime:0.000798s ]
ERR: æ— æ³•åŠ è½½æ¨¡å—:Public

[ 2018-10-16T15:07:04+08:00 ] 127.0.0.1 /secondhand/Public/Index/webUploader/webuploader.css
INFO: [ app_init ] --START--
INFO: Run Behavior\BuildLiteBehavior [ RunTime:0.000032s ]
INFO: [ app_init ] --END-- [ RunTime:0.000659s ]
ERR: æ— æ³•åŠ è½½æ¨¡å—:Public

[ 2018-10-16T15:07:25+08:00 ] 127.0.0.1 /secondhand/Public/Index/webUploader/webuploader.css
INFO: [ app_init ] --START--
INFO: Run Behavior\BuildLiteBehavior [ RunTime:0.000033s ]
INFO: [ app_init ] --END-- [ RunTime:0.000983s ]
ERR: æ— æ³•åŠ è½½æ¨¡å—:Public

¡å—:Public

[ 2018-10-16T15:08:24+08:00 ] 127.0.0.1 /secondhand/Public/Index/webUploader/webuploader.css
INFO: [ app_init ] --START--
INFO: Run Behavior\BuildLiteBehavior [ RunTime:0.000021s ]
INFO: [ app_init ] --END-- [ RunTime:0.000438s ]
ERR: æ— æ³•åŠ è½½æ¨¡å—:Public

[ 2018-10-16T15:08:24+08:00 ] 127.0.0.1 /secondhand/Public/Index/webUploader/webuploader.js?_=1539673704036
INFO: [ app_init ] --START--
INFO: Run Behavior\BuildLiteBehavior [ RunTime:0.000021s ]
INFO: [ app_init ] --END-- [ RunTime:0.000460s ]
ERR: æ— æ³•åŠ è½½æ¨¡å—:Public

[ 2018-10-16T15:09:28+08:00 ] 127.0.0.1 /secondhand/Public/Index/webUploader/webuploader.css
INFO: [ app_init ] --START--
INFO: Run Behavior\BuildLiteBehavior [ RunTime:0.000039s ]
INFO: [ app_init ] --END-- [ RunTime:0.000458s ]
ERR: æ— æ³•åŠ è½½æ¨¡å—:Public

[ 2018-10-16T15:09:28+08:00 ] 127.0.0.1 /secondhand/Public/Index/webUploader/webuploader.js?_=1539673768039
INFO: [ app_init ] --START--
INFO: Run Behavior\BuildLiteBehavior [ RunTime:0.000022s ]
INFO: [ app_init ] --END-- [ RunTime:0.000450s ]
ERR: æ— æ³•åŠ è½½æ¨¡å—:Public

[ 2018-10-16T15:09:54+08:00 ] 127.0.0.1 /secondhand/Public/Index/webUploader/webuploader.js?_=1539673794456
INFO: [ app_init ] --START--
INFO: Run Behavior\BuildLiteBehavior [ RunTime:0.000037s ]
INFO: [ app_init ] --END-- [ RunTime:0.000751s ]
ERR: æ— æ³•åŠ è½½æ¨¡å—:Public

[ 2018-10-16T15:09:54+08:00 ] 127.0.0.1 /secondhand/Public/Index/webUploader/webuploader.css
INFO: [ app_init ] --START--
INFO: Run Behavior\BuildLiteBehavior [ RunTime:0.000038s ]
INFO: [ app_init ] --END-- [ RunTime:0.000691s ]
ERR: æ— æ³•åŠ è½½æ¨¡å—:Public

[ 2018-10-16T15:12:32+08:00 ] 127.0.0.1 /secondhand/Public/Index/webUploader/webuploader.css
INFO: [ app_init ] --START--
INFO: Run Behavior\BuildLiteBehavior [ RunTime:0.000022s ]
INFO: [ app_init ] --END-- [ RunTime:0.000792s ]
ERR: æ— æ³•åŠ è½½æ¨¡å—:Public

[ 2018-10-16T15:12:32+08:00 ] 127.0.0.1 /secondhand/Public/Index/webUploader/webuploader.js?_=1539673952657
INFO: [ app_init ] --START--
INFO: Run Behavior\BuildLiteBehavior [ RunTime:0.000018s ]
INFO: [ app_init ] --END-- [ RunTime:0.000402s ]
ERR: æ— æ³•åŠ è½½æ¨¡å—:Public

[ 2018-10-16T15:14:02+08:00 ] 127.0.0.1 /secondhand/Public/Index/webUploader/webuploader.css
INFO: [ app_init ] --START--
INFO: Run Behavior\BuildLiteBehavior [ RunTime:0.000051s ]
INFO: [ app_init ] --END-- [ RunTime:0.000739s ]
ERR: æ— æ³•åŠ è½½æ¨¡å—:Public

¡å—:Public

[ 2018-10-16T15:14:23+08:00 ] 127.0.0.1 /secondhand/Public/Index/webUploader/webuploader.css
INFO: [ app_init ] --START--
INFO: Run Behavior\BuildLiteBehavior [ RunTime:0.000048s ]
INFO: [ app_init ] --END-- [ RunTime:0.000909s ]
ERR: æ— æ³•åŠ è½½æ¨¡å—:Public

[ 2018-10-16T15:14:23+08:00 ] 127.0.0.1 /secondhand/Public/Index/webUploader/webuploader.js?_=1539674063859
INFO: [ app_init ] --START--
INFO: Run Behavior\BuildLiteBehavior [ RunTime:0.000041s ]
INFO: [ app_init ] --END-- [ RunTime:0.000793s ]
ERR: æ— æ³•åŠ è½½æ¨¡å—:Public

[ 2018-10-16T15:15:11+08:00 ] 127.0.0.1 /secondhand/Public/Index/webUploader/webuploader.css
INFO: [ app_init ] --START--
INFO: Run Behavior\BuildLiteBehavior [ RunTime:0.000097s ]
INFO: [ app_init ] --END-- [ RunTime:0.001185s ]
ERR: æ— æ³•åŠ è½½æ¨¡å—:Public

[ 2018-10-16T15:15:11+08:00 ] 127.0.0.1 /secondhand/Public/Index/webUploader/webuploader.js?_=1539674111174
INFO: [ app_init ] --START--
INFO: Run Behavior\BuildLiteBehavior [ RunTime:0.000020s ]
INFO: [ app_init ] --END-- [ RunTime:0.000453s ]
ERR: æ— æ³•åŠ è½½æ¨¡å—:Public

[ 2018-10-16T15:15:28+08:00 ] 127.0.0.1 /secondhand/Public/Index/webUploader/webuploader.css
INFO: [ app_init ] --START--
INFO: Run Behavior\BuildLiteBehavior [ RunTime:0.000021s ]
INFO: [ app_init ] --END-- [ RunTime:0.000459s ]
ERR: æ— æ³•åŠ è½½æ¨¡å—:Public

[ 2018-10-16T15:15:28+08:00 ] 127.0.0.1 /secondhand/Public/Index/webUploader/webuploader.js?_=1539674128098
INFO: [ app_init ] --START--
INFO: Run Behavior\BuildLiteBehavior [ RunTime:0.000021s ]
INFO: [ app_init ] --END-- [ RunTime:0.000441s ]
ERR: æ— æ³•åŠ è½½æ¨¡å—:Public

[ 2018-10-16T15:15:41+08:00 ] 127.0.0.1 /secondhand/Public/Index/webUploader/webuploader.css
INFO: [ app_init ] --START--
INFO: Run Behavior\BuildLiteBehavior [ RunTime:0.000020s ]
INFO: [ app_init ] --END-- [ RunTime:0.000445s ]
ERR: æ— æ³•åŠ è½½æ¨¡å—:Public

[ 2018-10-16T15:15:41+08:00 ] 127.0.0.1 /secondhand/Public/Index/webUploader/webuploader.js?_=1539674141832
INFO: [ app_init ] --START--
INFO: Run Behavior\BuildLiteBehavior [ RunTime:0.000031s ]
INFO: [ app_init ] --END-- [ RunTime:0.000608s ]
ERR: æ— æ³•åŠ è½½æ¨¡å—:Public

[ 2018-10-16T15:16:15+08:00 ] 127.0.0.1 /secondhand/Public/Index/webUploader/webuploader.css
INFO: [ app_init ] --START--
INFO: Run Behavior\BuildLiteBehavior [ RunTime:0.000021s ]
INFO: [ app_init ] --END-- [ RunTime:0.000453s ]
ERR: æ— æ³•åŠ è½½æ¨¡å—:Public

[ 2018-10-16T15:16:15+08:00 ] 127.0.0.1 /secondhand/Public/Index/webUploader/webuploader.js?_=1539674174989
INFO: [ app_init ] --START--
INFO: Run Behavior\BuildLiteBehavior [ RunTime:0.000042s ]
INFO: [ app_init ] --END-- [ RunTime:0.000554s ]
ERR: æ— æ³•åŠ è½½æ¨¡å—:Public

[ 2018-10-16T15:16:32+08:00 ] 127.0.0.1 /secondhand/Public/Index/webUploader/webuploader.css
INFO: [ app_init ] --START--
INFO: Run Behavior\BuildLiteBehavior [ RunTime:0.000081s ]
INFO: [ app_init ] --END-- [ RunTime:0.000984s ]
ERR: æ— æ³•åŠ è½½æ¨¡å—:Public

[ 2018-10-16T15:16:32+08:00 ] 127.0.0.1 /secondhand/Public/Index/webUploader/webuploader.js?_=1539674192645
INFO: [ app_init ] --START--
INFO: Run Behavior\BuildLiteBehavior [ RunTime:0.000022s ]
INFO: [ app_init ] --END-- [ RunTime:0.000474s ]
ERR: æ— æ³•åŠ è½½æ¨¡å—:Public

[ 2018-10-16T15:17:05+08:00 ] 127.0.0.1 /secondhand/Public/Index/webUploader/webuploader.css
INFO: [ app_init ] --START--
INFO: Run Behavior\BuildLiteBehavior [ RunTime:0.000033s ]
INFO: [ app_init ] --END-- [ RunTime:0.000814s ]
ERR: æ— æ³•åŠ è½½æ¨¡å—:Public

[ 2018-10-16T15:17:05+08:00 ] 127.0.0.1 /secondhand/Public/Index/webUploader/webuploader.js?_=1539674225478
INFO: [ app_init ] --START--
INFO: Run Behavior\BuildLiteBehavior [ RunTime:0.000036s ]
INFO: [ app_init ] --END-- [ RunTime:0.000751s ]
ERR: æ— æ³•åŠ è½½æ¨¡å—:Public

[ 2018-10-16T15:17:24+08:00 ] 127.0.0.1 /secondhand/Public/Index/webUploader/webuploader.css
INFO: [ app_init ] --START--
INFO: Run Behavior\BuildLiteBehavior [ RunTime:0.000019s ]
INFO: [ app_init ] --END-- [ RunTime:0.000442s ]
ERR: æ— æ³•åŠ è½½æ¨¡å—:Public

[ 2018-10-16T15:17:25+08:00 ] 127.0.0.1 /secondhand/Public/Index/webUploader/webuploader.js?_=1539674244973
INFO: [ app_init ] --START--
INFO: Run Behavior\BuildLiteBehavior [ RunTime:0.000024s ]
INFO: [ app_init ] --END-- [ RunTime:0.000428s ]
ERR: æ— æ³•åŠ è½½æ¨¡å—:Public

[ 2018-10-16T15:19:41+08:00 ] 127.0.0.1 /secondhand/Public/Index/webUploader/webuploader.css
INFO: [ app_init ] --START--
INFO: Run Behavior\BuildLiteBehavior [ RunTime:0.000019s ]
INFO: [ app_init ] --END-- [ RunTime:0.000427s ]
ERR: æ— æ³•åŠ è½½æ¨¡å—:Public

[ 2018-10-16T15:19:41+08:00 ] 127.0.0.1 /secondhand/Public/Index/webUploader/webuploader.js?_=1539674381578
INFO: [ app_init ] --START--
INFO: Run Behavior\BuildLiteBehavior [ RunTime:0.000021s ]
INFO: [ app_init ] --END-- [ RunTime:0.000406s ]
ERR: æ— æ³•åŠ è½½æ¨¡å—:Public

[ 2018-10-16T15:20:11+08:00 ] 127.0.0.1 /secondhand/Public/Index/webUploader/webuploader.css
INFO: [ app_init ] --START--
INFO: Run Behavior\BuildLiteBehavior [ RunTime:0.000021s ]
INFO: [ app_init ] --END-- [ RunTime:0.000466s ]
ERR: æ— æ³•åŠ è½½æ¨¡å—:Public

[ 2018-10-16T15:20:11+08:00 ] 127.0.0.1 /secondhand/Public/Index/webUploader/webuploader.js?_=1539674411211
INFO: [ app_init ] --START--
INFO: Run Behavior\BuildLiteBehavior [ RunTime:0.000021s ]
INFO: [ app_init ] --END-- [ RunTime:0.000524s ]
ERR: æ— æ³•åŠ è½½æ¨¡å—:Public

[ 2018-10-16T15:22:01+08:00 ] 127.0.0.1 /secondhand/Public/Index/webUploader/webuploader.css
INFO: [ app_init ] --START--
INFO: Run Behavior\BuildLiteBehavior [ RunTime:0.000046s ]
INFO: [ app_init ] --END-- [ RunTime:0.000723s ]
ERR: æ— æ³•åŠ è½½æ¨¡å—:Public

[ 2018-10-16T15:22:01+08:00 ] 127.0.0.1 /secondhand/Public/Index/webUploader/webuploader.js?_=1539674521007
INFO: [ app_init ] --START--
INFO: Run Behavior\BuildLiteBehavior [ RunTime:0.000040s ]
INFO: [ app_init ] --END-- [ RunTime:0.000891s ]
ERR: æ— æ³•åŠ è½½æ¨¡å—:Public

[ 2018-10-16T15:22:18+08:00 ] 127.0.0.1 /secondhand/Public/Index/webUploader/webuploader.css
INFO: [ app_init ] --START--
INFO: Run Behavior\BuildLiteBehavior [ RunTime:0.000019s ]
INFO: [ app_init ] --END-- [ RunTime:0.000409s ]
ERR: æ— æ³•åŠ è½½æ¨¡å—:Public

[ 2018-10-16T15:22:18+08:00 ] 127.0.0.1 /secondhand/Public/Index/webUploader/webuploader.js?_=1539674538532
INFO: [ app_init ] --START--
INFO: Run Behavior\BuildLiteBehavior [ RunTime:0.000022s ]
INFO: [ app_init ] --END-- [ RunTime:0.000443s ]
ERR: æ— æ³•åŠ è½½æ¨¡å—:Public

[ 2018-10-16T15:23:02+08:00 ] 127.0.0.1 /secondhand/Public/Index/webUploader/webuploader.css
INFO: [ app_init ] --START--
INFO: Run Behavior\BuildLiteBehavior [ RunTime:0.000021s ]
INFO: [ app_init ] --END-- [ RunTime:0.000459s ]
ERR: æ— æ³•åŠ è½½æ¨¡å—:Public

[ 2018-10-16T15:23:02+08:00 ] 127.0.0.1 /secondhand/Public/Index/webUploader/webuploader.js?_=1539674582449
INFO: [ app_init ] --START--
INFO: Run Behavior\BuildLiteBehavior [ RunTime:0.000021s ]
INFO: [ app_init ] --END-- [ RunTime:0.000469s ]
ERR: æ— æ³•åŠ è½½æ¨¡å—:Public

[ 2018-10-16T15:24:37+08:00 ] 127.0.0.1 /secondhand/Public/Index/webUploader/webuploader.js?_=1539674677868
INFO: [ app_init ] --START--
INFO: Run Behavior\BuildLiteBehavior [ RunTime:0.000021s ]
INFO: [ app_init ] --END-- [ RunTime:0.000457s ]
ERR: æ— æ³•åŠ è½½æ¨¡å—:Public

[ 2018-10-16T15:24:37+08:00 ] 127.0.0.1 /secondhand/Public/Index/webUploader/webuploader.css
INFO: [ app_init ] --START--
INFO: Run Behavior\BuildLiteBehavior [ RunTime:0.000023s ]
INFO: [ app_init ] --END-- [ RunTime:0.000493s ]
ERR: æ— æ³•åŠ è½½æ¨¡å—:Public

[ 2018-10-16T15:25:09+08:00 ] 127.0.0.1 /secondhand/Public/Index/webUploader/webuploader.css
INFO: [ app_init ] --START--
INFO: Run Behavior\BuildLiteBehavior [ RunTime:0.000021s ]
INFO: [ app_init ] --END-- [ RunTime:0.000448s ]
ERR: æ— æ³•åŠ è½½æ¨¡å—:Public

[ 2018-10-16T15:25:09+08:00 ] 127.0.0.1 /secondhand/Public/Index/webUploader/webuploader.js?_=1539674709326
INFO: [ app_init ] --START--
INFO: Run Behavior\BuildLiteBehavior [ RunTime:0.000056s ]
INFO: [ app_init ] --END-- [ RunTime:0.000787s ]
ERR: æ— æ³•åŠ è½½æ¨¡å—:Public

[ 2018-10-16T15:25:31+08:00 ] 127.0.0.1 /secondhand/Public/Index/webUploader/webuploader.css
INFO: [ app_init ] --START--
INFO: Run Behavior\BuildLiteBehavior [ RunTime:0.000023s ]
INFO: [ app_init ] --END-- [ RunTime:0.000459s ]
ERR: æ— æ³•åŠ è½½æ¨¡å—:Public

[ 2018-10-16T15:25:31+08:00 ] 127.0.0.1 /secondhand/Public/Index/webUploader/webuploader.js?_=1539674731339
INFO: [ app_init ] --START--
INFO: Run Behavior\BuildLiteBehavior [ RunTime:0.000021s ]
INFO: [ app_init ] --END-- [ RunTime:0.000446s ]
ERR: æ— æ³•åŠ è½½æ¨¡å—:Public

[ 2018-10-16T15:25:53+08:00 ] 127.0.0.1 /secondhand/Public/Index/webUploader/webuploader.css
INFO: [ app_init ] --START--
INFO: Run Behavior\BuildLiteBehavior [ RunTime:0.000018s ]
INFO: [ app_init ] --END-- [ RunTime:0.000425s ]
ERR: æ— æ³•åŠ è½½æ¨¡å—:Public

[ 2018-10-16T15:25:53+08:00 ] 127.0.0.1 /secondhand/Public/Index/webUploader/webuploader.js?_=1539674753343
INFO: [ app_init ] --START--
INFO: Run Behavior\BuildLiteBehavior [ RunTime:0.000019s ]
INFO: [ app_init ] --END-- [ RunTime:0.000473s ]
ERR: æ— æ³•åŠ è½½æ¨¡å—:Public

[ 2018-10-16T15:27:42+08:00 ] 127.0.0.1 /secondhand/Public/Index/webUploader/webuploader.css
INFO: [ app_init ] --START--
INFO: Run Behavior\BuildLiteBehavior [ RunTime:0.000020s ]
INFO: [ app_init ] --END-- [ RunTime:0.000455s ]
ERR: æ— æ³•åŠ è½½æ¨¡å—:Public

[ 2018-10-16T15:27:42+08:00 ] 127.0.0.1 /secondhand/Public/Index/webUploader/webuploader.js?_=1539674862323
INFO: [ app_init ] --START--
INFO: Run Behavior\BuildLiteBehavior [ RunTime:0.000022s ]
INFO: [ app_init ] --END-- [ RunTime:0.000415s ]
ERR: æ— æ³•åŠ è½½æ¨¡å—:Public

[ 2018-10-16T15:28:10+08:00 ] 127.0.0.1 /secondhand/Public/Index/webUploader/webuploader.js?_=1539674890226
INFO: [ app_init ] --START--
INFO: Run Behavior\BuildLiteBehavior [ RunTime:0.000026s ]
INFO: [ app_init ] --END-- [ RunTime:0.000689s ]
ERR: æ— æ³•åŠ è½½æ¨¡å—:Public

[ 2018-10-16T15:28:10+08:00 ] 127.0.0.1 /secondhand/Public/Index/webUploader/webuploader.css
INFO: [ app_init ] --START--
INFO: Run Behavior\BuildLiteBehavior [ RunTime:0.000119s ]
INFO: [ app_init ] --END-- [ RunTime:0.001223s ]
ERR: æ— æ³•åŠ è½½æ¨¡å—:Public

[ 2018-10-16T15:28:49+08:00 ] 127.0.0.1 /secondhand/Public/Index/webUploader/webuploader.css
INFO: [ app_init ] --START--
INFO: Run Behavior\BuildLiteBehavior [ RunTime:0.000018s ]
INFO: [ app_init ] --END-- [ RunTime:0.000407s ]
ERR: æ— æ³•åŠ è½½æ¨¡å—:Public

[ 2018-10-16T15:28:49+08:00 ] 127.0.0.1 /secondhand/Public/Index/webUploader/webuploader.js?_=1539674929045
INFO: [ app_init ] --START--
INFO: Run Behavior\BuildLiteBehavior [ RunTime:0.000018s ]
INFO: [ app_init ] --END-- [ RunTime:0.000429s ]
ERR: æ— æ³•åŠ è½½æ¨¡å—:Public

[ 2018-10-16T15:29:25+08:00 ] 127.0.0.1 /secondhand/Public/Index/webUploader/webuploader.css
INFO: [ app_init ] --START--
INFO: Run Behavior\BuildLiteBehavior [ RunTime:0.000056s ]
INFO: [ app_init ] --END-- [ RunTime:0.001269s ]
ERR: æ— æ³•åŠ è½½æ¨¡å—:Public

[ 2018-10-16T15:29:25+08:00 ] 127.0.0.1 /secondhand/Public/Index/webUploader/webuploader.js?_=1539674965534
INFO: [ app_init ] --START--
INFO: Run Behavior\BuildLiteBehavior [ RunTime:0.000037s ]
INFO: [ app_init ] --END-- [ RunTime:0.000743s ]
ERR: æ— æ³•åŠ è½½æ¨¡å—:Public

[ 2018-10-16T15:31:03+08:00 ] 127.0.0.1 /secondhand/Public/Index/webUploader/webuploader.css
INFO: [ app_init ] --START--
INFO: Run Behavior\BuildLiteBehavior [ RunTime:0.000021s ]
INFO: [ app_init ] --END-- [ RunTime:0.000460s ]
ERR: æ— æ³•åŠ è½½æ¨¡å—:Public

[ 2018-10-16T15:31:03+08:00 ] 127.0.0.1 /secondhand/Public/Index/webUploader/webuploader.js?_=1539675063655
INFO: [ app_init ] --START--
INFO: Run Behavior\BuildLiteBehavior [ RunTime:0.000018s ]
INFO: [ app_init ] --END-- [ RunTime:0.000412s ]
ERR: æ— æ³•åŠ è½½æ¨¡å—:Public

[ 2018-10-16T15:31:18+08:00 ] 127.0.0.1 /secondhand/Public/Index/webUploader/webuploader.css
INFO: [ app_init ] --START--
INFO: Run Behavior\BuildLiteBehavior [ RunTime:0.000021s ]
INFO: [ app_init ] --END-- [ RunTime:0.000447s ]
ERR: æ— æ³•åŠ è½½æ¨¡å—:Public

[ 2018-10-16T15:31:18+08:00 ] 127.0.0.1 /secondhand/Public/Index/webUploader/webuploader.js?_=1539675078100
INFO: [ app_init ] --START--
INFO: Run Behavior\BuildLiteBehavior [ RunTime:0.000032s ]
INFO: [ app_init ] --END-- [ RunTime:0.000506s ]
ERR: æ— æ³•åŠ è½½æ¨¡å—:Public

[ 2018-10-16T15:32:07+08:00 ] 127.0.0.1 /secondhand/Public/Index/webUploader/webuploader.js?_=1539675127559
INFO: [ app_init ] --START--
INFO: Run Behavior\BuildLiteBehavior [ RunTime:0.000021s ]
INFO: [ app_init ] --END-- [ RunTime:0.000478s ]
ERR: æ— æ³•åŠ è½½æ¨¡å—:Public

[ 2018-10-16T15:32:07+08:00 ] 127.0.0.1 /secondhand/Public/Index/webUploader/webuploader.css
INFO: [ app_init ] --START--
INFO: Run Behavior\BuildLiteBehavior [ RunTime:0.000030s ]
INFO: [ app_init ] --END-- [ RunTime:0.000596s ]
ERR: æ— æ³•åŠ è½½æ¨¡å—:Public

[ 2018-10-16T15:32:52+08:00 ] 127.0.0.1 /secondhand/Public/Index/webUploader/webuploader.css
INFO: [ app_init ] --START--
INFO: Run Behavior\BuildLiteBehavior [ RunTime:0.000020s ]
INFO: [ app_init ] --END-- [ RunTime:0.000651s ]
ERR: æ— æ³•åŠ è½½æ¨¡å—:Public

[ 2018-10-16T15:32:52+08:00 ] 127.0.0.1 /secondhand/Public/Index/webUploader/webuploader.js?_=1539675172456
INFO: [ app_init ] --START--
INFO: Run Behavior\BuildLiteBehavior [ RunTime:0.000040s ]
INFO: [ app_init ] --END-- [ RunTime:0.000882s ]
ERR: æ— æ³•åŠ è½½æ¨¡å—:Public

[ 2018-10-16T15:33:21+08:00 ] 127.0.0.1 /secondhand/Public/Index/webUploader/webuploader.css
INFO: [ app_init ] --START--
INFO: Run Behavior\BuildLiteBehavior [ RunTime:0.000079s ]
INFO: [ app_init ] --END-- [ RunTime:0.001056s ]
ERR: æ— æ³•åŠ è½½æ¨¡å—:Public

[ 2018-10-16T15:33:21+08:00 ] 127.0.0.1 /secondhand/Public/Index/webUploader/webuploader.js?_=1539675201260
INFO: [ app_init ] --START--
INFO: Run Behavior\BuildLiteBehavior [ RunTime:0.000019s ]
INFO: [ app_init ] --END-- [ RunTime:0.000478s ]
ERR: æ— æ³•åŠ è½½æ¨¡å—:Public

[ 2018-10-16T15:33:44+08:00 ] 127.0.0.1 /secondhand/Public/Index/webUploader/webuploader.css
INFO: [ app_init ] --START--
INFO: Run Behavior\BuildLiteBehavior [ RunTime:0.000041s ]
INFO: [ app_init ] --END-- [ RunTime:0.000856s ]
ERR: æ— æ³•åŠ è½½æ¨¡å—:Public

[ 2018-10-16T15:33:44+08:00 ] 127.0.0.1 /secondhand/Public/Index/webUploader/webuploader.js?_=1539675224375
INFO: [ app_init ] --START--
INFO: Run Behavior\BuildLiteBehavior [ RunTime:0.000041s ]
INFO: [ app_init ] --END-- [ RunTime:0.000795s ]
ERR: æ— æ³•åŠ è½½æ¨¡å—:Public

[ 2018-10-16T15:39:07+08:00 ] 127.0.0.1 /secondhand/Public/Index/webUploader/webuploader.css
INFO: [ app_init ] --START--
INFO: Run Behavior\BuildLiteBehavior [ RunTime:0.000044s ]
INFO: [ app_init ] --END-- [ RunTime:0.000885s ]
ERR: æ— æ³•åŠ è½½æ¨¡å—:Public

[ 2018-10-16T15:39:07+08:00 ] 127.0.0.1 /secondhand/Public/Index/webUploader/webuploader.js?_=1539675547947
INFO: [ app_init ] --START--
INFO: Run Behavior\BuildLiteBehavior [ RunTime:0.000038s ]
INFO: [ app_init ] --END-- [ RunTime:0.000758s ]
ERR: æ— æ³•åŠ è½½æ¨¡å—:Public

[ 2018-10-16T15:39:14+08:00 ] 127.0.0.1 /secondhand/Public/Index/webUploader/webuploader.css
INFO: [ app_init ] --START--
INFO: Run Behavior\BuildLiteBehavior [ RunTime:0.000043s ]
INFO: [ app_init ] --END-- [ RunTime:0.000950s ]
ERR: æ— æ³•åŠ è½½æ¨¡å—:Public

[ 2018-10-16T15:39:15+08:00 ] 127.0.0.1 /secondhand/Public/admin/js/jquery.form.min.js.map
INFO: [ app_init ] --START--
INFO: Run Behavior\BuildLiteBehavior [ RunTime:0.000038s ]
INFO: [ app_init ] --END-- [ RunTime:0.000823s ]
ERR: æ— æ³•åŠ è½½æ¨¡å—:Public

[ 2018-10-16T15:40:18+08:00 ] 127.0.0.1 /secondhand/Public/Index/webUploader/webuploader.css
INFO: [ app_init ] --START--
INFO: Run Behavior\BuildLiteBehavior [ RunTime:0.000029s ]
INFO: [ app_init ] --END-- [ RunTime:0.000668s ]
ERR: æ— æ³•åŠ è½½æ¨¡å—:Public

[ 2018-10-16T15:40:18+08:00 ] 127.0.0.1 /secondhand/Public/Index/webUploader/webuploader.js?_=1539675618066
INFO: [ app_init ] --START--
INFO: Run Behavior\BuildLiteBehavior [ RunTime:0.000022s ]
INFO: [ app_init ] --END-- [ RunTime:0.000526s ]
ERR: æ— æ³•åŠ è½½æ¨¡å—:Public

[ 2018-10-16T15:40:57+08:00 ] 127.0.0.1 /secondhand/Public/Index/webUploader/webuploader.css
INFO: [ app_init ] --START--
INFO: Run Behavior\BuildLiteBehavior [ RunTime:0.000021s ]
INFO: [ app_init ] --END-- [ RunTime:0.000443s ]
ERR: æ— æ³•åŠ è½½æ¨¡å—:Public

[ 2018-10-16T15:40:57+08:00 ] 127.0.0.1 /secondhand/Public/Index/webUploader/webuploader.js?_=1539675657939
INFO: [ app_init ] --START--
INFO: Run Behavior\BuildLiteBehavior [ RunTime:0.000019s ]
INFO: [ app_init ] --END-- [ RunTime:0.000401s ]
ERR: æ— æ³•åŠ è½½æ¨¡å—:Public

[ 2018-10-16T15:41:28+08:00 ] 127.0.0.1 /secondhand/Public/Index/webUploader/webuploader.css
INFO: [ app_init ] --START--
INFO: Run Behavior\BuildLiteBehavior [ RunTime:0.000021s ]
INFO: [ app_init ] --END-- [ RunTime:0.000448s ]
ERR: æ— æ³•åŠ è½½æ¨¡å—:Public

[ 2018-10-16T15:41:28+08:00 ] 127.0.0.1 /secondhand/Public/Index/webUploader/webuploader.js?_=1539675688182
INFO: [ app_init ] --START--
INFO: Run Behavior\BuildLiteBehavior [ RunTime:0.000019s ]
INFO: [ app_init ] --END-- [ RunTime:0.000413s ]
ERR: æ— æ³•åŠ è½½æ¨¡å—:Public

[ 2018-10-16T15:41:38+08:00 ] 127.0.0.1 /secondhand/Public/Index/webUploader/webuploader.css
INFO: [ app_init ] --START--
INFO: Run Behavior\BuildLiteBehavior [ RunTime:0.000089s ]
INFO: [ app_init ] --END-- [ RunTime:0.001046s ]
ERR: æ— æ³•åŠ è½½æ¨¡å—:Public

[ 2018-10-16T15:41:38+08:00 ] 127.0.0.1 /secondhand/Public/admin/js/jquery.form.min.js.map
INFO: [ app_init ] --START--
INFO: Run Behavior\BuildLiteBehavior [ RunTime:0.000022s ]
INFO: [ app_init ] --END-- [ RunTime:0.000514s ]
ERR: æ— æ³•åŠ è½½æ¨¡å—:Public

[ 2018-10-16T15:44:45+08:00 ] 127.0.0.1 /secondhand/Public/Index/webUploader/webuploader.css
INFO: [ app_init ] --START--
INFO: Run Behavior\BuildLiteBehavior [ RunTime:0.000035s ]
INFO: [ app_init ] --END-- [ RunTime:0.000773s ]
ERR: æ— æ³•åŠ è½½æ¨¡å—:Public

[ 2018-10-16T15:44:45+08:00 ] 127.0.0.1 /secondhand/Public/Index/webUploader/webuploader.js?_=1539675885462
INFO: [ app_init ] --START--
INFO: Run Behavior\BuildLiteBehavior [ RunTime:0.000066s ]
INFO: [ app_init ] --END-- [ RunTime:0.000930s ]
ERR: æ— æ³•åŠ è½½æ¨¡å—:Public

[ 2018-10-16T15:44:49+08:00 ] 127.0.0.1 /secondhand/Public/Index/webUploader/webuploader.css
INFO: [ app_init ] --START--
INFO: Run Behavior\BuildLiteBehavior [ RunTime:0.000047s ]
INFO: [ app_init ] --END-- [ RunTime:0.002477s ]
ERR: æ— æ³•åŠ è½½æ¨¡å—:Public

[ 2018-10-16T15:44:49+08:00 ] 127.0.0.1 /secondhand/Public/admin/js/jquery.form.min.js.map
INFO: [ app_init ] --START--
INFO: Run Behavior\BuildLiteBehavior [ RunTime:0.000034s ]
INFO: [ app_init ] --END-- [ RunTime:0.000734s ]
ERR: æ— æ³•åŠ è½½æ¨¡å—:Public

[ 2018-10-16T15:53:40+08:00 ] 127.0.0.1 /secondhand/Public/admin/js/jquery.form.min.js.map
INFO: [ app_init ] --START--
INFO: Run Behavior\BuildLiteBehavior [ RunTime:0.000042s ]
INFO: [ app_init ] --END-- [ RunTime:0.001023s ]
ERR: æ— æ³•åŠ è½½æ¨¡å—:Public

[ 2018-10-16T15:53:42+08:00 ] 127.0.0.1 /secondhand/Public/Index/webUploader/webuploader.css
INFO: [ app_init ] --START--
INFO: Run Behavior\BuildLiteBehavior [ RunTime:0.000066s ]
INFO: [ app_init ] --END-- [ RunTime:0.000764s ]
ERR: æ— æ³•åŠ è½½æ¨¡å—:Public

[ 2018-10-16T15:53:42+08:00 ] 127.0.0.1 /secondhand/Public/Index/webUploader/webuploader.js?_=1539676421983
INFO: [ app_init ] --START--
INFO: Run Behavior\BuildLiteBehavior [ RunTime:0.000048s ]
INFO: [ app_init ] --END-- [ RunTime:0.000921s ]
ERR: æ— æ³•åŠ è½½æ¨¡å—:Public

[ 2018-10-16T15:56:34+08:00 ] 127.0.0.1 /secondhand/Public/admin/js/jquery.form.min.js.map
INFO: [ app_init ] --START--
INFO: Run Behavior\BuildLiteBehavior [ RunTime:0.000046s ]
INFO: [ app_init ] --END-- [ RunTime:0.000874s ]
ERR: æ— æ³•åŠ è½½æ¨¡å—:Public

[ 2018-10-16T15:56:37+08:00 ] 127.0.0.1 /secondhand/Public/Index/webUploader/webuploader.css
INFO: [ app_init ] --START--
INFO: Run Behavior\BuildLiteBehavior [ RunTime:0.000082s ]
INFO: [ app_init ] --END-- [ RunTime:0.001112s ]
ERR: æ— æ³•åŠ è½½æ¨¡å—:Public

[ 2018-10-16T15:56:37+08:00 ] 127.0.0.1 /secondhand/Public/Index/webUploader/webuploader.js?_=1539676596989
INFO: [ app_init ] --START--
INFO: Run Behavior\BuildLiteBehavior [ RunTime:0.000033s ]
INFO: [ app_init ] --END-- [ RunTime:0.000781s ]
ERR: æ— æ³•åŠ è½½æ¨¡å—:Public

[ 2018-10-16T15:59:23+08:00 ] 127.0.0.1 /secondhand/Public/admin/js/jquery.form.min.js.map
INFO: [ app_init ] --START--
INFO: Run Behavior\BuildLiteBehavior [ RunTime:0.000088s ]
INFO: [ app_init ] --END-- [ RunTime:0.001273s ]
ERR: æ— æ³•åŠ è½½æ¨¡å—:Public

[ 2018-10-16T15:59:24+08:00 ] 127.0.0.1 /secondhand/Public/Index/webUploader/webuploader.css
INFO: [ app_init ] --START--
INFO: Run Behavior\BuildLiteBehavior [ RunTime:0.000073s ]
INFO: [ app_init ] --END-- [ RunTime:0.000930s ]
ERR: æ— æ³•åŠ è½½æ¨¡å—:Public

[ 2018-10-16T15:59:24+08:00 ] 127.0.0.1 /secondhand/Public/Index/webUploader/webuploader.js?_=1539676764679
INFO: [ app_init ] --START--
INFO: Run Behavior\BuildLiteBehavior [ RunTime:0.000035s ]
INFO: [ app_init ] --END-- [ RunTime:0.000730s ]
ERR: æ— æ³•åŠ è½½æ¨¡å—:Public

[ 2018-10-16T16:06:46+08:00 ] 127.0.0.1 /secondhand/Public/admin/js/jquery.form.min.js.map
INFO: [ app_init ] --START--
INFO: Run Behavior\BuildLiteBehavior [ RunTime:0.000106s ]
INFO: [ app_init ] --END-- [ RunTime:0.001388s ]
ERR: æ— æ³•åŠ è½½æ¨¡å—:Public

[ 2018-10-16T16:06:50+08:00 ] 127.0.0.1 /secondhand/Public/Index/webUploader/webuploader.css
INFO: [ app_init ] --START--
INFO: Run Behavior\BuildLiteBehavior [ RunTime:0.000033s ]
INFO: [ app_init ] --END-- [ RunTime:0.000754s ]
ERR: æ— æ³•åŠ è½½æ¨¡å—:Public

[ 2018-10-16T16:06:50+08:00 ] 127.0.0.1 /secondhand/Public/Index/webUploader/webuploader.js?_=1539677210270
INFO: [ app_init ] --START--
INFO: Run Behavior\BuildLiteBehavior [ RunTime:0.000075s ]
INFO: [ app_init ] --END-- [ RunTime:0.000764s ]
ERR: æ— æ³•åŠ è½½æ¨¡å—:Public

[ 2018-10-16T16:10:30+08:00 ] 127.0.0.1 /secondhand/Public/admin/js/jquery.form.min.js.map
INFO: [ app_init ] --START--
INFO: Run Behavior\BuildLiteBehavior [ RunTime:0.000041s ]
INFO: [ app_init ] --END-- [ RunTime:0.000996s ]
ERR: æ— æ³•åŠ è½½æ¨¡å—:Public

[ 2018-10-16T16:10:33+08:00 ] 127.0.0.1 /secondhand/Public/Index/webUploader/webuploader.js?_=1539677433298
INFO: [ app_init ] --START--
INFO: Run Behavior\BuildLiteBehavior [ RunTime:0.000021s ]
INFO: [ app_init ] --END-- [ RunTime:0.000459s ]
ERR: æ— æ³•åŠ è½½æ¨¡å—:Public

[ 2018-10-16T16:10:33+08:00 ] 127.0.0.1 /secondhand/Public/Index/webUploader/webuploader.css
INFO: [ app_init ] --START--
INFO: Run Behavior\BuildLiteBehavior [ RunTime:0.000022s ]
INFO: [ app_init ] --END-- [ RunTime:0.000478s ]
ERR: æ— æ³•åŠ è½½æ¨¡å—:Public

[ 2018-10-16T16:14:34+08:00 ] 127.0.0.1 /secondhand/Public/admin/js/jquery.form.min.js.map
INFO: [ app_init ] --START--
INFO: Run Behavior\BuildLiteBehavior [ RunTime:0.000044s ]
INFO: [ app_init ] --END-- [ RunTime:0.000991s ]
ERR: æ— æ³•åŠ è½½æ¨¡å—:Public

[ 2018-10-16T16:14:36+08:00 ] 127.0.0.1 /secondhand/Public/Index/webUploader/webuploader.js?_=1539677676229
INFO: [ app_init ] --START--
INFO: Run Behavior\BuildLiteBehavior [ RunTime:0.000061s ]
INFO: [ app_init ] --END-- [ RunTime:0.000777s ]
ERR: æ— æ³•åŠ è½½æ¨¡å—:Public

[ 2018-10-16T16:14:36+08:00 ] 127.0.0.1 /secondhand/Public/Index/webUploader/webuploader.css
INFO: [ app_init ] --START--
INFO: Run Behavior\BuildLiteBehavior [ RunTime:0.000070s ]
INFO: [ app_init ] --END-- [ RunTime:0.004330s ]
ERR: æ— æ³•åŠ è½½æ¨¡å—:Public

[ 2018-10-16T16:17:11+08:00 ] 127.0.0.1 /secondhand/Public/admin/js/jquery.form.min.js.map
INFO: [ app_init ] --START--
INFO: Run Behavior\BuildLiteBehavior [ RunTime:0.000037s ]
INFO: [ app_init ] --END-- [ RunTime:0.001054s ]
ERR: æ— æ³•åŠ è½½æ¨¡å—:Public

[ 2018-10-16T16:17:13+08:00 ] 127.0.0.1 /secondhand/Public/Index/webUploader/webuploader.css
INFO: [ app_init ] --START--
INFO: Run Behavior\BuildLiteBehavior [ RunTime:0.000066s ]
INFO: [ app_init ] --END-- [ RunTime:0.000844s ]
ERR: æ— æ³•åŠ è½½æ¨¡å—:Public

[ 2018-10-16T16:17:13+08:00 ] 127.0.0.1 /secondhand/Public/Index/webUploader/webuploader.js?_=1539677833710
INFO: [ app_init ] --START--
INFO: Run Behavior\BuildLiteBehavior [ RunTime:0.000023s ]
INFO: [ app_init ] --END-- [ RunTime:0.000510s ]
ERR: æ— æ³•åŠ è½½æ¨¡å—:Public

[ 2018-10-16T16:19:28+08:00 ] 127.0.0.1 /secondhand/Public/admin/js/jquery.form.min.js.map
INFO: [ app_init ] --START--
INFO: Run Behavior\BuildLiteBehavior [ RunTime:0.000038s ]
INFO: [ app_init ] --END-- [ RunTime:0.000909s ]
ERR: æ— æ³•åŠ è½½æ¨¡å—:Public

[ 2018-10-16T16:19:31+08:00 ] 127.0.0.1 /secondhand/Public/Index/webUploader/webuploader.css
INFO: [ app_init ] --START--
INFO: Run Behavior\BuildLiteBehavior [ RunTime:0.000038s ]
INFO: [ app_init ] --END-- [ RunTime:0.000746s ]
ERR: æ— æ³•åŠ è½½æ¨¡å—:Public

[ 2018-10-16T16:19:31+08:00 ] 127.0.0.1 /secondhand/Public/Index/webUploader/webuploader.js?_=1539677971074
INFO: [ app_init ] --START--
INFO: Run Behavior\BuildLiteBehavior [ RunTime:0.000066s ]
INFO: [ app_init ] --END-- [ RunTime:0.000831s ]
ERR: æ— æ³•åŠ è½½æ¨¡å—:Public

[ 2018-10-16T16:20:39+08:00 ] 127.0.0.1 /secondhand/Public/Index/webUploader/webuploader.js?_=1539678039291
INFO: [ app_init ] --START--
INFO: Run Behavior\BuildLiteBehavior [ RunTime:0.000021s ]
INFO: [ app_init ] --END-- [ RunTime:0.000454s ]
ERR: æ— æ³•åŠ è½½æ¨¡å—:Public

[ 2018-10-16T16:20:39+08:00 ] 127.0.0.1 /secondhand/Public/Index/webUploader/webuploader.css
INFO: [ app_init ] --START--
INFO: Run Behavior\BuildLiteBehavior [ RunTime:0.000023s ]
INFO: [ app_init ] --END-- [ RunTime:0.000470s ]
ERR: æ— æ³•åŠ è½½æ¨¡å—:Public

[ 2018-10-16T16:20:45+08:00 ] 127.0.0.1 /secondhand/Public/Index/webUploader/webuploader.css
INFO: [ app_init ] --START--
INFO: Run Behavior\BuildLiteBehavior [ RunTime:0.000069s ]
INFO: [ app_init ] --END-- [ RunTime:0.000987s ]
ERR: æ— æ³•åŠ è½½æ¨¡å—:Public

[ 2018-10-16T16:20:45+08:00 ] 127.0.0.1 /secondhand/Public/admin/js/jquery.form.min.js.map
INFO: [ app_init ] --START--
INFO: Run Behavior\BuildLiteBehavior [ RunTime:0.000081s ]
INFO: [ app_init ] --END-- [ RunTime:0.000908s ]
ERR: æ— æ³•åŠ è½½æ¨¡å—:Public

[ 2018-10-16T16:22:14+08:00 ] 127.0.0.1 /secondhand/Public/admin/js/jquery.form.min.js.map
INFO: [ app_init ] --START--
INFO: Run Behavior\BuildLiteBehavior [ RunTime:0.000040s ]
INFO: [ app_init ] --END-- [ RunTime:0.001076s ]
ERR: æ— æ³•åŠ è½½æ¨¡å—:Public

[ 2018-10-16T16:22:16+08:00 ] 127.0.0.1 /secondhand/Public/Index/webUploader/webuploader.css
INFO: [ app_init ] --START--
INFO: Run Behavior\BuildLiteBehavior [ RunTime:0.000038s ]
INFO: [ app_init ] --END-- [ RunTime:0.000745s ]
ERR: æ— æ³•åŠ è½½æ¨¡å—:Public

[ 2018-10-16T16:22:16+08:00 ] 127.0.0.1 /secondhand/Public/Index/webUploader/webuploader.js?_=1539678136694
INFO: [ app_init ] --START--
INFO: Run Behavior\BuildLiteBehavior [ RunTime:0.000045s ]
INFO: [ app_init ] --END-- [ RunTime:0.000877s ]
ERR: æ— æ³•åŠ è½½æ¨¡å—:Public

[ 2018-10-16T16:23:10+08:00 ] 127.0.0.1 /secondhand/Public/Index/webUploader/webuploader.js?_=1539678190260
INFO: [ app_init ] --START--
INFO: Run Behavior\BuildLiteBehavior [ RunTime:0.000031s ]
INFO: [ app_init ] --END-- [ RunTime:0.000714s ]
ERR: æ— æ³•åŠ è½½æ¨¡å—:Public

[ 2018-10-16T16:23:10+08:00 ] 127.0.0.1 /secondhand/Public/Index/webUploader/webuploader.css
INFO: [ app_init ] --START--
INFO: Run Behavior\BuildLiteBehavior [ RunTime:0.000045s ]
INFO: [ app_init ] --END-- [ RunTime:0.000547s ]
ERR: æ— æ³•åŠ è½½æ¨¡å—:Public

[ 2018-10-16T16:23:16+08:00 ] 127.0.0.1 /secondhand/Public/Index/webUploader/webuploader.css
INFO: [ app_init ] --START--
INFO: Run Behavior\BuildLiteBehavior [ RunTime:0.000038s ]
INFO: [ app_init ] --END-- [ RunTime:0.000815s ]
ERR: æ— æ³•åŠ è½½æ¨¡å—:Public

[ 2018-10-16T16:23:16+08:00 ] 127.0.0.1 /secondhand/Public/admin/js/jquery.form.min.js.map
INFO: [ app_init ] --START--
INFO: Run Behavior\BuildLiteBehavior [ RunTime:0.000044s ]
INFO: [ app_init ] --END-- [ RunTime:0.000818s ]
ERR: æ— æ³•åŠ è½½æ¨¡å—:Public

[ 2018-10-16T16:24:00+08:00 ] 127.0.0.1 /secondhand/Public/admin/js/jquery.form.min.js.map
INFO: [ app_init ] --START--
INFO: Run Behavior\BuildLiteBehavior [ RunTime:0.000086s ]
INFO: [ app_init ] --END-- [ RunTime:0.002560s ]
ERR: æ— æ³•åŠ è½½æ¨¡å—:Public

[ 2018-10-16T16:24:02+08:00 ] 127.0.0.1 /secondhand/Public/Index/webUploader/webuploader.css
INFO: [ app_init ] --START--
INFO: Run Behavior\BuildLiteBehavior [ RunTime:0.000036s ]
INFO: [ app_init ] --END-- [ RunTime:0.000762s ]
ERR: æ— æ³•åŠ è½½æ¨¡å—:Public

[ 2018-10-16T16:24:02+08:00 ] 127.0.0.1 /secondhand/Public/Index/webUploader/webuploader.js?_=1539678242774
INFO: [ app_init ] --START--
INFO: Run Behavior\BuildLiteBehavior [ RunTime:0.000058s ]
INFO: [ app_init ] --END-- [ RunTime:0.000925s ]
ERR: æ— æ³•åŠ è½½æ¨¡å—:Public

[ 2018-10-16T16:25:06+08:00 ] 127.0.0.1 /secondhand/Public/admin/js/jquery.form.min.js.map
INFO: [ app_init ] --START--
INFO: Run Behavior\BuildLiteBehavior [ RunTime:0.000022s ]
INFO: [ app_init ] --END-- [ RunTime:0.000533s ]
ERR: æ— æ³•åŠ è½½æ¨¡å—:Public

[ 2018-10-16T16:25:08+08:00 ] 127.0.0.1 /secondhand/Public/Index/webUploader/webuploader.css
INFO: [ app_init ] --START--
INFO: Run Behavior\BuildLiteBehavior [ RunTime:0.000079s ]
INFO: [ app_init ] --END-- [ RunTime:0.000836s ]
ERR: æ— æ³•åŠ è½½æ¨¡å—:Public

[ 2018-10-16T16:25:08+08:00 ] 127.0.0.1 /secondhand/Public/Index/webUploader/webuploader.js?_=1539678308503
INFO: [ app_init ] --START--
INFO: Run Behavior\BuildLiteBehavior [ RunTime:0.000050s ]
INFO: [ app_init ] --END-- [ RunTime:0.000925s ]
ERR: æ— æ³•åŠ è½½æ¨¡å—:Public

[ 2018-10-16T16:25:54+08:00 ] 127.0.0.1 /secondhand/Public/admin/js/jquery.form.min.js.map
INFO: [ app_init ] --START--
INFO: Run Behavior\BuildLiteBehavior [ RunTime:0.000128s ]
INFO: [ app_init ] --END-- [ RunTime:0.001047s ]
ERR: æ— æ³•åŠ è½½æ¨¡å—:Public

[ 2018-10-16T16:25:57+08:00 ] 127.0.0.1 /secondhand/Public/Index/webUploader/webuploader.css
INFO: [ app_init ] --START--
INFO: Run Behavior\BuildLiteBehavior [ RunTime:0.000053s ]
INFO: [ app_init ] --END-- [ RunTime:0.000793s ]
ERR: æ— æ³•åŠ è½½æ¨¡å—:Public

[ 2018-10-16T16:25:57+08:00 ] 127.0.0.1 /secondhand/Public/Index/webUploader/webuploader.js?_=1539678357056
INFO: [ app_init ] --START--
INFO: Run Behavior\BuildLiteBehavior [ RunTime:0.000051s ]
INFO: [ app_init ] --END-- [ RunTime:0.000864s ]
ERR: æ— æ³•åŠ è½½æ¨¡å—:Public

[ 2018-10-16T16:29:09+08:00 ] 127.0.0.1 /secondhand/Public/admin/js/jquery.form.min.js.map
INFO: [ app_init ] --START--
INFO: Run Behavior\BuildLiteBehavior [ RunTime:0.000039s ]
INFO: [ app_init ] --END-- [ RunTime:0.001008s ]
ERR: æ— æ³•åŠ è½½æ¨¡å—:Public

[ 2018-10-16T16:29:11+08:00 ] 127.0.0.1 /secondhand/Public/Index/webUploader/webuploader.css
INFO: [ app_init ] --START--
INFO: Run Behavior\BuildLiteBehavior [ RunTime:0.000057s ]
INFO: [ app_init ] --END-- [ RunTime:0.000861s ]
ERR: æ— æ³•åŠ è½½æ¨¡å—:Public

[ 2018-10-16T16:29:11+08:00 ] 127.0.0.1 /secondhand/Public/Index/webUploader/webuploader.js?_=1539678550991
INFO: [ app_init ] --START--
INFO: Run Behavior\BuildLiteBehavior [ RunTime:0.000039s ]
INFO: [ app_init ] --END-- [ RunTime:0.000751s ]
ERR: æ— æ³•åŠ è½½æ¨¡å—:Public

[ 2018-10-16T16:29:37+08:00 ] 127.0.0.1 /secondhand/Public/admin/js/jquery.form.min.js.map
INFO: [ app_init ] --START--
INFO: Run Behavior\BuildLiteBehavior [ RunTime:0.000038s ]
INFO: [ app_init ] --END-- [ RunTime:0.000737s ]
ERR: æ— æ³•åŠ è½½æ¨¡å—:Public

[ 2018-10-16T16:29:40+08:00 ] 127.0.0.1 /secondhand/Public/Index/webUploader/webuploader.css
INFO: [ app_init ] --START--
INFO: Run Behavior\BuildLiteBehavior [ RunTime:0.000080s ]
INFO: [ app_init ] --END-- [ RunTime:0.001056s ]
ERR: æ— æ³•åŠ è½½æ¨¡å—:Public

[ 2018-10-16T16:29:40+08:00 ] 127.0.0.1 /secondhand/Public/Index/webUploader/webuploader.js?_=1539678580328
INFO: [ app_init ] --START--
INFO: Run Behavior\BuildLiteBehavior [ RunTime:0.000051s ]
INFO: [ app_init ] --END-- [ RunTime:0.001123s ]
ERR: æ— æ³•åŠ è½½æ¨¡å—:Public

[ 2018-10-16T16:30:15+08:00 ] 127.0.0.1 /secondhand/Public/admin/js/jquery.form.min.js.map
INFO: [ app_init ] --START--
INFO: Run Behavior\BuildLiteBehavior [ RunTime:0.000036s ]
INFO: [ app_init ] --END-- [ RunTime:0.001528s ]
ERR: æ— æ³•åŠ è½½æ¨¡å—:Public

[ 2018-10-16T16:30:16+08:00 ] 127.0.0.1 /secondhand/Public/Index/webUploader/webuploader.css
INFO: [ app_init ] --START--
INFO: Run Behavior\BuildLiteBehavior [ RunTime:0.000045s ]
INFO: [ app_init ] --END-- [ RunTime:0.000833s ]
ERR: æ— æ³•åŠ è½½æ¨¡å—:Public

[ 2018-10-16T16:30:16+08:00 ] 127.0.0.1 /secondhand/Public/Index/webUploader/webuploader.js?_=1539678616928
INFO: [ app_init ] --START--
INFO: Run Behavior\BuildLiteBehavior [ RunTime:0.000059s ]
INFO: [ app_init ] --END-- [ RunTime:0.000822s ]
ERR: æ— æ³•åŠ è½½æ¨¡å—:Public

