[ 2019-04-25T10:58:05+08:00 ] 127.0.0.1 /SecondHand/Uploads/face/120181106113211_213.jpg
INFO: [ app_init ] --START--
INFO: Run Behavior\BuildLiteBehavior [ RunTime:0.000033s ]
INFO: [ app_init ] --END-- [ RunTime:0.000746s ]
ERR: 无法加载模块:Uploads

[ 2019-04-25T10:58:05+08:00 ] 127.0.0.1 /SecondHand/Uploads/face/120181025100817_418.jpg
INFO: [ app_init ] --START--
INFO: Run Behavior\BuildLiteBehavior [ RunTime:0.000042s ]
INFO: [ app_init ] --END-- [ RunTime:0.000842s ]
ERR: 无法加载模块:Uploads

[ 2019-04-25T10:58:05+08:00 ] 127.0.0.1 /SecondHand/Uploads/face/120181106113144_752.jpg
INFO: [ app_init ] --START--
INFO: Run Behavior\BuildLiteBehavior [ RunTime:0.000043s ]
INFO: [ app_init ] --END-- [ RunTime:0.000806s ]
ERR: 无法加载模块:Uploads

[ 2019-04-25T10:58:05+08:00 ] 127.0.0.1 /SecondHand/Uploads/face/120181110234242_241.jpg
INFO: [ app_init ] --START--
INFO: Run Behavior\BuildLiteBehavior [ RunTime:0.000097s ]
INFO: [ app_init ] --END-- [ RunTime:0.000932s ]
ERR: 无法加载模块:Uploads

[ 2019-04-25T10:58:05+08:00 ] 127.0.0.1 /SecondHand/Uploads/face/120181106113106_359.jpg
INFO: [ app_init ] --START--
INFO: Run Behavior\BuildLiteBehavior [ RunTime:0.000058s ]
INFO: [ app_init ] --END-- [ RunTime:0.000971s ]
ERR: 无法加载模块:Uploads

[ 2019-04-25T10:58:05+08:00 ] 127.0.0.1 /SecondHand/Uploads/face/120181106113032_206.jpg
INFO: [ app_init ] --START--
INFO: Run Behavior\BuildLiteBehavior [ RunTime:0.000062s ]
INFO: [ app_init ] --END-- [ RunTime:0.001036s ]
ERR: 无法加载模块:Uploads

[ 2019-04-25T10:58:23+08:00 ] 127.0.0.1 /SecondHand/Uploads/face/120181110234242_241.jpg
INFO: [ app_init ] --START--
INFO: Run Behavior\BuildLiteBehavior [ RunTime:0.000061s ]
INFO: [ app_init ] --END-- [ RunTime:0.000991s ]
ERR: 无法加载模块:Uploads

[ 2019-04-25T10:58:27+08:00 ] 127.0.0.1 /SecondHand/Uploads/img/120181110234242_241.jpg
INFO: [ app_init ] --START--
INFO: Run Behavior\BuildLiteBehavior [ RunTime:0.000054s ]
INFO: [ app_init ] --END-- [ RunTime:0.001130s ]
ERR: 无法加载模块:Uploads

[ 2019-04-25T10:58:35+08:00 ] 127.0.0.1 /SecondHand/Uploads/img/120181110234242_241.jpg
INFO: [ app_init ] --START--
INFO: Run Behavior\BuildLiteBehavior [ RunTime:0.000072s ]
INFO: [ app_init ] --END-- [ RunTime:0.001091s ]
ERR: 无法加载模块:Uploads

[ 2019-04-25T10:58:49+08:00 ] 127.0.0.1 /SecondHand/Uploads/face/120181025100817_418.jpg
INFO: [ app_init ] --START--
INFO: Run Behavior\BuildLiteBehavior [ RunTime:0.000033s ]
INFO: [ app_init ] --END-- [ RunTime:0.000791s ]
ERR: 无法加载模块:Uploads

[ 2019-04-25T10:58:49+08:00 ] 127.0.0.1 /SecondHand/Uploads/face/120181110234242_241.jpg
INFO: [ app_init ] --START--
INFO: Run Behavior\BuildLiteBehavior [ RunTime:0.000036s ]
INFO: [ app_init ] --END-- [ RunTime:0.000888s ]
ERR: 无法加载模块:Uploads

[ 2019-04-25T10:58:49+08:00 ] 127.0.0.1 /SecondHand/Uploads/face/120181106113144_752.jpg
INFO: [ app_init ] --START--
INFO: Run Behavior\BuildLiteBehavior [ RunTime:0.000070s ]
INFO: [ app_init ] --END-- [ RunTime:0.000757s ]
ERR: 无法加载模块:Uploads

[ 2019-04-25T10:58:49+08:00 ] 127.0.0.1 /SecondHand/Uploads/face/120181106113211_213.jpg
INFO: [ app_init ] --START--
INFO: Run Behavior\BuildLiteBehavior [ RunTime:0.000064s ]
INFO: [ app_init ] --END-- [ RunTime:0.000924s ]
ERR: 无法加载模块:Uploads

[ 2019-04-25T10:58:49+08:00 ] 127.0.0.1 /SecondHand/Uploads/face/120181106113032_206.jpg
INFO: [ app_init ] --START--
INFO: Run Behavior\BuildLiteBehavior [ RunTime:0.000031s ]
INFO: [ app_init ] --END-- [ RunTime:0.000616s ]
ERR: 无法加载模块:Uploads

[ 2019-04-25T10:58:49+08:00 ] 127.0.0.1 /SecondHand/Uploads/face/120181106113106_359.jpg
INFO: [ app_init ] --START--
INFO: Run Behavior\BuildLiteBehavior [ RunTime:0.000044s ]
INFO: [ app_init ] --END-- [ RunTime:0.001106s ]
ERR: 无法加载模块:Uploads

[ 2019-04-25T10:58:56+08:00 ] 127.0.0.1 /SecondHand/Uploads/img/120181106113144_752.jpg
INFO: [ app_init ] --START--
INFO: Run Behavior\BuildLiteBehavior [ RunTime:0.000070s ]
INFO: [ app_init ] --END-- [ RunTime:0.001090s ]
ERR: 无法加载模块:Uploads

[ 2019-04-25T10:59:01+08:00 ] 127.0.0.1 /secondhand/Public/ModalBoxes/css/images/bg.gif
INFO: [ app_init ] --START--
INFO: Run Behavior\BuildLiteBehavior [ RunTime:0.000037s ]
INFO: [ app_init ] --END-- [ RunTime:0.001316s ]
ERR: 无法加载模块:Public

[ 2019-04-25T10:59:09+08:00 ] 127.0.0.1 /SecondHand/Uploads/face/120181110234242_241.jpg
INFO: [ app_init ] --START--
INFO: Run Behavior\BuildLiteBehavior [ RunTime:0.000037s ]
INFO: [ app_init ] --END-- [ RunTime:0.000788s ]
ERR: 无法加载模块:Uploads

[ 2019-04-25T10:59:09+08:00 ] 127.0.0.1 /SecondHand/Uploads/face/120181025100817_418.jpg
INFO: [ app_init ] --START--
INFO: Run Behavior\BuildLiteBehavior [ RunTime:0.000090s ]
INFO: [ app_init ] --END-- [ RunTime:0.001138s ]
ERR: 无法加载模块:Uploads

[ 2019-04-25T10:59:09+08:00 ] 127.0.0.1 /SecondHand/Uploads/face/120181106113211_213.jpg
INFO: [ app_init ] --START--
INFO: Run Behavior\BuildLiteBehavior [ RunTime:0.000077s ]
INFO: [ app_init ] --END-- [ RunTime:0.000914s ]
ERR: 无法加载模块:Uploads

[ 2019-04-25T10:59:09+08:00 ] 127.0.0.1 /SecondHand/Uploads/face/120181106113144_752.jpg
INFO: [ app_init ] --START--
INFO: Run Behavior\BuildLiteBehavior [ RunTime:0.000034s ]
INFO: [ app_init ] --END-- [ RunTime:0.000728s ]
ERR: 无法加载模块:Uploads

[ 2019-04-25T10:59:09+08:00 ] 127.0.0.1 /SecondHand/Uploads/face/120181106113106_359.jpg
INFO: [ app_init ] --START--
INFO: Run Behavior\BuildLiteBehavior [ RunTime:0.000071s ]
INFO: [ app_init ] --END-- [ RunTime:0.000936s ]
ERR: 无法加载模块:Uploads

[ 2019-04-25T10:59:09+08:00 ] 127.0.0.1 /SecondHand/Uploads/face/120181106113032_206.jpg
INFO: [ app_init ] --START--
INFO: Run Behavior\BuildLiteBehavior [ RunTime:0.000061s ]
INFO: [ app_init ] --END-- [ RunTime:0.001021s ]
ERR: 无法加载模块:Uploads

[ 2019-04-25T10:59:12+08:00 ] 127.0.0.1 /SecondHand/Uploads/face/120181110234242_241.jpg
INFO: [ app_init ] --START--
INFO: Run Behavior\BuildLiteBehavior [ RunTime:0.000041s ]
INFO: [ app_init ] --END-- [ RunTime:0.000808s ]
ERR: 无法加载模块:Uploads

[ 2019-04-25T10:59:13+08:00 ] 127.0.0.1 /SecondHand/Uploads/img/120181110234242_241.jpg
INFO: [ app_init ] --START--
INFO: Run Behavior\BuildLiteBehavior [ RunTime:0.000050s ]
INFO: [ app_init ] --END-- [ RunTime:0.000901s ]
ERR: 无法加载模块:Uploads

[ 2019-04-25T10:59:23+08:00 ] 127.0.0.1 /SecondHand/Uploads/face/120181110234242_241.jpg
INFO: [ app_init ] --START--
INFO: Run Behavior\BuildLiteBehavior [ RunTime:0.000043s ]
INFO: [ app_init ] --END-- [ RunTime:0.001138s ]
ERR: 无法加载模块:Uploads

[ 2019-04-25T10:59:23+08:00 ] 127.0.0.1 /SecondHand/Uploads/face/120181106113106_359.jpg
INFO: [ app_init ] --START--
INFO: Run Behavior\BuildLiteBehavior [ RunTime:0.000032s ]
INFO: [ app_init ] --END-- [ RunTime:0.000708s ]
ERR: 无法加载模块:Uploads

[ 2019-04-25T10:59:23+08:00 ] 127.0.0.1 /SecondHand/Uploads/face/120181106113144_752.jpg
INFO: [ app_init ] --START--
INFO: Run Behavior\BuildLiteBehavior [ RunTime:0.000043s ]
INFO: [ app_init ] --END-- [ RunTime:0.001470s ]
ERR: 无法加载模块:Uploads

[ 2019-04-25T10:59:23+08:00 ] 127.0.0.1 /SecondHand/Uploads/face/120181106113032_206.jpg
INFO: [ app_init ] --START--
INFO: Run Behavior\BuildLiteBehavior [ RunTime:0.000116s ]
INFO: [ app_init ] --END-- [ RunTime:0.002717s ]
ERR: 无法加载模块:Uploads

[ 2019-04-25T10:59:29+08:00 ] 127.0.0.1 /SecondHand/Uploads/face/120181106113211_213.jpg
INFO: [ app_init ] --START--
INFO: Run Behavior\BuildLiteBehavior [ RunTime:0.000034s ]
INFO: [ app_init ] --END-- [ RunTime:0.000715s ]
ERR: 无法加载模块:Uploads

[ 2019-04-25T10:59:29+08:00 ] 127.0.0.1 /SecondHand/Uploads/face/120181110234242_241.jpg
INFO: [ app_init ] --START--
INFO: Run Behavior\BuildLiteBehavior [ RunTime:0.000040s ]
INFO: [ app_init ] --END-- [ RunTime:0.001053s ]
ERR: 无法加载模块:Uploads

[ 2019-04-25T10:59:29+08:00 ] 127.0.0.1 /SecondHand/Uploads/face/120181106113144_752.jpg
INFO: [ app_init ] --START--
INFO: Run Behavior\BuildLiteBehavior [ RunTime:0.000038s ]
INFO: [ app_init ] --END-- [ RunTime:0.000728s ]
ERR: 无法加载模块:Uploads

[ 2019-04-25T10:59:29+08:00 ] 127.0.0.1 /SecondHand/Uploads/face/120181025100817_418.jpg
INFO: [ app_init ] --START--
INFO: Run Behavior\BuildLiteBehavior [ RunTime:0.000041s ]
INFO: [ app_init ] --END-- [ RunTime:0.000931s ]
ERR: 无法加载模块:Uploads

[ 2019-04-25T10:59:29+08:00 ] 127.0.0.1 /SecondHand/Uploads/face/120181106113106_359.jpg
INFO: [ app_init ] --START--
INFO: Run Behavior\BuildLiteBehavior [ RunTime:0.000096s ]
INFO: [ app_init ] --END-- [ RunTime:0.001135s ]
ERR: 无法加载模块:Uploads

[ 2019-04-25T10:59:29+08:00 ] 127.0.0.1 /SecondHand/Uploads/face/120181106113032_206.jpg
INFO: [ app_init ] --START--
INFO: Run Behavior\BuildLiteBehavior [ RunTime:0.000044s ]
INFO: [ app_init ] --END-- [ RunTime:0.002441s ]
ERR: 无法加载模块:Uploads

[ 2019-04-25T10:59:31+08:00 ] 127.0.0.1 /SecondHand/Uploads/face/120181110234242_241.jpg
INFO: [ app_init ] --START--
INFO: Run Behavior\BuildLiteBehavior [ RunTime:0.000034s ]
INFO: [ app_init ] --END-- [ RunTime:0.000688s ]
ERR: 无法加载模块:Uploads

[ 2019-04-25T10:59:33+08:00 ] 127.0.0.1 /SecondHand/Uploads/img/120181110234242_241.jpg
INFO: [ app_init ] --START--
INFO: Run Behavior\BuildLiteBehavior [ RunTime:0.000039s ]
INFO: [ app_init ] --END-- [ RunTime:0.000833s ]
ERR: 无法加载模块:Uploads

[ 2019-04-25T10:59:51+08:00 ] 127.0.0.1 /SecondHand/Uploads/face/120181025100817_418.jpg
INFO: [ app_init ] --START--
INFO: Run Behavior\BuildLiteBehavior [ RunTime:0.000036s ]
INFO: [ app_init ] --END-- [ RunTime:0.000712s ]
ERR: 无法加载模块:Uploads

[ 2019-04-25T10:59:51+08:00 ] 127.0.0.1 /SecondHand/Uploads/face/120181106113211_213.jpg
INFO: [ app_init ] --START--
INFO: Run Behavior\BuildLiteBehavior [ RunTime:0.000040s ]
INFO: [ app_init ] --END-- [ RunTime:0.003351s ]
ERR: 无法加载模块:Uploads

[ 2019-04-25T10:59:51+08:00 ] 127.0.0.1 /SecondHand/Uploads/face/120181110234242_241.jpg
INFO: [ app_init ] --START--
INFO: Run Behavior\BuildLiteBehavior [ RunTime:0.000042s ]
INFO: [ app_init ] --END-- [ RunTime:0.001661s ]
ERR: 无法加载模块:Uploads

[ 2019-04-25T10:59:51+08:00 ] 127.0.0.1 /SecondHand/Uploads/face/120181106113032_206.jpg
INFO: [ app_init ] --START--
INFO: Run Behavior\BuildLiteBehavior [ RunTime:0.000039s ]
INFO: [ app_init ] --END-- [ RunTime:0.000739s ]
ERR: 无法加载模块:Uploads

[ 2019-04-25T10:59:51+08:00 ] 127.0.0.1 /SecondHand/Uploads/face/120181106113144_752.jpg
INFO: [ app_init ] --START--
INFO: Run Behavior\BuildLiteBehavior [ RunTime:0.000054s ]
INFO: [ app_init ] --END-- [ RunTime:0.000829s ]
ERR: 无法加载模块:Uploads

[ 2019-04-25T10:59:51+08:00 ] 127.0.0.1 /SecondHand/Uploads/face/120181106113106_359.jpg
INFO: [ app_init ] --START--
INFO: Run Behavior\BuildLiteBehavior [ RunTime:0.000047s ]
INFO: [ app_init ] --END-- [ RunTime:0.001937s ]
ERR: 无法加载模块:Uploads

[ 2019-04-25T10:59:58+08:00 ] 127.0.0.1 /SecondHand/Uploads/img/120181025100817_418.jpg
INFO: [ app_init ] --START--
INFO: Run Behavior\BuildLiteBehavior [ RunTime:0.000034s ]
INFO: [ app_init ] --END-- [ RunTime:0.000753s ]
ERR: 无法加载模块:Uploads

[ 2019-04-25T10:59:58+08:00 ] 127.0.0.1 /SecondHand/Uploads/img/120181025091526_764.jpg
INFO: [ app_init ] --START--
INFO: Run Behavior\BuildLiteBehavior [ RunTime:0.000037s ]
INFO: [ app_init ] --END-- [ RunTime:0.012618s ]
ERR: 无法加载模块:Uploads

[ 2019-04-25T10:59:58+08:00 ] 127.0.0.1 /SecondHand/Uploads/img/120181106112935_871.jpg
INFO: [ app_init ] --START--
INFO: Run Behavior\BuildLiteBehavior [ RunTime:0.000040s ]
INFO: [ app_init ] --END-- [ RunTime:0.000762s ]
ERR: 无法加载模块:Uploads

[ 2019-04-25T10:59:58+08:00 ] 127.0.0.1 /SecondHand/Uploads/img/120181106113032_206.jpg
INFO: [ app_init ] --START--
INFO: Run Behavior\BuildLiteBehavior [ RunTime:0.000057s ]
INFO: [ app_init ] --END-- [ RunTime:0.000789s ]
ERR: 无法加载模块:Uploads

[ 2019-04-25T10:59:58+08:00 ] 127.0.0.1 /SecondHand/Uploads/img/120181106112840_179.jpg
INFO: [ app_init ] --START--
INFO: Run Behavior\BuildLiteBehavior [ RunTime:0.000037s ]
INFO: [ app_init ] --END-- [ RunTime:0.000915s ]
ERR: 无法加载模块:Uploads

[ 2019-04-25T10:59:58+08:00 ] 127.0.0.1 /SecondHand/Uploads/img/120181106113106_359.jpg
INFO: [ app_init ] --START--
INFO: Run Behavior\BuildLiteBehavior [ RunTime:0.000048s ]
INFO: [ app_init ] --END-- [ RunTime:0.000722s ]
ERR: 无法加载模块:Uploads

[ 2019-04-25T10:59:58+08:00 ] 127.0.0.1 /SecondHand/Uploads/img/120181106113144_752.jpg
INFO: [ app_init ] --START--
INFO: Run Behavior\BuildLiteBehavior [ RunTime:0.000037s ]
INFO: [ app_init ] --END-- [ RunTime:0.000779s ]
ERR: 无法加载模块:Uploads

[ 2019-04-25T10:59:58+08:00 ] 127.0.0.1 /SecondHand/Uploads/img/120181106113211_213.jpg
INFO: [ app_init ] --START--
INFO: Run Behavior\BuildLiteBehavior [ RunTime:0.000050s ]
INFO: [ app_init ] --END-- [ RunTime:0.000867s ]
ERR: 无法加载模块:Uploads

[ 2019-04-25T10:59:58+08:00 ] 127.0.0.1 /SecondHand/Uploads/img/120181106113011_720.jpg
INFO: [ app_init ] --START--
INFO: Run Behavior\BuildLiteBehavior [ RunTime:0.000079s ]
INFO: [ app_init ] --END-- [ RunTime:0.001062s ]
ERR: 无法加载模块:Uploads

[ 2019-04-25T10:59:58+08:00 ] 127.0.0.1 /SecondHand/Uploads/img/120181110234242_241.jpg
INFO: [ app_init ] --START--
INFO: Run Behavior\BuildLiteBehavior [ RunTime:0.000056s ]
INFO: [ app_init ] --END-- [ RunTime:0.000842s ]
ERR: 无法加载模块:Uploads

[ 2019-04-25T11:00:04+08:00 ] 127.0.0.1 /SecondHand/Uploads/img/120181025091526_764.jpg
INFO: [ app_init ] --START--
INFO: Run Behavior\BuildLiteBehavior [ RunTime:0.000039s ]
INFO: [ app_init ] --END-- [ RunTime:0.001931s ]
ERR: 无法加载模块:Uploads

[ 2019-04-25T11:00:04+08:00 ] 127.0.0.1 /SecondHand/Uploads/img/120181106113011_720.jpg
INFO: [ app_init ] --START--
INFO: Run Behavior\BuildLiteBehavior [ RunTime:0.000035s ]
INFO: [ app_init ] --END-- [ RunTime:0.000664s ]
ERR: 无法加载模块:Uploads

[ 2019-04-25T11:00:04+08:00 ] 127.0.0.1 /SecondHand/Uploads/img/120181106112840_179.jpg
INFO: [ app_init ] --START--
INFO: Run Behavior\BuildLiteBehavior [ RunTime:0.000073s ]
INFO: [ app_init ] --END-- [ RunTime:0.000856s ]
ERR: 无法加载模块:Uploads

[ 2019-04-25T11:00:04+08:00 ] 127.0.0.1 /SecondHand/Uploads/img/120181025100817_418.jpg
INFO: [ app_init ] --START--
INFO: Run Behavior\BuildLiteBehavior [ RunTime:0.000054s ]
INFO: [ app_init ] --END-- [ RunTime:0.000887s ]
ERR: 无法加载模块:Uploads

[ 2019-04-25T11:00:04+08:00 ] 127.0.0.1 /SecondHand/Uploads/img/120181106112935_871.jpg
INFO: [ app_init ] --START--
INFO: Run Behavior\BuildLiteBehavior [ RunTime:0.000064s ]
INFO: [ app_init ] --END-- [ RunTime:0.000959s ]
ERR: 无法加载模块:Uploads

[ 2019-04-25T11:00:04+08:00 ] 127.0.0.1 /SecondHand/Uploads/img/120181106113106_359.jpg
INFO: [ app_init ] --START--
INFO: Run Behavior\BuildLiteBehavior [ RunTime:0.000033s ]
INFO: [ app_init ] --END-- [ RunTime:0.001559s ]
ERR: 无法加载模块:Uploads

[ 2019-04-25T11:00:04+08:00 ] 127.0.0.1 /SecondHand/Uploads/img/120181106113211_213.jpg
INFO: [ app_init ] --START--
INFO: Run Behavior\BuildLiteBehavior [ RunTime:0.000039s ]
INFO: [ app_init ] --END-- [ RunTime:0.000771s ]
ERR: 无法加载模块:Uploads

[ 2019-04-25T11:00:04+08:00 ] 127.0.0.1 /SecondHand/Uploads/img/120181106113144_752.jpg
INFO: [ app_init ] --START--
INFO: Run Behavior\BuildLiteBehavior [ RunTime:0.000073s ]
INFO: [ app_init ] --END-- [ RunTime:0.000822s ]
ERR: 无法加载模块:Uploads

[ 2019-04-25T11:00:04+08:00 ] 127.0.0.1 /SecondHand/Uploads/img/120181110234242_241.jpg
INFO: [ app_init ] --START--
INFO: Run Behavior\BuildLiteBehavior [ RunTime:0.000032s ]
INFO: [ app_init ] --END-- [ RunTime:0.000678s ]
ERR: 无法加载模块:Uploads

[ 2019-04-25T11:00:06+08:00 ] 127.0.0.1 /SecondHand/Uploads/img/120181025091526_764.jpg
INFO: [ app_init ] --START--
INFO: Run Behavior\BuildLiteBehavior [ RunTime:0.000036s ]
INFO: [ app_init ] --END-- [ RunTime:0.000691s ]
ERR: 无法加载模块:Uploads

[ 2019-04-25T11:00:06+08:00 ] 127.0.0.1 /SecondHand/Uploads/img/120181106112840_179.jpg
INFO: [ app_init ] --START--
INFO: Run Behavior\BuildLiteBehavior [ RunTime:0.000035s ]
INFO: [ app_init ] --END-- [ RunTime:0.000788s ]
ERR: 无法加载模块:Uploads

[ 2019-04-25T11:00:06+08:00 ] 127.0.0.1 /SecondHand/Uploads/img/120181106113011_720.jpg
INFO: [ app_init ] --START--
INFO: Run Behavior\BuildLiteBehavior [ RunTime:0.000058s ]
INFO: [ app_init ] --END-- [ RunTime:0.000955s ]
ERR: 无法加载模块:Uploads

[ 2019-04-25T11:00:06+08:00 ] 127.0.0.1 /SecondHand/Uploads/img/120181106113106_359.jpg
INFO: [ app_init ] --START--
INFO: Run Behavior\BuildLiteBehavior [ RunTime:0.000037s ]
INFO: [ app_init ] --END-- [ RunTime:0.000693s ]
ERR: 无法加载模块:Uploads

[ 2019-04-25T11:00:06+08:00 ] 127.0.0.1 /SecondHand/Uploads/img/120181106113144_752.jpg
INFO: [ app_init ] --START--
INFO: Run Behavior\BuildLiteBehavior [ RunTime:0.000042s ]
INFO: [ app_init ] --END-- [ RunTime:0.000881s ]
ERR: 无法加载模块:Uploads

[ 2019-04-25T11:00:06+08:00 ] 127.0.0.1 /SecondHand/Uploads/img/120181110234242_241.jpg
INFO: [ app_init ] --START--
INFO: Run Behavior\BuildLiteBehavior [ RunTime:0.000034s ]
INFO: [ app_init ] --END-- [ RunTime:0.000740s ]
ERR: 无法加载模块:Uploads

[ 2019-04-25T11:00:06+08:00 ] 127.0.0.1 /SecondHand/Uploads/img/120181025100817_418.jpg
INFO: [ app_init ] --START--
INFO: Run Behavior\BuildLiteBehavior [ RunTime:0.000040s ]
INFO: [ app_init ] --END-- [ RunTime:0.000857s ]
ERR: 无法加载模块:Uploads

[ 2019-04-25T11:00:06+08:00 ] 127.0.0.1 /SecondHand/Uploads/img/120181106113211_213.jpg
INFO: [ app_init ] --START--
INFO: Run Behavior\BuildLiteBehavior [ RunTime:0.000039s ]
INFO: [ app_init ] --END-- [ RunTime:0.000750s ]
ERR: 无法加载模块:Uploads

[ 2019-04-25T11:00:07+08:00 ] 127.0.0.1 /SecondHand/Uploads/img/120181025100817_418.jpg
INFO: [ app_init ] --START--
INFO: Run Behavior\BuildLiteBehavior [ RunTime:0.000085s ]
INFO: [ app_init ] --END-- [ RunTime:0.001036s ]
ERR: 无法加载模块:Uploads

[ 2019-04-25T11:00:07+08:00 ] 127.0.0.1 /SecondHand/Uploads/img/120181106113106_359.jpg
INFO: [ app_init ] --START--
INFO: Run Behavior\BuildLiteBehavior [ RunTime:0.000036s ]
INFO: [ app_init ] --END-- [ RunTime:0.000700s ]
ERR: 无法加载模块:Uploads

[ 2019-04-25T11:00:07+08:00 ] 127.0.0.1 /SecondHand/Uploads/img/120181106113011_720.jpg
INFO: [ app_init ] --START--
INFO: Run Behavior\BuildLiteBehavior [ RunTime:0.000033s ]
INFO: [ app_init ] --END-- [ RunTime:0.000777s ]
ERR: 无法加载模块:Uploads

[ 2019-04-25T11:00:07+08:00 ] 127.0.0.1 /SecondHand/Uploads/img/120181106113144_752.jpg
INFO: [ app_init ] --START--
INFO: Run Behavior\BuildLiteBehavior [ RunTime:0.000036s ]
INFO: [ app_init ] --END-- [ RunTime:0.000816s ]
ERR: 无法加载模块:Uploads

[ 2019-04-25T11:00:07+08:00 ] 127.0.0.1 /SecondHand/Uploads/img/120181025091526_764.jpg
INFO: [ app_init ] --START--
INFO: Run Behavior\BuildLiteBehavior [ RunTime:0.000036s ]
INFO: [ app_init ] --END-- [ RunTime:0.000725s ]
ERR: 无法加载模块:Uploads

[ 2019-04-25T11:00:07+08:00 ] 127.0.0.1 /SecondHand/Uploads/img/120181106113211_213.jpg
INFO: [ app_init ] --START--
INFO: Run Behavior\BuildLiteBehavior [ RunTime:0.000046s ]
INFO: [ app_init ] --END-- [ RunTime:0.001208s ]
ERR: 无法加载模块:Uploads

[ 2019-04-25T11:00:07+08:00 ] 127.0.0.1 /SecondHand/Uploads/img/120181110234242_241.jpg
INFO: [ app_init ] --START--
INFO: Run Behavior\BuildLiteBehavior [ RunTime:0.000038s ]
INFO: [ app_init ] --END-- [ RunTime:0.000825s ]
ERR: 无法加载模块:Uploads

[ 2019-04-25T11:00:08+08:00 ] 127.0.0.1 /SecondHand/Uploads/img/120181025100817_418.jpg
INFO: [ app_init ] --START--
INFO: Run Behavior\BuildLiteBehavior [ RunTime:0.000065s ]
INFO: [ app_init ] --END-- [ RunTime:0.001052s ]
ERR: 无法加载模块:Uploads

[ 2019-04-25T11:00:08+08:00 ] 127.0.0.1 /SecondHand/Uploads/img/120181106113011_720.jpg
INFO: [ app_init ] --START--
INFO: Run Behavior\BuildLiteBehavior [ RunTime:0.000035s ]
INFO: [ app_init ] --END-- [ RunTime:0.000710s ]
ERR: 无法加载模块:Uploads

[ 2019-04-25T11:00:08+08:00 ] 127.0.0.1 /SecondHand/Uploads/img/120181106113106_359.jpg
INFO: [ app_init ] --START--
INFO: Run Behavior\BuildLiteBehavior [ RunTime:0.000035s ]
INFO: [ app_init ] --END-- [ RunTime:0.000710s ]
ERR: 无法加载模块:Uploads

[ 2019-04-25T11:00:08+08:00 ] 127.0.0.1 /SecondHand/Uploads/img/120181025091526_764.jpg
INFO: [ app_init ] --START--
INFO: Run Behavior\BuildLiteBehavior [ RunTime:0.000038s ]
INFO: [ app_init ] --END-- [ RunTime:0.000652s ]
ERR: 无法加载模块:Uploads

[ 2019-04-25T11:00:08+08:00 ] 127.0.0.1 /SecondHand/Uploads/img/120181106113144_752.jpg
INFO: [ app_init ] --START--
INFO: Run Behavior\BuildLiteBehavior [ RunTime:0.000056s ]
INFO: [ app_init ] --END-- [ RunTime:0.000822s ]
ERR: 无法加载模块:Uploads

[ 2019-04-25T11:00:08+08:00 ] 127.0.0.1 /SecondHand/Uploads/img/120181106113211_213.jpg
INFO: [ app_init ] --START--
INFO: Run Behavior\BuildLiteBehavior [ RunTime:0.000065s ]
INFO: [ app_init ] --END-- [ RunTime:0.000987s ]
ERR: 无法加载模块:Uploads

[ 2019-04-25T11:00:08+08:00 ] 127.0.0.1 /SecondHand/Uploads/img/120181110234242_241.jpg
INFO: [ app_init ] --START--
INFO: Run Behavior\BuildLiteBehavior [ RunTime:0.000057s ]
INFO: [ app_init ] --END-- [ RunTime:0.001178s ]
ERR: 无法加载模块:Uploads

[ 2019-04-25T11:00:10+08:00 ] 127.0.0.1 /SecondHand/Uploads/img/120181025091526_764.jpg
INFO: [ app_init ] --START--
INFO: Run Behavior\BuildLiteBehavior [ RunTime:0.000060s ]
INFO: [ app_init ] --END-- [ RunTime:0.000904s ]
ERR: 无法加载模块:Uploads

[ 2019-04-25T11:00:10+08:00 ] 127.0.0.1 /SecondHand/Uploads/img/120181106113011_720.jpg
INFO: [ app_init ] --START--
INFO: Run Behavior\BuildLiteBehavior [ RunTime:0.000060s ]
INFO: [ app_init ] --END-- [ RunTime:0.000854s ]
ERR: 无法加载模块:Uploads

[ 2019-04-25T11:00:10+08:00 ] 127.0.0.1 /SecondHand/Uploads/img/120181106113106_359.jpg
INFO: [ app_init ] --START--
INFO: Run Behavior\BuildLiteBehavior [ RunTime:0.000033s ]
INFO: [ app_init ] --END-- [ RunTime:0.000709s ]
ERR: 无法加载模块:Uploads

[ 2019-04-25T11:00:10+08:00 ] 127.0.0.1 /SecondHand/Uploads/img/120181106113144_752.jpg
INFO: [ app_init ] --START--
INFO: Run Behavior\BuildLiteBehavior [ RunTime:0.000060s ]
INFO: [ app_init ] --END-- [ RunTime:0.000890s ]
ERR: 无法加载模块:Uploads

[ 2019-04-25T11:00:10+08:00 ] 127.0.0.1 /SecondHand/Uploads/img/120181110234242_241.jpg
INFO: [ app_init ] --START--
INFO: Run Behavior\BuildLiteBehavior [ RunTime:0.000039s ]
INFO: [ app_init ] --END-- [ RunTime:0.000883s ]
ERR: 无法加载模块:Uploads

[ 2019-04-25T11:00:10+08:00 ] 127.0.0.1 /SecondHand/Uploads/img/120181106113211_213.jpg
INFO: [ app_init ] --START--
INFO: Run Behavior\BuildLiteBehavior [ RunTime:0.000088s ]
INFO: [ app_init ] --END-- [ RunTime:0.000817s ]
ERR: 无法加载模块:Uploads

[ 2019-04-25T11:00:10+08:00 ] 127.0.0.1 /SecondHand/Uploads/img/120181025091526_764.jpg
INFO: [ app_init ] --START--
INFO: Run Behavior\BuildLiteBehavior [ RunTime:0.000033s ]
INFO: [ app_init ] --END-- [ RunTime:0.000746s ]
ERR: 无法加载模块:Uploads

[ 2019-04-25T11:00:10+08:00 ] 127.0.0.1 /SecondHand/Uploads/img/120181106113106_359.jpg
INFO: [ app_init ] --START--
INFO: Run Behavior\BuildLiteBehavior [ RunTime:0.000073s ]
INFO: [ app_init ] --END-- [ RunTime:0.000783s ]
ERR: 无法加载模块:Uploads

[ 2019-04-25T11:00:10+08:00 ] 127.0.0.1 /SecondHand/Uploads/img/120181106113144_752.jpg
INFO: [ app_init ] --START--
INFO: Run Behavior\BuildLiteBehavior [ RunTime:0.000032s ]
INFO: [ app_init ] --END-- [ RunTime:0.000661s ]
ERR: 无法加载模块:Uploads

[ 2019-04-25T11:00:10+08:00 ] 127.0.0.1 /SecondHand/Uploads/img/120181106113211_213.jpg
INFO: [ app_init ] --START--
INFO: Run Behavior\BuildLiteBehavior [ RunTime:0.000054s ]
INFO: [ app_init ] --END-- [ RunTime:0.000783s ]
ERR: 无法加载模块:Uploads

[ 2019-04-25T11:00:10+08:00 ] 127.0.0.1 /SecondHand/Uploads/img/120181110234242_241.jpg
INFO: [ app_init ] --START--
INFO: Run Behavior\BuildLiteBehavior [ RunTime:0.000048s ]
INFO: [ app_init ] --END-- [ RunTime:0.001001s ]
ERR: 无法加载模块:Uploads

[ 2019-04-25T11:00:11+08:00 ] 127.0.0.1 /SecondHand/Uploads/img/120181025091526_764.jpg
INFO: [ app_init ] --START--
INFO: Run Behavior\BuildLiteBehavior [ RunTime:0.000032s ]
INFO: [ app_init ] --END-- [ RunTime:0.000723s ]
ERR: 无法加载模块:Uploads

[ 2019-04-25T11:00:11+08:00 ] 127.0.0.1 /SecondHand/Uploads/img/120181106113211_213.jpg
INFO: [ app_init ] --START--
INFO: Run Behavior\BuildLiteBehavior [ RunTime:0.000034s ]
INFO: [ app_init ] --END-- [ RunTime:0.000773s ]
ERR: 无法加载模块:Uploads

[ 2019-04-25T11:00:11+08:00 ] 127.0.0.1 /SecondHand/Uploads/img/120181110234242_241.jpg
INFO: [ app_init ] --START--
INFO: Run Behavior\BuildLiteBehavior [ RunTime:0.000060s ]
INFO: [ app_init ] --END-- [ RunTime:0.000969s ]
ERR: 无法加载模块:Uploads

[ 2019-04-25T11:00:11+08:00 ] 127.0.0.1 /SecondHand/Uploads/img/120181106113144_752.jpg
INFO: [ app_init ] --START--
INFO: Run Behavior\BuildLiteBehavior [ RunTime:0.000092s ]
INFO: [ app_init ] --END-- [ RunTime:0.000965s ]
ERR: 无法加载模块:Uploads

[ 2019-04-25T11:00:12+08:00 ] 127.0.0.1 /SecondHand/Uploads/img/120181106113211_213.jpg
INFO: [ app_init ] --START--
INFO: Run Behavior\BuildLiteBehavior [ RunTime:0.000032s ]
INFO: [ app_init ] --END-- [ RunTime:0.000687s ]
ERR: 无法加载模块:Uploads

[ 2019-04-25T11:00:12+08:00 ] 127.0.0.1 /SecondHand/Uploads/img/120181025091526_764.jpg
INFO: [ app_init ] --START--
INFO: Run Behavior\BuildLiteBehavior [ RunTime:0.000042s ]
INFO: [ app_init ] --END-- [ RunTime:0.000723s ]
ERR: 无法加载模块:Uploads

[ 2019-04-25T11:00:12+08:00 ] 127.0.0.1 /SecondHand/Uploads/img/120181110234242_241.jpg
INFO: [ app_init ] --START--
INFO: Run Behavior\BuildLiteBehavior [ RunTime:0.000058s ]
INFO: [ app_init ] --END-- [ RunTime:0.002769s ]
ERR: 无法加载模块:Uploads

[ 2019-04-25T11:00:12+08:00 ] 127.0.0.1 /SecondHand/Uploads/img/120181025091526_764.jpg
INFO: [ app_init ] --START--
INFO: Run Behavior\BuildLiteBehavior [ RunTime:0.000036s ]
INFO: [ app_init ] --END-- [ RunTime:0.000768s ]
ERR: 无法加载模块:Uploads

[ 2019-04-25T11:00:12+08:00 ] 127.0.0.1 /SecondHand/Uploads/img/120181110234242_241.jpg
INFO: [ app_init ] --START--
INFO: Run Behavior\BuildLiteBehavior [ RunTime:0.000051s ]
INFO: [ app_init ] --END-- [ RunTime:0.000958s ]
ERR: 无法加载模块:Uploads

[ 2019-04-25T11:00:13+08:00 ] 127.0.0.1 /SecondHand/Uploads/img/120181025091526_764.jpg
INFO: [ app_init ] --START--
INFO: Run Behavior\BuildLiteBehavior [ RunTime:0.000040s ]
INFO: [ app_init ] --END-- [ RunTime:0.001339s ]
ERR: 无法加载模块:Uploads

[ 2019-04-25T11:00:23+08:00 ] 127.0.0.1 /secondhand/Public/ModalBoxes/css/images/bg.gif
INFO: [ app_init ] --START--
INFO: Run Behavior\BuildLiteBehavior [ RunTime:0.000038s ]
INFO: [ app_init ] --END-- [ RunTime:0.001142s ]
ERR: 无法加载模块:Public

[ 2019-04-25T11:00:25+08:00 ] 127.0.0.1 /secondhand/Public/ModalBoxes/css/images/bg.gif
INFO: [ app_init ] --START--
INFO: Run Behavior\BuildLiteBehavior [ RunTime:0.000088s ]
INFO: [ app_init ] --END-- [ RunTime:0.001110s ]
ERR: 无法加载模块:Public

