[ 2018-11-21T19:15:19+08:00 ] 127.0.0.1 /secondhand/admin/index/index
INFO: [ app_init ] --START--
INFO: Run Behavior\BuildLiteBehavior [ RunTime:0.000039s ]
INFO: [ app_init ] --END-- [ RunTime:0.001223s ]
INFO: [ app_begin ] --START--
INFO: Run Behavior\ReadHtmlCacheBehavior [ RunTime:0.001568s ]
INFO: [ app_begin ] --END-- [ RunTime:0.001747s ]
INFO: [ view_parse ] --START--
INFO: [ template_filter ] --START--
INFO: Run Behavior\ContentReplaceBehavior [ RunTime:0.000054s ]
INFO: [ template_filter ] --END-- [ RunTime:0.000152s ]
INFO: Run Behavior\ParseTemplateBehavior [ RunTime:0.083432s ]
INFO: [ view_parse ] --END-- [ RunTime:0.083559s ]
INFO: [ view_filter ] --START--
INFO: Run Behavior\WriteHtmlCacheBehavior [ RunTime:0.000778s ]
INFO: [ view_filter ] --END-- [ RunTime:0.000877s ]
INFO: [ app_end ] --START--
INFO: Run Behavior\ShowPageTraceBehavior [ RunTime:0.001756s ]
INFO: [ app_end ] --END-- [ RunTime:0.002003s ]

[ 2018-11-21T19:15:20+08:00 ] 127.0.0.1 /secondhand/Admin/user/login.html
INFO: [ app_init ] --START--
INFO: Run Behavior\BuildLiteBehavior [ RunTime:0.000105s ]
INFO: [ app_init ] --END-- [ RunTime:0.001624s ]
INFO: [ app_begin ] --START--
INFO: Run Behavior\ReadHtmlCacheBehavior [ RunTime:0.001924s ]
INFO: [ app_begin ] --END-- [ RunTime:0.002202s ]
INFO: [ view_parse ] --START--
INFO: [ template_filter ] --START--
INFO: Run Behavior\ContentReplaceBehavior [ RunTime:0.000181s ]
INFO: [ template_filter ] --END-- [ RunTime:0.000391s ]
INFO: Run Behavior\ParseTemplateBehavior [ RunTime:0.031229s ]
INFO: [ view_parse ] --END-- [ RunTime:0.031605s ]
INFO: [ view_filter ] --START--
INFO: Run Behavior\WriteHtmlCacheBehavior [ RunTime:0.001391s ]
INFO: [ view_filter ] --END-- [ RunTime:0.001671s ]
INFO: [ app_end ] --START--
INFO: Run Behavior\ShowPageTraceBehavior [ RunTime:0.002109s ]
INFO: [ app_end ] --END-- [ RunTime:0.002339s ]

[ 2018-11-21T19:16:25+08:00 ] 127.0.0.1 /secondhand/Admin/User/login.html
INFO: [ app_init ] --START--
INFO: Run Behavior\BuildLiteBehavior [ RunTime:0.000042s ]
INFO: [ app_init ] --END-- [ RunTime:0.001137s ]
INFO: [ app_begin ] --START--
INFO: Run Behavior\ReadHtmlCacheBehavior [ RunTime:0.001537s ]
INFO: [ app_begin ] --END-- [ RunTime:0.001717s ]
SQL: SHOW COLUMNS FROM `user` [ RunTime:0.1520s ]
SQL: SELECT * FROM `user` WHERE `user_name` = 'admin' LIMIT 1   [ RunTime:0.0012s ]
INFO: [ view_parse ] --START--
INFO: [ template_filter ] --START--
INFO: Run Behavior\ContentReplaceBehavior [ RunTime:0.000232s ]
INFO: [ template_filter ] --END-- [ RunTime:0.000629s ]
INFO: Run Behavior\ParseTemplateBehavior [ RunTime:0.017178s ]
INFO: [ view_parse ] --END-- [ RunTime:0.017519s ]
INFO: [ view_filter ] --START--
INFO: Run Behavior\WriteHtmlCacheBehavior [ RunTime:0.001483s ]
INFO: [ view_filter ] --END-- [ RunTime:0.001827s ]
INFO: [ view_parse ] --START--
INFO: [ template_filter ] --START--
INFO: Run Behavior\ContentReplaceBehavior [ RunTime:0.000194s ]
INFO: [ template_filter ] --END-- [ RunTime:-0.010150s ]
INFO: Run Behavior\ParseTemplateBehavior [ RunTime:0.007223s ]
INFO: [ view_parse ] --END-- [ RunTime:-0.003156s ]
INFO: [ view_filter ] --START--
INFO: Run Behavior\WriteHtmlCacheBehavior [ RunTime:0.000109s ]
INFO: [ view_filter ] --END-- [ RunTime:-0.009016s ]
INFO: [ app_end ] --START--
INFO: Run Behavior\ShowPageTraceBehavior [ RunTime:0.004189s ]
INFO: [ app_end ] --END-- [ RunTime:0.005564s ]

[ 2018-11-21T19:16:26+08:00 ] 127.0.0.1 /secondhand/Admin/index/index.html
INFO: [ app_init ] --START--
INFO: Run Behavior\BuildLiteBehavior [ RunTime:0.000041s ]
INFO: [ app_init ] --END-- [ RunTime:0.003430s ]
INFO: [ app_begin ] --START--
INFO: Run Behavior\ReadHtmlCacheBehavior [ RunTime:0.002120s ]
INFO: [ app_begin ] --END-- [ RunTime:0.002566s ]
INFO: [ view_parse ] --START--
INFO: [ template_filter ] --START--
INFO: Run Behavior\ContentReplaceBehavior [ RunTime:0.000360s ]
INFO: [ template_filter ] --END-- [ RunTime:0.000840s ]
INFO: Run Behavior\ParseTemplateBehavior [ RunTime:0.042636s ]
INFO: [ view_parse ] --END-- [ RunTime:0.042904s ]
INFO: [ view_filter ] --START--
INFO: Run Behavior\WriteHtmlCacheBehavior [ RunTime:0.001620s ]
INFO: [ view_filter ] --END-- [ RunTime:0.001966s ]
INFO: [ app_end ] --START--
INFO: Run Behavior\ShowPageTraceBehavior [ RunTime:0.001970s ]
INFO: [ app_end ] --END-- [ RunTime:0.002294s ]

[ 2018-11-21T19:16:28+08:00 ] 127.0.0.1 /secondhand/Admin/Index/info.html?_=1542798987925
INFO: [ app_init ] --START--
INFO: Run Behavior\BuildLiteBehavior [ RunTime:0.000054s ]
INFO: [ app_init ] --END-- [ RunTime:0.001397s ]
INFO: [ app_begin ] --START--
INFO: Run Behavior\ReadHtmlCacheBehavior [ RunTime:0.001827s ]
INFO: [ app_begin ] --END-- [ RunTime:0.002213s ]
INFO: [ view_parse ] --START--
INFO: [ template_filter ] --START--
INFO: Run Behavior\ContentReplaceBehavior [ RunTime:0.000098s ]
INFO: [ template_filter ] --END-- [ RunTime:0.000243s ]
NOTIC: [2] Use of undefined constant MYSQL_VERSION - assumed 'MYSQL_VERSION' (this will throw an Error in a future version of PHP) E:\php\secondhand\Application\Runtime\Cache\Admin\b396789e55b9c1c0001fb86b29923477.php 第 45 行.
NOTIC: [2] Use of undefined constant WWWROOT - assumed 'WWWROOT' (this will throw an Error in a future version of PHP) E:\php\secondhand\Application\Runtime\Cache\Admin\b396789e55b9c1c0001fb86b29923477.php 第 69 行.
INFO: Run Behavior\ParseTemplateBehavior [ RunTime:0.047084s ]
INFO: [ view_parse ] --END-- [ RunTime:0.047289s ]
INFO: [ view_filter ] --START--
INFO: Run Behavior\WriteHtmlCacheBehavior [ RunTime:0.005063s ]
INFO: [ view_filter ] --END-- [ RunTime:0.005424s ]
INFO: [ app_end ] --START--
INFO: Run Behavior\ShowPageTraceBehavior [ RunTime:0.006628s ]
INFO: [ app_end ] --END-- [ RunTime:0.006891s ]

[ 2018-11-21T19:16:28+08:00 ] 127.0.0.1 /secondhand/Admin/Index/getTree
INFO: [ app_init ] --START--
INFO: Run Behavior\BuildLiteBehavior [ RunTime:0.000087s ]
INFO: [ app_init ] --END-- [ RunTime:0.001554s ]
INFO: [ app_begin ] --START--
INFO: Run Behavior\ReadHtmlCacheBehavior [ RunTime:0.002358s ]
INFO: [ app_begin ] --END-- [ RunTime:0.002629s ]
SQL: SHOW COLUMNS FROM `admin_nav` [ RunTime:0.0597s ]
SQL: SELECT * FROM `admin_nav` WHERE ( pid=0 )  [ RunTime:0.0011s ]

[ 2018-11-21T19:16:30+08:00 ] 127.0.0.1 /secondhand/Admin/Index/getTree
INFO: [ app_init ] --START--
INFO: Run Behavior\BuildLiteBehavior [ RunTime:0.000114s ]
INFO: [ app_init ] --END-- [ RunTime:0.001556s ]
INFO: [ app_begin ] --START--
INFO: Run Behavior\ReadHtmlCacheBehavior [ RunTime:0.001632s ]
INFO: [ app_begin ] --END-- [ RunTime:0.001865s ]
SQL: SHOW COLUMNS FROM `admin_nav` [ RunTime:0.0622s ]
SQL: SELECT * FROM `admin_nav` WHERE ( pid=1 )  [ RunTime:0.0008s ]

[ 2018-11-21T19:16:31+08:00 ] 127.0.0.1 /secondhand/Admin/Goods/goodsadd?_=1542798991764
INFO: [ app_init ] --START--
INFO: Run Behavior\BuildLiteBehavior [ RunTime:0.000038s ]
INFO: [ app_init ] --END-- [ RunTime:0.001722s ]
INFO: [ app_begin ] --START--
INFO: Run Behavior\ReadHtmlCacheBehavior [ RunTime:0.002133s ]
INFO: [ app_begin ] --END-- [ RunTime:0.002501s ]
SQL: SHOW COLUMNS FROM `goods` [ RunTime:0.0091s ]
INFO: [ view_parse ] --START--
INFO: [ template_filter ] --START--
INFO: Run Behavior\ContentReplaceBehavior [ RunTime:0.000100s ]
INFO: [ template_filter ] --END-- [ RunTime:0.000200s ]
INFO: Run Behavior\ParseTemplateBehavior [ RunTime:0.019486s ]
INFO: [ view_parse ] --END-- [ RunTime:0.019699s ]
INFO: [ view_filter ] --START--
INFO: Run Behavior\WriteHtmlCacheBehavior [ RunTime:0.000958s ]
INFO: [ view_filter ] --END-- [ RunTime:0.001051s ]
INFO: [ app_end ] --START--
INFO: Run Behavior\ShowPageTraceBehavior [ RunTime:0.001853s ]
INFO: [ app_end ] --END-- [ RunTime:0.002159s ]

[ 2018-11-21T19:16:32+08:00 ] 127.0.0.1 /secondhand/Admin/Goods/getCatid
INFO: [ app_init ] --START--
INFO: Run Behavior\BuildLiteBehavior [ RunTime:0.000042s ]
INFO: [ app_init ] --END-- [ RunTime:0.001241s ]
INFO: [ app_begin ] --START--
INFO: Run Behavior\ReadHtmlCacheBehavior [ RunTime:0.003317s ]
INFO: [ app_begin ] --END-- [ RunTime:0.003607s ]
SQL: SHOW COLUMNS FROM `goods` [ RunTime:0.0083s ]
SQL: SHOW COLUMNS FROM `goods_cat` [ RunTime:0.0520s ]
SQL: SELECT * FROM `goods_cat`  [ RunTime:0.0359s ]

[ 2018-11-21T19:16:33+08:00 ] 127.0.0.1 /secondhand/Admin/Index/liebiao?_=1542798992966
INFO: [ app_init ] --START--
INFO: Run Behavior\BuildLiteBehavior [ RunTime:0.000086s ]
INFO: [ app_init ] --END-- [ RunTime:0.001480s ]
INFO: [ app_begin ] --START--
INFO: Run Behavior\ReadHtmlCacheBehavior [ RunTime:0.001883s ]
INFO: [ app_begin ] --END-- [ RunTime:0.002198s ]
INFO: [ view_parse ] --START--
INFO: [ template_filter ] --START--
INFO: Run Behavior\ContentReplaceBehavior [ RunTime:0.000168s ]
INFO: [ template_filter ] --END-- [ RunTime:0.000351s ]
INFO: Run Behavior\ParseTemplateBehavior [ RunTime:0.053441s ]
INFO: [ view_parse ] --END-- [ RunTime:0.053601s ]
INFO: [ view_filter ] --START--
INFO: Run Behavior\WriteHtmlCacheBehavior [ RunTime:0.001414s ]
INFO: [ view_filter ] --END-- [ RunTime:0.001779s ]
INFO: [ app_end ] --START--
INFO: Run Behavior\ShowPageTraceBehavior [ RunTime:0.004166s ]
INFO: [ app_end ] --END-- [ RunTime:0.004437s ]

[ 2018-11-21T19:16:33+08:00 ] 127.0.0.1 /secondhand/Admin/Index/getLiebiao
INFO: [ app_init ] --START--
INFO: Run Behavior\BuildLiteBehavior [ RunTime:0.000062s ]
INFO: [ app_init ] --END-- [ RunTime:0.001289s ]
INFO: [ app_begin ] --START--
INFO: Run Behavior\ReadHtmlCacheBehavior [ RunTime:0.001625s ]
INFO: [ app_begin ] --END-- [ RunTime:0.001779s ]
SQL: SHOW COLUMNS FROM `goods` [ RunTime:0.0227s ]
NOTIC: [8] Undefined variable: where E:\php\secondhand\Application\Admin\Controller\IndexController.class.php 第 168 行.
SQL: SELECT COUNT(*) AS tp_count FROM `goods` LIMIT 1   [ RunTime:0.0006s ]
NOTIC: [8] Undefined variable: where E:\php\secondhand\Application\Admin\Controller\IndexController.class.php 第 173 行.
SQL: SELECT * FROM `goods` LIMIT 0,10   [ RunTime:0.0011s ]

[ 2018-11-21T19:16:34+08:00 ] 127.0.0.1 /secondhand/Admin/Index/getLiebiao
INFO: [ app_init ] --START--
INFO: Run Behavior\BuildLiteBehavior [ RunTime:0.000085s ]
INFO: [ app_init ] --END-- [ RunTime:0.001636s ]
INFO: [ app_begin ] --START--
INFO: Run Behavior\ReadHtmlCacheBehavior [ RunTime:0.001845s ]
INFO: [ app_begin ] --END-- [ RunTime:0.002168s ]
SQL: SHOW COLUMNS FROM `goods` [ RunTime:0.1194s ]
NOTIC: [8] Undefined variable: where E:\php\secondhand\Application\Admin\Controller\IndexController.class.php 第 168 行.
SQL: SELECT COUNT(*) AS tp_count FROM `goods` LIMIT 1   [ RunTime:0.0008s ]
NOTIC: [8] Undefined variable: where E:\php\secondhand\Application\Admin\Controller\IndexController.class.php 第 173 行.
SQL: SELECT * FROM `goods` LIMIT 0,10   [ RunTime:0.0015s ]

[ 2018-11-21T19:17:07+08:00 ] 127.0.0.1 /secondhand/Admin/Index/getLiebiao
INFO: [ app_init ] --START--
INFO: Run Behavior\BuildLiteBehavior [ RunTime:0.000040s ]
INFO: [ app_init ] --END-- [ RunTime:0.001150s ]
INFO: [ app_begin ] --START--
INFO: Run Behavior\ReadHtmlCacheBehavior [ RunTime:0.002022s ]
INFO: [ app_begin ] --END-- [ RunTime:0.002185s ]
SQL: SHOW COLUMNS FROM `goods` [ RunTime:0.0077s ]
NOTIC: [8] Undefined variable: where E:\php\secondhand\Application\Admin\Controller\IndexController.class.php 第 168 行.
SQL: SELECT COUNT(*) AS tp_count FROM `goods` LIMIT 1   [ RunTime:0.0007s ]
NOTIC: [8] Undefined variable: where E:\php\secondhand\Application\Admin\Controller\IndexController.class.php 第 173 行.
SQL: SELECT * FROM `goods` LIMIT 10,10   [ RunTime:0.0013s ]

[ 2018-11-21T19:17:10+08:00 ] 127.0.0.1 /secondhand/Admin/Index/getLiebiao
INFO: [ app_init ] --START--
INFO: Run Behavior\BuildLiteBehavior [ RunTime:0.000100s ]
INFO: [ app_init ] --END-- [ RunTime:0.002730s ]
INFO: [ app_begin ] --START--
INFO: Run Behavior\ReadHtmlCacheBehavior [ RunTime:0.001615s ]
INFO: [ app_begin ] --END-- [ RunTime:0.001785s ]
SQL: SHOW COLUMNS FROM `goods` [ RunTime:0.0744s ]
NOTIC: [8] Undefined variable: where E:\php\secondhand\Application\Admin\Controller\IndexController.class.php 第 168 行.
SQL: SELECT COUNT(*) AS tp_count FROM `goods` LIMIT 1   [ RunTime:0.0004s ]
NOTIC: [8] Undefined variable: where E:\php\secondhand\Application\Admin\Controller\IndexController.class.php 第 173 行.
SQL: SELECT * FROM `goods` LIMIT 0,10   [ RunTime:0.0008s ]

[ 2018-11-21T19:23:56+08:00 ] 127.0.0.1 /secondhand/Admin/Index/getTree
INFO: [ app_init ] --START--
INFO: Run Behavior\BuildLiteBehavior [ RunTime:0.000024s ]
INFO: [ app_init ] --END-- [ RunTime:0.000828s ]
INFO: [ app_begin ] --START--
INFO: Run Behavior\ReadHtmlCacheBehavior [ RunTime:0.001215s ]
INFO: [ app_begin ] --END-- [ RunTime:0.001302s ]
SQL: SHOW COLUMNS FROM `admin_nav` [ RunTime:0.0138s ]
SQL: SELECT * FROM `admin_nav` WHERE ( pid=9 )  [ RunTime:0.0006s ]

[ 2018-11-21T19:23:57+08:00 ] 127.0.0.1 /secondhand/Admin/Index/order?_=1542799437006
INFO: [ app_init ] --START--
INFO: Run Behavior\BuildLiteBehavior [ RunTime:0.000034s ]
INFO: [ app_init ] --END-- [ RunTime:0.000799s ]
INFO: [ app_begin ] --START--
INFO: Run Behavior\ReadHtmlCacheBehavior [ RunTime:0.001174s ]
INFO: [ app_begin ] --END-- [ RunTime:0.001264s ]
INFO: [ view_parse ] --START--
INFO: [ template_filter ] --START--
INFO: Run Behavior\ContentReplaceBehavior [ RunTime:0.000153s ]
INFO: [ template_filter ] --END-- [ RunTime:0.000301s ]
INFO: Run Behavior\ParseTemplateBehavior [ RunTime:0.038978s ]
INFO: [ view_parse ] --END-- [ RunTime:0.039070s ]
INFO: [ view_filter ] --START--
INFO: Run Behavior\WriteHtmlCacheBehavior [ RunTime:0.001122s ]
INFO: [ view_filter ] --END-- [ RunTime:0.001207s ]
INFO: [ app_end ] --START--
INFO: Run Behavior\ShowPageTraceBehavior [ RunTime:0.001840s ]
INFO: [ app_end ] --END-- [ RunTime:0.001991s ]

[ 2018-11-21T19:23:57+08:00 ] 127.0.0.1 /secondhand/Admin/Index/getOrder
INFO: [ app_init ] --START--
INFO: Run Behavior\BuildLiteBehavior [ RunTime:0.000041s ]
INFO: [ app_init ] --END-- [ RunTime:0.001186s ]
INFO: [ app_begin ] --START--
INFO: Run Behavior\ReadHtmlCacheBehavior [ RunTime:0.001529s ]
INFO: [ app_begin ] --END-- [ RunTime:0.001691s ]
SQL: SHOW COLUMNS FROM `pay` [ RunTime:0.0465s ]
NOTIC: [8] Undefined variable: where E:\php\secondhand\Application\Admin\Controller\IndexController.class.php 第 135 行.
SQL: SELECT COUNT(*) AS tp_count FROM `pay` LIMIT 1   [ RunTime:0.0006s ]
NOTIC: [8] Undefined variable: where E:\php\secondhand\Application\Admin\Controller\IndexController.class.php 第 140 行.
SQL: SELECT * FROM `pay` LIMIT 0,10   [ RunTime:0.0006s ]

[ 2018-11-21T19:23:57+08:00 ] 127.0.0.1 /secondhand/Admin/Index/getOrder
INFO: [ app_init ] --START--
INFO: Run Behavior\BuildLiteBehavior [ RunTime:0.000026s ]
INFO: [ app_init ] --END-- [ RunTime:0.000827s ]
INFO: [ app_begin ] --START--
INFO: Run Behavior\ReadHtmlCacheBehavior [ RunTime:0.001625s ]
INFO: [ app_begin ] --END-- [ RunTime:0.001782s ]
SQL: SHOW COLUMNS FROM `pay` [ RunTime:0.0070s ]
NOTIC: [8] Undefined variable: where E:\php\secondhand\Application\Admin\Controller\IndexController.class.php 第 135 行.
SQL: SELECT COUNT(*) AS tp_count FROM `pay` LIMIT 1   [ RunTime:0.0007s ]
NOTIC: [8] Undefined variable: where E:\php\secondhand\Application\Admin\Controller\IndexController.class.php 第 140 行.
SQL: SELECT * FROM `pay` LIMIT 0,10   [ RunTime:0.0007s ]

